[0.266s] DEBUG:colcon:Command line arguments: ['/usr/bin/colcon', 'build', '--symlink-install']
[0.267s] DEBUG:colcon:Parsed command line arguments: Namespace(log_base=None, log_level=None, verb_name='build', build_base='build', install_base='install', merge_install=False, symlink_install=True, test_result_base=None, continue_on_error=False, executor='parallel', parallel_workers=4, event_handlers=None, ignore_user_meta=False, metas=['./colcon.meta'], base_paths=['.'], packages_ignore=None, packages_ignore_regex=None, paths=None, packages_up_to=None, packages_up_to_regex=None, packages_above=None, packages_above_and_dependencies=None, packages_above_depth=None, packages_select_by_dep=None, packages_skip_by_dep=None, packages_skip_up_to=None, packages_select_build_failed=False, packages_skip_build_finished=False, packages_select_test_failures=False, packages_skip_test_passed=False, packages_select=None, packages_skip=None, packages_select_regex=None, packages_skip_regex=None, packages_start=None, packages_end=None, allow_overriding=[], cmake_args=None, cmake_target=None, cmake_target_skip_unavailable=False, cmake_clean_cache=False, cmake_clean_first=False, cmake_force_configure=False, ament_cmake_args=None, catkin_cmake_args=None, catkin_skip_building_tests=False, mixin_files=None, mixin=None, verb_parser=<colcon_mixin.mixin.mixin_argument.MixinArgumentDecorator object at 0x77bdc6732080>, verb_extension=<colcon_core.verb.build.BuildVerb object at 0x77bdc67319f0>, main=<bound method BuildVerb.main of <colcon_core.verb.build.BuildVerb object at 0x77bdc67319f0>>, mixin_verb=('build',))
[0.755s] Level 1:colcon.colcon_core.package_discovery:discover_packages(colcon_meta) check parameters
[0.756s] Level 1:colcon.colcon_core.package_discovery:discover_packages(recursive) check parameters
[0.756s] Level 1:colcon.colcon_core.package_discovery:discover_packages(ignore) check parameters
[0.757s] Level 1:colcon.colcon_core.package_discovery:discover_packages(path) check parameters
[0.757s] Level 1:colcon.colcon_core.package_discovery:discover_packages(colcon_meta) discover
[0.758s] Level 1:colcon.colcon_core.package_discovery:discover_packages(recursive) discover
[0.758s] INFO:colcon.colcon_core.package_discovery:Crawling recursively for packages in '/home/mohamed/ws'
[0.759s] Level 1:colcon.colcon_core.package_identification:_identify(.) by extensions ['ignore', 'ignore_ament_install']
[0.759s] Level 1:colcon.colcon_core.package_identification:_identify(.) by extension 'ignore'
[0.759s] Level 1:colcon.colcon_core.package_identification:_identify(.) by extension 'ignore_ament_install'
[0.760s] Level 1:colcon.colcon_core.package_identification:_identify(.) by extensions ['colcon_pkg']
[0.760s] Level 1:colcon.colcon_core.package_identification:_identify(.) by extension 'colcon_pkg'
[0.761s] Level 1:colcon.colcon_core.package_identification:_identify(.) by extensions ['colcon_meta']
[0.761s] Level 1:colcon.colcon_core.package_identification:_identify(.) by extension 'colcon_meta'
[0.761s] Level 1:colcon.colcon_core.package_identification:_identify(.) by extensions ['ros']
[0.762s] Level 1:colcon.colcon_core.package_identification:_identify(.) by extension 'ros'
[0.792s] Level 1:colcon.colcon_core.package_identification:_identify(.) by extensions ['cmake', 'python']
[0.792s] Level 1:colcon.colcon_core.package_identification:_identify(.) by extension 'cmake'
[0.792s] Level 1:colcon.colcon_core.package_identification:_identify(.) by extension 'python'
[0.792s] Level 1:colcon.colcon_core.package_identification:_identify(.) by extensions ['python_setup_py']
[0.792s] Level 1:colcon.colcon_core.package_identification:_identify(.) by extension 'python_setup_py'
[0.793s] Level 1:colcon.colcon_core.package_identification:_identify(build) by extensions ['ignore', 'ignore_ament_install']
[0.793s] Level 1:colcon.colcon_core.package_identification:_identify(build) by extension 'ignore'
[0.793s] Level 1:colcon.colcon_core.package_identification:_identify(build) ignored
[0.793s] Level 1:colcon.colcon_core.package_identification:_identify(install) by extensions ['ignore', 'ignore_ament_install']
[0.793s] Level 1:colcon.colcon_core.package_identification:_identify(install) by extension 'ignore'
[0.793s] Level 1:colcon.colcon_core.package_identification:_identify(install) ignored
[0.794s] Level 1:colcon.colcon_core.package_identification:_identify(log) by extensions ['ignore', 'ignore_ament_install']
[0.794s] Level 1:colcon.colcon_core.package_identification:_identify(log) by extension 'ignore'
[0.794s] Level 1:colcon.colcon_core.package_identification:_identify(log) ignored
[0.794s] Level 1:colcon.colcon_core.package_identification:_identify(src) by extensions ['ignore', 'ignore_ament_install']
[0.794s] Level 1:colcon.colcon_core.package_identification:_identify(src) by extension 'ignore'
[0.794s] Level 1:colcon.colcon_core.package_identification:_identify(src) by extension 'ignore_ament_install'
[0.794s] Level 1:colcon.colcon_core.package_identification:_identify(src) by extensions ['colcon_pkg']
[0.794s] Level 1:colcon.colcon_core.package_identification:_identify(src) by extension 'colcon_pkg'
[0.794s] Level 1:colcon.colcon_core.package_identification:_identify(src) by extensions ['colcon_meta']
[0.795s] Level 1:colcon.colcon_core.package_identification:_identify(src) by extension 'colcon_meta'
[0.795s] Level 1:colcon.colcon_core.package_identification:_identify(src) by extensions ['ros']
[0.795s] Level 1:colcon.colcon_core.package_identification:_identify(src) by extension 'ros'
[0.795s] Level 1:colcon.colcon_core.package_identification:_identify(src) by extensions ['cmake', 'python']
[0.795s] Level 1:colcon.colcon_core.package_identification:_identify(src) by extension 'cmake'
[0.795s] Level 1:colcon.colcon_core.package_identification:_identify(src) by extension 'python'
[0.795s] Level 1:colcon.colcon_core.package_identification:_identify(src) by extensions ['python_setup_py']
[0.795s] Level 1:colcon.colcon_core.package_identification:_identify(src) by extension 'python_setup_py'
[0.795s] Level 1:colcon.colcon_core.package_identification:_identify(src/articubot_one) by extensions ['ignore', 'ignore_ament_install']
[0.796s] Level 1:colcon.colcon_core.package_identification:_identify(src/articubot_one) by extension 'ignore'
[0.796s] Level 1:colcon.colcon_core.package_identification:_identify(src/articubot_one) by extension 'ignore_ament_install'
[0.796s] Level 1:colcon.colcon_core.package_identification:_identify(src/articubot_one) by extensions ['colcon_pkg']
[0.796s] Level 1:colcon.colcon_core.package_identification:_identify(src/articubot_one) by extension 'colcon_pkg'
[0.796s] Level 1:colcon.colcon_core.package_identification:_identify(src/articubot_one) by extensions ['colcon_meta']
[0.796s] Level 1:colcon.colcon_core.package_identification:_identify(src/articubot_one) by extension 'colcon_meta'
[0.796s] Level 1:colcon.colcon_core.package_identification:_identify(src/articubot_one) by extensions ['ros']
[0.796s] Level 1:colcon.colcon_core.package_identification:_identify(src/articubot_one) by extension 'ros'
[0.801s] DEBUG:colcon.colcon_core.package_identification:Package 'src/articubot_one' with type 'ros.ament_cmake' and name 'articubot_one'
[0.801s] Level 1:colcon.colcon_core.package_identification:_identify(src/diffdrive_arduino) by extensions ['ignore', 'ignore_ament_install']
[0.801s] Level 1:colcon.colcon_core.package_identification:_identify(src/diffdrive_arduino) by extension 'ignore'
[0.801s] Level 1:colcon.colcon_core.package_identification:_identify(src/diffdrive_arduino) by extension 'ignore_ament_install'
[0.801s] Level 1:colcon.colcon_core.package_identification:_identify(src/diffdrive_arduino) by extensions ['colcon_pkg']
[0.801s] Level 1:colcon.colcon_core.package_identification:_identify(src/diffdrive_arduino) by extension 'colcon_pkg'
[0.802s] Level 1:colcon.colcon_core.package_identification:_identify(src/diffdrive_arduino) by extensions ['colcon_meta']
[0.802s] Level 1:colcon.colcon_core.package_identification:_identify(src/diffdrive_arduino) by extension 'colcon_meta'
[0.802s] Level 1:colcon.colcon_core.package_identification:_identify(src/diffdrive_arduino) by extensions ['ros']
[0.802s] Level 1:colcon.colcon_core.package_identification:_identify(src/diffdrive_arduino) by extension 'ros'
[0.824s] DEBUG:colcon.colcon_core.package_identification:Package 'src/diffdrive_arduino' with type 'ros.ament_cmake' and name 'diffdrive_arduino'
[0.824s] Level 1:colcon.colcon_core.package_identification:_identify(src/serial) by extensions ['ignore', 'ignore_ament_install']
[0.824s] Level 1:colcon.colcon_core.package_identification:_identify(src/serial) by extension 'ignore'
[0.825s] Level 1:colcon.colcon_core.package_identification:_identify(src/serial) by extension 'ignore_ament_install'
[0.825s] Level 1:colcon.colcon_core.package_identification:_identify(src/serial) by extensions ['colcon_pkg']
[0.825s] Level 1:colcon.colcon_core.package_identification:_identify(src/serial) by extension 'colcon_pkg'
[0.825s] Level 1:colcon.colcon_core.package_identification:_identify(src/serial) by extensions ['colcon_meta']
[0.825s] Level 1:colcon.colcon_core.package_identification:_identify(src/serial) by extension 'colcon_meta'
[0.825s] Level 1:colcon.colcon_core.package_identification:_identify(src/serial) by extensions ['ros']
[0.825s] Level 1:colcon.colcon_core.package_identification:_identify(src/serial) by extension 'ros'
[0.826s] DEBUG:colcon.colcon_core.package_identification:Package 'src/serial' with type 'ros.ament_cmake' and name 'serial'
[0.826s] Level 1:colcon.colcon_core.package_discovery:discover_packages(recursive) using defaults
[0.827s] Level 1:colcon.colcon_core.package_discovery:discover_packages(ignore) discover
[0.827s] Level 1:colcon.colcon_core.package_discovery:discover_packages(ignore) using defaults
[0.827s] Level 1:colcon.colcon_core.package_discovery:discover_packages(path) discover
[0.827s] Level 1:colcon.colcon_core.package_discovery:discover_packages(path) using defaults
[0.875s] Level 1:colcon.colcon_core.package_discovery:discover_packages(prefix_path) check parameters
[0.875s] Level 1:colcon.colcon_core.package_discovery:discover_packages(prefix_path) discover
[0.881s] DEBUG:colcon.colcon_installed_package_information.package_discovery:Found 3 installed packages in /home/mohamed/ws/install
[0.882s] DEBUG:colcon.colcon_installed_package_information.package_discovery:Found 6 installed packages in /home/mohamed/ros2_ws/install
[0.888s] DEBUG:colcon.colcon_installed_package_information.package_discovery:Found 326 installed packages in /opt/ros/humble
[0.893s] Level 1:colcon.colcon_core.package_discovery:discover_packages(prefix_path) using defaults
[1.020s] Level 5:colcon.colcon_core.verb:set package 'articubot_one' build argument 'cmake_args' from command line to 'None'
[1.020s] Level 5:colcon.colcon_core.verb:set package 'articubot_one' build argument 'cmake_target' from command line to 'None'
[1.020s] Level 5:colcon.colcon_core.verb:set package 'articubot_one' build argument 'cmake_target_skip_unavailable' from command line to 'False'
[1.020s] Level 5:colcon.colcon_core.verb:set package 'articubot_one' build argument 'cmake_clean_cache' from command line to 'False'
[1.020s] Level 5:colcon.colcon_core.verb:set package 'articubot_one' build argument 'cmake_clean_first' from command line to 'False'
[1.021s] Level 5:colcon.colcon_core.verb:set package 'articubot_one' build argument 'cmake_force_configure' from command line to 'False'
[1.021s] Level 5:colcon.colcon_core.verb:set package 'articubot_one' build argument 'ament_cmake_args' from command line to 'None'
[1.021s] Level 5:colcon.colcon_core.verb:set package 'articubot_one' build argument 'catkin_cmake_args' from command line to 'None'
[1.021s] Level 5:colcon.colcon_core.verb:set package 'articubot_one' build argument 'catkin_skip_building_tests' from command line to 'False'
[1.021s] DEBUG:colcon.colcon_core.verb:Building package 'articubot_one' with the following arguments: {'ament_cmake_args': None, 'build_base': '/home/mohamed/ws/build/articubot_one', 'catkin_cmake_args': None, 'catkin_skip_building_tests': False, 'cmake_args': None, 'cmake_clean_cache': False, 'cmake_clean_first': False, 'cmake_force_configure': False, 'cmake_target': None, 'cmake_target_skip_unavailable': False, 'install_base': '/home/mohamed/ws/install/articubot_one', 'merge_install': False, 'path': '/home/mohamed/ws/src/articubot_one', 'symlink_install': True, 'test_result_base': None}
[1.022s] Level 5:colcon.colcon_core.verb:set package 'serial' build argument 'cmake_args' from command line to 'None'
[1.022s] Level 5:colcon.colcon_core.verb:set package 'serial' build argument 'cmake_target' from command line to 'None'
[1.022s] Level 5:colcon.colcon_core.verb:set package 'serial' build argument 'cmake_target_skip_unavailable' from command line to 'False'
[1.022s] Level 5:colcon.colcon_core.verb:set package 'serial' build argument 'cmake_clean_cache' from command line to 'False'
[1.022s] Level 5:colcon.colcon_core.verb:set package 'serial' build argument 'cmake_clean_first' from command line to 'False'
[1.022s] Level 5:colcon.colcon_core.verb:set package 'serial' build argument 'cmake_force_configure' from command line to 'False'
[1.022s] Level 5:colcon.colcon_core.verb:set package 'serial' build argument 'ament_cmake_args' from command line to 'None'
[1.022s] Level 5:colcon.colcon_core.verb:set package 'serial' build argument 'catkin_cmake_args' from command line to 'None'
[1.022s] Level 5:colcon.colcon_core.verb:set package 'serial' build argument 'catkin_skip_building_tests' from command line to 'False'
[1.022s] DEBUG:colcon.colcon_core.verb:Building package 'serial' with the following arguments: {'ament_cmake_args': None, 'build_base': '/home/mohamed/ws/build/serial', 'catkin_cmake_args': None, 'catkin_skip_building_tests': False, 'cmake_args': None, 'cmake_clean_cache': False, 'cmake_clean_first': False, 'cmake_force_configure': False, 'cmake_target': None, 'cmake_target_skip_unavailable': False, 'install_base': '/home/mohamed/ws/install/serial', 'merge_install': False, 'path': '/home/mohamed/ws/src/serial', 'symlink_install': True, 'test_result_base': None}
[1.023s] Level 5:colcon.colcon_core.verb:set package 'diffdrive_arduino' build argument 'cmake_args' from command line to 'None'
[1.024s] Level 5:colcon.colcon_core.verb:set package 'diffdrive_arduino' build argument 'cmake_target' from command line to 'None'
[1.024s] Level 5:colcon.colcon_core.verb:set package 'diffdrive_arduino' build argument 'cmake_target_skip_unavailable' from command line to 'False'
[1.024s] Level 5:colcon.colcon_core.verb:set package 'diffdrive_arduino' build argument 'cmake_clean_cache' from command line to 'False'
[1.024s] Level 5:colcon.colcon_core.verb:set package 'diffdrive_arduino' build argument 'cmake_clean_first' from command line to 'False'
[1.024s] Level 5:colcon.colcon_core.verb:set package 'diffdrive_arduino' build argument 'cmake_force_configure' from command line to 'False'
[1.024s] Level 5:colcon.colcon_core.verb:set package 'diffdrive_arduino' build argument 'ament_cmake_args' from command line to 'None'
[1.024s] Level 5:colcon.colcon_core.verb:set package 'diffdrive_arduino' build argument 'catkin_cmake_args' from command line to 'None'
[1.024s] Level 5:colcon.colcon_core.verb:set package 'diffdrive_arduino' build argument 'catkin_skip_building_tests' from command line to 'False'
[1.024s] DEBUG:colcon.colcon_core.verb:Building package 'diffdrive_arduino' with the following arguments: {'ament_cmake_args': None, 'build_base': '/home/mohamed/ws/build/diffdrive_arduino', 'catkin_cmake_args': None, 'catkin_skip_building_tests': False, 'cmake_args': None, 'cmake_clean_cache': False, 'cmake_clean_first': False, 'cmake_force_configure': False, 'cmake_target': None, 'cmake_target_skip_unavailable': False, 'install_base': '/home/mohamed/ws/install/diffdrive_arduino', 'merge_install': False, 'path': '/home/mohamed/ws/src/diffdrive_arduino', 'symlink_install': True, 'test_result_base': None}
[1.024s] INFO:colcon.colcon_core.executor:Executing jobs using 'parallel' executor
[1.026s] DEBUG:colcon.colcon_parallel_executor.executor.parallel:run_until_complete
[1.027s] INFO:colcon.colcon_ros.task.ament_cmake.build:Building ROS package in '/home/mohamed/ws/src/serial' with build type 'ament_cmake'
[1.027s] INFO:colcon.colcon_cmake.task.cmake.build:Building CMake package in '/home/mohamed/ws/src/serial'
[1.031s] INFO:colcon.colcon_core.plugin_system:Skipping extension 'colcon_core.shell.bat': Not used on non-Windows systems
[1.031s] INFO:colcon.colcon_core.shell:Skip shell extension 'powershell' for command environment: Not usable outside of PowerShell
[1.032s] DEBUG:colcon.colcon_core.shell:Skip shell extension 'dsv' for command environment
[1.042s] INFO:colcon.colcon_ros.task.ament_cmake.build:Building ROS package in '/home/mohamed/ws/src/articubot_one' with build type 'ament_cmake'
[1.042s] INFO:colcon.colcon_cmake.task.cmake.build:Building CMake package in '/home/mohamed/ws/src/articubot_one'
[1.043s] INFO:colcon.colcon_core.shell:Skip shell extension 'powershell' for command environment: Not usable outside of PowerShell
[1.043s] DEBUG:colcon.colcon_core.shell:Skip shell extension 'dsv' for command environment
[1.072s] DEBUG:colcon.colcon_core.event_handler.log_command:Invoking command in '/home/mohamed/ws/build/serial': CMAKE_PREFIX_PATH=${CMAKE_PREFIX_PATH}:/home/mohamed/ros2_ws/install/serial_motor_demo:/opt/ros/humble /usr/bin/cmake --build /home/mohamed/ws/build/serial -- -j4 -l4
[1.094s] DEBUG:colcon.colcon_core.event_handler.log_command:Invoking command in '/home/mohamed/ws/build/articubot_one': CMAKE_PREFIX_PATH=${CMAKE_PREFIX_PATH}:/home/mohamed/ros2_ws/install/serial_motor_demo:/opt/ros/humble /usr/bin/cmake --build /home/mohamed/ws/build/articubot_one -- -j4 -l4
[1.206s] DEBUG:colcon.colcon_core.event_handler.log_command:Invoked command in '/home/mohamed/ws/build/articubot_one' returned '0': CMAKE_PREFIX_PATH=${CMAKE_PREFIX_PATH}:/home/mohamed/ros2_ws/install/serial_motor_demo:/opt/ros/humble /usr/bin/cmake --build /home/mohamed/ws/build/articubot_one -- -j4 -l4
[1.307s] DEBUG:colcon.colcon_core.event_handler.log_command:Invoking command in '/home/mohamed/ws/build/articubot_one': CMAKE_PREFIX_PATH=${CMAKE_PREFIX_PATH}:/home/mohamed/ros2_ws/install/serial_motor_demo:/opt/ros/humble /usr/bin/cmake --install /home/mohamed/ws/build/articubot_one
[1.342s] DEBUG:colcon.colcon_core.event_handler.log_command:Invoked command in '/home/mohamed/ws/build/serial' returned '0': CMAKE_PREFIX_PATH=${CMAKE_PREFIX_PATH}:/home/mohamed/ros2_ws/install/serial_motor_demo:/opt/ros/humble /usr/bin/cmake --build /home/mohamed/ws/build/serial -- -j4 -l4
[1.440s] DEBUG:colcon.colcon_core.event_handler.log_command:Invoking command in '/home/mohamed/ws/build/serial': CMAKE_PREFIX_PATH=${CMAKE_PREFIX_PATH}:/home/mohamed/ros2_ws/install/serial_motor_demo:/opt/ros/humble /usr/bin/cmake --install /home/mohamed/ws/build/serial
[1.502s] Level 1:colcon.colcon_core.environment:create_environment_scripts_only(serial)
[1.503s] DEBUG:colcon.colcon_core.event_handler.log_command:Invoked command in '/home/mohamed/ws/build/serial' returned '0': CMAKE_PREFIX_PATH=${CMAKE_PREFIX_PATH}:/home/mohamed/ros2_ws/install/serial_motor_demo:/opt/ros/humble /usr/bin/cmake --install /home/mohamed/ws/build/serial
[1.508s] Level 1:colcon.colcon_core.environment:checking '/home/mohamed/ws/install/serial' for CMake module files
[1.509s] Level 1:colcon.colcon_core.environment:checking '/home/mohamed/ws/install/serial' for CMake config files
[1.509s] Level 1:colcon.colcon_core.shell:create_environment_hook('serial', 'cmake_prefix_path')
[1.511s] INFO:colcon.colcon_core.shell:Creating environment hook '/home/mohamed/ws/install/serial/share/serial/hook/cmake_prefix_path.ps1'
[1.512s] INFO:colcon.colcon_core.shell:Creating environment descriptor '/home/mohamed/ws/install/serial/share/serial/hook/cmake_prefix_path.dsv'
[1.513s] INFO:colcon.colcon_core.shell:Creating environment hook '/home/mohamed/ws/install/serial/share/serial/hook/cmake_prefix_path.sh'
[1.515s] Level 1:colcon.colcon_core.environment:checking '/home/mohamed/ws/install/serial/lib'
[1.516s] Level 1:colcon.colcon_core.environment:checking '/home/mohamed/ws/install/serial/bin'
[1.516s] Level 1:colcon.colcon_core.environment:checking '/home/mohamed/ws/install/serial/lib/pkgconfig/serial.pc'
[1.516s] Level 1:colcon.colcon_core.environment:checking '/home/mohamed/ws/install/serial/lib/python3.10/site-packages'
[1.517s] Level 1:colcon.colcon_core.environment:checking '/home/mohamed/ws/install/serial/bin'
[1.518s] INFO:colcon.colcon_core.shell:Creating package script '/home/mohamed/ws/install/serial/share/serial/package.ps1'
[1.519s] INFO:colcon.colcon_core.shell:Creating package descriptor '/home/mohamed/ws/install/serial/share/serial/package.dsv'
[1.521s] INFO:colcon.colcon_core.shell:Creating package script '/home/mohamed/ws/install/serial/share/serial/package.sh'
[1.522s] INFO:colcon.colcon_core.shell:Creating package script '/home/mohamed/ws/install/serial/share/serial/package.bash'
[1.524s] INFO:colcon.colcon_core.shell:Creating package script '/home/mohamed/ws/install/serial/share/serial/package.zsh'
[1.526s] Level 1:colcon.colcon_core.environment:create_file_with_runtime_dependencies(/home/mohamed/ws/install/serial/share/colcon-core/packages/serial)
[1.622s] Level 1:colcon.colcon_core.environment:create_environment_scripts_only(serial)
[1.623s] Level 1:colcon.colcon_core.environment:checking '/home/mohamed/ws/install/serial' for CMake module files
[1.624s] Level 1:colcon.colcon_core.environment:checking '/home/mohamed/ws/install/serial' for CMake config files
[1.624s] Level 1:colcon.colcon_core.shell:create_environment_hook('serial', 'cmake_prefix_path')
[1.625s] INFO:colcon.colcon_core.shell:Creating environment hook '/home/mohamed/ws/install/serial/share/serial/hook/cmake_prefix_path.ps1'
[1.626s] INFO:colcon.colcon_core.shell:Creating environment descriptor '/home/mohamed/ws/install/serial/share/serial/hook/cmake_prefix_path.dsv'
[1.626s] INFO:colcon.colcon_core.shell:Creating environment hook '/home/mohamed/ws/install/serial/share/serial/hook/cmake_prefix_path.sh'
[1.627s] Level 1:colcon.colcon_core.environment:checking '/home/mohamed/ws/install/serial/lib'
[1.628s] Level 1:colcon.colcon_core.environment:checking '/home/mohamed/ws/install/serial/bin'
[1.628s] Level 1:colcon.colcon_core.environment:checking '/home/mohamed/ws/install/serial/lib/pkgconfig/serial.pc'
[1.628s] Level 1:colcon.colcon_core.environment:checking '/home/mohamed/ws/install/serial/lib/python3.10/site-packages'
[1.628s] Level 1:colcon.colcon_core.environment:checking '/home/mohamed/ws/install/serial/bin'
[1.629s] INFO:colcon.colcon_core.shell:Creating package script '/home/mohamed/ws/install/serial/share/serial/package.ps1'
[1.630s] INFO:colcon.colcon_core.shell:Creating package descriptor '/home/mohamed/ws/install/serial/share/serial/package.dsv'
[1.631s] INFO:colcon.colcon_core.shell:Creating package script '/home/mohamed/ws/install/serial/share/serial/package.sh'
[1.631s] INFO:colcon.colcon_core.shell:Creating package script '/home/mohamed/ws/install/serial/share/serial/package.bash'
[1.632s] INFO:colcon.colcon_core.shell:Creating package script '/home/mohamed/ws/install/serial/share/serial/package.zsh'
[1.633s] Level 1:colcon.colcon_core.environment:create_file_with_runtime_dependencies(/home/mohamed/ws/install/serial/share/colcon-core/packages/serial)
[1.633s] INFO:colcon.colcon_ros.task.ament_cmake.build:Building ROS package in '/home/mohamed/ws/src/diffdrive_arduino' with build type 'ament_cmake'
[1.634s] INFO:colcon.colcon_cmake.task.cmake.build:Building CMake package in '/home/mohamed/ws/src/diffdrive_arduino'
[1.634s] INFO:colcon.colcon_core.shell:Skip shell extension 'powershell' for command environment: Not usable outside of PowerShell
[1.634s] DEBUG:colcon.colcon_core.shell:Skip shell extension 'dsv' for command environment
[1.662s] Level 1:colcon.colcon_core.environment:create_environment_scripts_only(articubot_one)
[1.663s] Level 1:colcon.colcon_core.environment:checking '/home/mohamed/ws/install/articubot_one' for CMake module files
[1.664s] DEBUG:colcon.colcon_core.event_handler.log_command:Invoked command in '/home/mohamed/ws/build/articubot_one' returned '0': CMAKE_PREFIX_PATH=${CMAKE_PREFIX_PATH}:/home/mohamed/ros2_ws/install/serial_motor_demo:/opt/ros/humble /usr/bin/cmake --install /home/mohamed/ws/build/articubot_one
[1.665s] Level 1:colcon.colcon_core.environment:checking '/home/mohamed/ws/install/articubot_one' for CMake config files
[1.666s] Level 1:colcon.colcon_core.shell:create_environment_hook('articubot_one', 'cmake_prefix_path')
[1.667s] INFO:colcon.colcon_core.shell:Creating environment hook '/home/mohamed/ws/install/articubot_one/share/articubot_one/hook/cmake_prefix_path.ps1'
[1.667s] INFO:colcon.colcon_core.shell:Creating environment descriptor '/home/mohamed/ws/install/articubot_one/share/articubot_one/hook/cmake_prefix_path.dsv'
[1.668s] INFO:colcon.colcon_core.shell:Creating environment hook '/home/mohamed/ws/install/articubot_one/share/articubot_one/hook/cmake_prefix_path.sh'
[1.669s] Level 1:colcon.colcon_core.environment:checking '/home/mohamed/ws/install/articubot_one/bin'
[1.669s] Level 1:colcon.colcon_core.environment:checking '/home/mohamed/ws/install/articubot_one/lib/pkgconfig/articubot_one.pc'
[1.670s] Level 1:colcon.colcon_core.environment:checking '/home/mohamed/ws/install/articubot_one/lib/python3.10/site-packages'
[1.671s] Level 1:colcon.colcon_core.environment:checking '/home/mohamed/ws/install/articubot_one/bin'
[1.671s] INFO:colcon.colcon_core.shell:Creating package script '/home/mohamed/ws/install/articubot_one/share/articubot_one/package.ps1'
[1.672s] INFO:colcon.colcon_core.shell:Creating package descriptor '/home/mohamed/ws/install/articubot_one/share/articubot_one/package.dsv'
[1.674s] INFO:colcon.colcon_core.shell:Creating package script '/home/mohamed/ws/install/articubot_one/share/articubot_one/package.sh'
[1.676s] INFO:colcon.colcon_core.shell:Creating package script '/home/mohamed/ws/install/articubot_one/share/articubot_one/package.bash'
[1.676s] INFO:colcon.colcon_core.shell:Creating package script '/home/mohamed/ws/install/articubot_one/share/articubot_one/package.zsh'
[1.677s] Level 1:colcon.colcon_core.environment:create_file_with_runtime_dependencies(/home/mohamed/ws/install/articubot_one/share/colcon-core/packages/articubot_one)
[1.686s] DEBUG:colcon.colcon_core.event_handler.log_command:Invoking command in '/home/mohamed/ws/build/diffdrive_arduino': CMAKE_PREFIX_PATH=/home/mohamed/ws/install/serial:/home/mohamed/ws/install/diffdrive_arduino:/home/mohamed/ws/install/articubot_one:/home/mohamed/ros2_ws/install/serial_motor_demo_msgs:/home/mohamed/ros2_ws/install/diffdrive_arduino:/home/mohamed/ros2_ws/install/serial:/home/mohamed/ros2_ws/install/diff_bot:/home/mohamed/ros2_ws/install/articubot_one:/home/mohamed/ros2_ws/install/serial_motor_demo:/opt/ros/humble /usr/bin/cmake --build /home/mohamed/ws/build/diffdrive_arduino -- -j4 -l4
[1.731s] Level 1:colcon.colcon_core.environment:create_environment_scripts_only(articubot_one)
[1.732s] Level 1:colcon.colcon_core.environment:checking '/home/mohamed/ws/install/articubot_one' for CMake module files
[1.733s] Level 1:colcon.colcon_core.environment:checking '/home/mohamed/ws/install/articubot_one' for CMake config files
[1.733s] Level 1:colcon.colcon_core.shell:create_environment_hook('articubot_one', 'cmake_prefix_path')
[1.734s] INFO:colcon.colcon_core.shell:Creating environment hook '/home/mohamed/ws/install/articubot_one/share/articubot_one/hook/cmake_prefix_path.ps1'
[1.735s] INFO:colcon.colcon_core.shell:Creating environment descriptor '/home/mohamed/ws/install/articubot_one/share/articubot_one/hook/cmake_prefix_path.dsv'
[1.735s] INFO:colcon.colcon_core.shell:Creating environment hook '/home/mohamed/ws/install/articubot_one/share/articubot_one/hook/cmake_prefix_path.sh'
[1.736s] Level 1:colcon.colcon_core.environment:checking '/home/mohamed/ws/install/articubot_one/bin'
[1.737s] Level 1:colcon.colcon_core.environment:checking '/home/mohamed/ws/install/articubot_one/lib/pkgconfig/articubot_one.pc'
[1.737s] Level 1:colcon.colcon_core.environment:checking '/home/mohamed/ws/install/articubot_one/lib/python3.10/site-packages'
[1.738s] Level 1:colcon.colcon_core.environment:checking '/home/mohamed/ws/install/articubot_one/bin'
[1.738s] INFO:colcon.colcon_core.shell:Creating package script '/home/mohamed/ws/install/articubot_one/share/articubot_one/package.ps1'
[1.739s] INFO:colcon.colcon_core.shell:Creating package descriptor '/home/mohamed/ws/install/articubot_one/share/articubot_one/package.dsv'
[1.740s] INFO:colcon.colcon_core.shell:Creating package script '/home/mohamed/ws/install/articubot_one/share/articubot_one/package.sh'
[1.741s] INFO:colcon.colcon_core.shell:Creating package script '/home/mohamed/ws/install/articubot_one/share/articubot_one/package.bash'
[1.742s] INFO:colcon.colcon_core.shell:Creating package script '/home/mohamed/ws/install/articubot_one/share/articubot_one/package.zsh'
[1.743s] Level 1:colcon.colcon_core.environment:create_file_with_runtime_dependencies(/home/mohamed/ws/install/articubot_one/share/colcon-core/packages/articubot_one)
[1.921s] DEBUG:colcon.colcon_core.event_handler.log_command:Invoked command in '/home/mohamed/ws/build/diffdrive_arduino' returned '0': CMAKE_PREFIX_PATH=/home/mohamed/ws/install/serial:/home/mohamed/ws/install/diffdrive_arduino:/home/mohamed/ws/install/articubot_one:/home/mohamed/ros2_ws/install/serial_motor_demo_msgs:/home/mohamed/ros2_ws/install/diffdrive_arduino:/home/mohamed/ros2_ws/install/serial:/home/mohamed/ros2_ws/install/diff_bot:/home/mohamed/ros2_ws/install/articubot_one:/home/mohamed/ros2_ws/install/serial_motor_demo:/opt/ros/humble /usr/bin/cmake --build /home/mohamed/ws/build/diffdrive_arduino -- -j4 -l4
[2.009s] DEBUG:colcon.colcon_core.event_handler.log_command:Invoking command in '/home/mohamed/ws/build/diffdrive_arduino': CMAKE_PREFIX_PATH=/home/mohamed/ws/install/serial:/home/mohamed/ws/install/diffdrive_arduino:/home/mohamed/ws/install/articubot_one:/home/mohamed/ros2_ws/install/serial_motor_demo_msgs:/home/mohamed/ros2_ws/install/diffdrive_arduino:/home/mohamed/ros2_ws/install/serial:/home/mohamed/ros2_ws/install/diff_bot:/home/mohamed/ros2_ws/install/articubot_one:/home/mohamed/ros2_ws/install/serial_motor_demo:/opt/ros/humble /usr/bin/cmake --install /home/mohamed/ws/build/diffdrive_arduino
[2.079s] Level 1:colcon.colcon_core.environment:create_environment_scripts_only(diffdrive_arduino)
[2.079s] Level 1:colcon.colcon_core.environment:checking '/home/mohamed/ws/install/diffdrive_arduino' for CMake module files
[2.080s] Level 1:colcon.colcon_core.environment:checking '/home/mohamed/ws/install/diffdrive_arduino' for CMake config files
[2.081s] Level 1:colcon.colcon_core.shell:create_environment_hook('diffdrive_arduino', 'cmake_prefix_path')
[2.081s] INFO:colcon.colcon_core.shell:Creating environment hook '/home/mohamed/ws/install/diffdrive_arduino/share/diffdrive_arduino/hook/cmake_prefix_path.ps1'
[2.082s] DEBUG:colcon.colcon_core.event_handler.log_command:Invoked command in '/home/mohamed/ws/build/diffdrive_arduino' returned '0': CMAKE_PREFIX_PATH=/home/mohamed/ws/install/serial:/home/mohamed/ws/install/diffdrive_arduino:/home/mohamed/ws/install/articubot_one:/home/mohamed/ros2_ws/install/serial_motor_demo_msgs:/home/mohamed/ros2_ws/install/diffdrive_arduino:/home/mohamed/ros2_ws/install/serial:/home/mohamed/ros2_ws/install/diff_bot:/home/mohamed/ros2_ws/install/articubot_one:/home/mohamed/ros2_ws/install/serial_motor_demo:/opt/ros/humble /usr/bin/cmake --install /home/mohamed/ws/build/diffdrive_arduino
[2.083s] INFO:colcon.colcon_core.shell:Creating environment descriptor '/home/mohamed/ws/install/diffdrive_arduino/share/diffdrive_arduino/hook/cmake_prefix_path.dsv'
[2.083s] INFO:colcon.colcon_core.shell:Creating environment hook '/home/mohamed/ws/install/diffdrive_arduino/share/diffdrive_arduino/hook/cmake_prefix_path.sh'
[2.084s] Level 1:colcon.colcon_core.environment:checking '/home/mohamed/ws/install/diffdrive_arduino/lib'
[2.084s] Level 1:colcon.colcon_core.shell:create_environment_hook('diffdrive_arduino', 'ld_library_path_lib')
[2.085s] INFO:colcon.colcon_core.shell:Creating environment hook '/home/mohamed/ws/install/diffdrive_arduino/share/diffdrive_arduino/hook/ld_library_path_lib.ps1'
[2.086s] INFO:colcon.colcon_core.shell:Creating environment descriptor '/home/mohamed/ws/install/diffdrive_arduino/share/diffdrive_arduino/hook/ld_library_path_lib.dsv'
[2.086s] INFO:colcon.colcon_core.shell:Creating environment hook '/home/mohamed/ws/install/diffdrive_arduino/share/diffdrive_arduino/hook/ld_library_path_lib.sh'
[2.087s] Level 1:colcon.colcon_core.environment:checking '/home/mohamed/ws/install/diffdrive_arduino/bin'
[2.087s] Level 1:colcon.colcon_core.environment:checking '/home/mohamed/ws/install/diffdrive_arduino/lib/pkgconfig/diffdrive_arduino.pc'
[2.088s] Level 1:colcon.colcon_core.environment:checking '/home/mohamed/ws/install/diffdrive_arduino/lib/python3.10/site-packages'
[2.089s] Level 1:colcon.colcon_core.environment:checking '/home/mohamed/ws/install/diffdrive_arduino/bin'
[2.090s] INFO:colcon.colcon_core.shell:Creating package script '/home/mohamed/ws/install/diffdrive_arduino/share/diffdrive_arduino/package.ps1'
[2.091s] INFO:colcon.colcon_core.shell:Creating package descriptor '/home/mohamed/ws/install/diffdrive_arduino/share/diffdrive_arduino/package.dsv'
[2.092s] INFO:colcon.colcon_core.shell:Creating package script '/home/mohamed/ws/install/diffdrive_arduino/share/diffdrive_arduino/package.sh'
[2.093s] INFO:colcon.colcon_core.shell:Creating package script '/home/mohamed/ws/install/diffdrive_arduino/share/diffdrive_arduino/package.bash'
[2.093s] INFO:colcon.colcon_core.shell:Creating package script '/home/mohamed/ws/install/diffdrive_arduino/share/diffdrive_arduino/package.zsh'
[2.094s] Level 1:colcon.colcon_core.environment:create_file_with_runtime_dependencies(/home/mohamed/ws/install/diffdrive_arduino/share/colcon-core/packages/diffdrive_arduino)
[2.175s] Level 1:colcon.colcon_core.environment:create_environment_scripts_only(diffdrive_arduino)
[2.175s] Level 1:colcon.colcon_core.environment:checking '/home/mohamed/ws/install/diffdrive_arduino' for CMake module files
[2.177s] Level 1:colcon.colcon_core.environment:checking '/home/mohamed/ws/install/diffdrive_arduino' for CMake config files
[2.177s] Level 1:colcon.colcon_core.shell:create_environment_hook('diffdrive_arduino', 'cmake_prefix_path')
[2.178s] INFO:colcon.colcon_core.shell:Creating environment hook '/home/mohamed/ws/install/diffdrive_arduino/share/diffdrive_arduino/hook/cmake_prefix_path.ps1'
[2.178s] INFO:colcon.colcon_core.shell:Creating environment descriptor '/home/mohamed/ws/install/diffdrive_arduino/share/diffdrive_arduino/hook/cmake_prefix_path.dsv'
[2.179s] INFO:colcon.colcon_core.shell:Creating environment hook '/home/mohamed/ws/install/diffdrive_arduino/share/diffdrive_arduino/hook/cmake_prefix_path.sh'
[2.180s] Level 1:colcon.colcon_core.environment:checking '/home/mohamed/ws/install/diffdrive_arduino/lib'
[2.180s] Level 1:colcon.colcon_core.shell:create_environment_hook('diffdrive_arduino', 'ld_library_path_lib')
[2.181s] INFO:colcon.colcon_core.shell:Creating environment hook '/home/mohamed/ws/install/diffdrive_arduino/share/diffdrive_arduino/hook/ld_library_path_lib.ps1'
[2.181s] INFO:colcon.colcon_core.shell:Creating environment descriptor '/home/mohamed/ws/install/diffdrive_arduino/share/diffdrive_arduino/hook/ld_library_path_lib.dsv'
[2.182s] INFO:colcon.colcon_core.shell:Creating environment hook '/home/mohamed/ws/install/diffdrive_arduino/share/diffdrive_arduino/hook/ld_library_path_lib.sh'
[2.182s] Level 1:colcon.colcon_core.environment:checking '/home/mohamed/ws/install/diffdrive_arduino/bin'
[2.183s] Level 1:colcon.colcon_core.environment:checking '/home/mohamed/ws/install/diffdrive_arduino/lib/pkgconfig/diffdrive_arduino.pc'
[2.183s] Level 1:colcon.colcon_core.environment:checking '/home/mohamed/ws/install/diffdrive_arduino/lib/python3.10/site-packages'
[2.184s] Level 1:colcon.colcon_core.environment:checking '/home/mohamed/ws/install/diffdrive_arduino/bin'
[2.184s] INFO:colcon.colcon_core.shell:Creating package script '/home/mohamed/ws/install/diffdrive_arduino/share/diffdrive_arduino/package.ps1'
[2.185s] INFO:colcon.colcon_core.shell:Creating package descriptor '/home/mohamed/ws/install/diffdrive_arduino/share/diffdrive_arduino/package.dsv'
[2.187s] INFO:colcon.colcon_core.shell:Creating package script '/home/mohamed/ws/install/diffdrive_arduino/share/diffdrive_arduino/package.sh'
[2.187s] INFO:colcon.colcon_core.shell:Creating package script '/home/mohamed/ws/install/diffdrive_arduino/share/diffdrive_arduino/package.bash'
[2.188s] INFO:colcon.colcon_core.shell:Creating package script '/home/mohamed/ws/install/diffdrive_arduino/share/diffdrive_arduino/package.zsh'
[2.189s] Level 1:colcon.colcon_core.environment:create_file_with_runtime_dependencies(/home/mohamed/ws/install/diffdrive_arduino/share/colcon-core/packages/diffdrive_arduino)
[2.190s] DEBUG:colcon.colcon_parallel_executor.executor.parallel:closing loop
[2.190s] DEBUG:colcon.colcon_parallel_executor.executor.parallel:loop closed
[2.190s] DEBUG:colcon.colcon_parallel_executor.executor.parallel:run_until_complete finished with '0'
[2.190s] DEBUG:colcon.colcon_core.event_reactor:joining thread
[2.203s] INFO:colcon.colcon_core.plugin_system:Skipping extension 'colcon_notification.desktop_notification.terminal_notifier': Not used on non-Darwin systems
[2.203s] INFO:colcon.colcon_core.plugin_system:Skipping extension 'colcon_notification.desktop_notification.win32': Not used on non-Windows systems
[2.203s] INFO:colcon.colcon_notification.desktop_notification:Sending desktop notification using 'notify2'
[2.235s] DEBUG:colcon.colcon_core.event_reactor:joined thread
[2.236s] INFO:colcon.colcon_core.shell:Creating prefix script '/home/mohamed/ws/install/local_setup.ps1'
[2.238s] INFO:colcon.colcon_core.shell:Creating prefix util module '/home/mohamed/ws/install/_local_setup_util_ps1.py'
[2.242s] INFO:colcon.colcon_core.shell:Creating prefix chain script '/home/mohamed/ws/install/setup.ps1'
[2.246s] INFO:colcon.colcon_core.shell:Creating prefix script '/home/mohamed/ws/install/local_setup.sh'
[2.247s] INFO:colcon.colcon_core.shell:Creating prefix util module '/home/mohamed/ws/install/_local_setup_util_sh.py'
[2.248s] INFO:colcon.colcon_core.shell:Creating prefix chain script '/home/mohamed/ws/install/setup.sh'
[2.252s] INFO:colcon.colcon_core.shell:Creating prefix script '/home/mohamed/ws/install/local_setup.bash'
[2.254s] INFO:colcon.colcon_core.shell:Creating prefix chain script '/home/mohamed/ws/install/setup.bash'
[2.257s] INFO:colcon.colcon_core.shell:Creating prefix script '/home/mohamed/ws/install/local_setup.zsh'
[2.259s] INFO:colcon.colcon_core.shell:Creating prefix chain script '/home/mohamed/ws/install/setup.zsh'
