[0.039s] Invoking command in '/home/mohamed/ws/build/serial': CMAKE_PREFIX_PATH=${CMAKE_PREFIX_PATH}:/home/mohamed/ros2_ws/install/serial_motor_demo:/opt/ros/humble /usr/bin/cmake --build /home/mohamed/ws/build/serial -- -j4 -l4
[0.215s] [ 28%] Built target serial
[0.218s] [ 42%] Built target gtest_main
[0.221s] [ 57%] Built target gtest
[0.305s] [ 71%] Built target serial_example
[0.317s] [ 85%] Built target serial-test-timer
[0.317s] [100%] Built target serial-test
[0.365s] Invoked command in '/home/mohamed/ws/build/serial' returned '0': CMAKE_PREFIX_PATH=${CMAKE_PREFIX_PATH}:/home/mohamed/ros2_ws/install/serial_motor_demo:/opt/ros/humble /usr/bin/cmake --build /home/mohamed/ws/build/serial -- -j4 -l4
[0.487s] Invoking command in '/home/mohamed/ws/build/serial': CMAKE_PREFIX_PATH=${CMAKE_PREFIX_PATH}:/home/mohamed/ros2_ws/install/serial_motor_demo:/opt/ros/humble /usr/bin/cmake --install /home/mohamed/ws/build/serial
[0.517s] -- Install configuration: ""
[0.518s] -- Execute custom install script
[0.520s] -- Up-to-date symlink: /home/mohamed/ws/install/serial/lib/libserial.a
[0.520s] -- Up-to-date symlink: /home/mohamed/ws/install/serial/include/serial/serial.h
[0.520s] -- Up-to-date symlink: /home/mohamed/ws/install/serial/include/serial/v8stdint.h
[0.521s] -- Up-to-date symlink: /home/mohamed/ws/install/serial/share/serial/environment/library_path.sh
[0.522s] -- Up-to-date symlink: /home/mohamed/ws/install/serial/share/serial/environment/library_path.dsv
[0.523s] -- Up-to-date symlink: /home/mohamed/ws/install/serial/share/ament_index/resource_index/package_run_dependencies/serial
[0.523s] -- Up-to-date symlink: /home/mohamed/ws/install/serial/share/ament_index/resource_index/parent_prefix_path/serial
[0.523s] -- Up-to-date symlink: /home/mohamed/ws/install/serial/share/serial/environment/ament_prefix_path.sh
[0.524s] -- Up-to-date symlink: /home/mohamed/ws/install/serial/share/serial/environment/ament_prefix_path.dsv
[0.524s] -- Up-to-date symlink: /home/mohamed/ws/install/serial/share/serial/environment/path.sh
[0.525s] -- Up-to-date symlink: /home/mohamed/ws/install/serial/share/serial/environment/path.dsv
[0.525s] -- Up-to-date symlink: /home/mohamed/ws/install/serial/share/serial/local_setup.bash
[0.526s] -- Up-to-date symlink: /home/mohamed/ws/install/serial/share/serial/local_setup.sh
[0.526s] -- Up-to-date symlink: /home/mohamed/ws/install/serial/share/serial/local_setup.zsh
[0.527s] -- Up-to-date symlink: /home/mohamed/ws/install/serial/share/serial/local_setup.dsv
[0.527s] -- Symlinking: /home/mohamed/ws/install/serial/share/serial/package.dsv
[0.561s] -- Up-to-date symlink: /home/mohamed/ws/install/serial/share/ament_index/resource_index/packages/serial
[0.565s] -- Up-to-date symlink: /home/mohamed/ws/install/serial/share/serial/cmake/ament_cmake_export_include_directories-extras.cmake
[0.565s] -- Up-to-date symlink: /home/mohamed/ws/install/serial/share/serial/cmake/ament_cmake_export_libraries-extras.cmake
[0.565s] -- Up-to-date symlink: /home/mohamed/ws/install/serial/share/serial/cmake/serialConfig.cmake
[0.566s] -- Up-to-date symlink: /home/mohamed/ws/install/serial/share/serial/cmake/serialConfig-version.cmake
[0.566s] -- Up-to-date symlink: /home/mohamed/ws/install/serial/share/serial/package.xml
[0.575s] Invoked command in '/home/mohamed/ws/build/serial' returned '0': CMAKE_PREFIX_PATH=${CMAKE_PREFIX_PATH}:/home/mohamed/ros2_ws/install/serial_motor_demo:/opt/ros/humble /usr/bin/cmake --install /home/mohamed/ws/build/serial
