[0.029s] Invoking command in '/home/mohamed/ws/build/articubot_one': CMAKE_PREFIX_PATH=${CMAKE_PREFIX_PATH}:/home/mohamed/ros2_ws/install/serial_motor_demo:/opt/ros/humble /usr/bin/cmake /home/mohamed/ws/src/articubot_one -DAMENT_CMAKE_SYMLINK_INSTALL=1 -DCMAKE_INSTALL_PREFIX=/home/mohamed/ws/install/articubot_one
[0.111s] -- Found ament_cmake: 1.3.8 (/opt/ros/humble/share/ament_cmake/cmake)
[0.467s] -- Override CMake install command with custom implementation using symlinks instead of copying resources
[0.489s] -- Found ament_lint_auto: 0.12.10 (/opt/ros/humble/share/ament_lint_auto/cmake)
[0.677s] -- Added test 'copyright' to check source files copyright and LICENSE
[0.685s] -- Added test 'flake8' to check Python code syntax and style conventions
[0.687s] -- Added test 'lint_cmake' to check CMake code style
[0.688s] -- Added test 'pep257' to check Python code against some of the docstring style conventions in PEP 257
[0.693s] -- Added test 'xmllint' to check XML markup files
[0.696s] -- Configuring done
[0.705s] -- Generating done
[0.711s] -- Build files have been written to: /home/mohamed/ws/build/articubot_one
[0.718s] Invoked command in '/home/mohamed/ws/build/articubot_one' returned '0': CMAKE_PREFIX_PATH=${CMAKE_PREFIX_PATH}:/home/mohamed/ros2_ws/install/serial_motor_demo:/opt/ros/humble /usr/bin/cmake /home/mohamed/ws/src/articubot_one -DAMENT_CMAKE_SYMLINK_INSTALL=1 -DCMAKE_INSTALL_PREFIX=/home/mohamed/ws/install/articubot_one
[0.722s] Invoking command in '/home/mohamed/ws/build/articubot_one': CMAKE_PREFIX_PATH=${CMAKE_PREFIX_PATH}:/home/mohamed/ros2_ws/install/serial_motor_demo:/opt/ros/humble /usr/bin/cmake --build /home/mohamed/ws/build/articubot_one -- -j4 -l4
[0.841s] Invoked command in '/home/mohamed/ws/build/articubot_one' returned '0': CMAKE_PREFIX_PATH=${CMAKE_PREFIX_PATH}:/home/mohamed/ros2_ws/install/serial_motor_demo:/opt/ros/humble /usr/bin/cmake --build /home/mohamed/ws/build/articubot_one -- -j4 -l4
[0.914s] Invoking command in '/home/mohamed/ws/build/articubot_one': CMAKE_PREFIX_PATH=${CMAKE_PREFIX_PATH}:/home/mohamed/ros2_ws/install/serial_motor_demo:/opt/ros/humble /usr/bin/cmake --install /home/mohamed/ws/build/articubot_one
[0.936s] -- Install configuration: ""
[0.937s] -- Execute custom install script
[0.937s] -- Up-to-date symlink: /home/mohamed/ws/install/articubot_one/share/articubot_one/description/camera.xacro
[0.937s] -- Up-to-date symlink: /home/mohamed/ws/install/articubot_one/share/articubot_one/description/face.xacro
[0.938s] -- Up-to-date symlink: /home/mohamed/ws/install/articubot_one/share/articubot_one/description/gazebo_control.xacro
[0.938s] -- Up-to-date symlink: /home/mohamed/ws/install/articubot_one/share/articubot_one/description/inertial_macros.xacro
[0.938s] -- Up-to-date symlink: /home/mohamed/ws/install/articubot_one/share/articubot_one/description/lidar.xacro
[0.938s] -- Up-to-date symlink: /home/mohamed/ws/install/articubot_one/share/articubot_one/description/robot.urdf.xacro
[0.939s] -- Up-to-date symlink: /home/mohamed/ws/install/articubot_one/share/articubot_one/description/robot_core.xacro
[0.939s] -- Symlinking: /home/mohamed/ws/install/articubot_one/share/articubot_one/description/ros2_control.xacro
[0.959s] -- Symlinking: /home/mohamed/ws/install/articubot_one/share/articubot_one/launch/launch_robot.launch.py
[0.998s] -- Up-to-date symlink: /home/mohamed/ws/install/articubot_one/share/articubot_one/launch/launch_sim.launch.py
[0.999s] -- Up-to-date symlink: /home/mohamed/ws/install/articubot_one/share/articubot_one/launch/rsp.launch.py
[1.000s] -- Up-to-date symlink: /home/mohamed/ws/install/articubot_one/share/articubot_one/worlds/empty.world
[1.000s] -- Up-to-date symlink: /home/mohamed/ws/install/articubot_one/share/articubot_one/worlds/obstacles.world
[1.000s] -- Up-to-date symlink: /home/mohamed/ws/install/articubot_one/share/ament_index/resource_index/package_run_dependencies/articubot_one
[1.001s] -- Up-to-date symlink: /home/mohamed/ws/install/articubot_one/share/ament_index/resource_index/parent_prefix_path/articubot_one
[1.002s] -- Up-to-date symlink: /home/mohamed/ws/install/articubot_one/share/articubot_one/environment/ament_prefix_path.sh
[1.002s] -- Up-to-date symlink: /home/mohamed/ws/install/articubot_one/share/articubot_one/environment/ament_prefix_path.dsv
[1.003s] -- Up-to-date symlink: /home/mohamed/ws/install/articubot_one/share/articubot_one/environment/path.sh
[1.003s] -- Up-to-date symlink: /home/mohamed/ws/install/articubot_one/share/articubot_one/environment/path.dsv
[1.004s] -- Up-to-date symlink: /home/mohamed/ws/install/articubot_one/share/articubot_one/local_setup.bash
[1.004s] -- Up-to-date symlink: /home/mohamed/ws/install/articubot_one/share/articubot_one/local_setup.sh
[1.005s] -- Up-to-date symlink: /home/mohamed/ws/install/articubot_one/share/articubot_one/local_setup.zsh
[1.005s] -- Up-to-date symlink: /home/mohamed/ws/install/articubot_one/share/articubot_one/local_setup.dsv
[1.006s] -- Symlinking: /home/mohamed/ws/install/articubot_one/share/articubot_one/package.dsv
[1.028s] -- Up-to-date symlink: /home/mohamed/ws/install/articubot_one/share/ament_index/resource_index/packages/articubot_one
[1.028s] -- Up-to-date symlink: /home/mohamed/ws/install/articubot_one/share/articubot_one/cmake/articubot_oneConfig.cmake
[1.029s] -- Up-to-date symlink: /home/mohamed/ws/install/articubot_one/share/articubot_one/cmake/articubot_oneConfig-version.cmake
[1.030s] -- Up-to-date symlink: /home/mohamed/ws/install/articubot_one/share/articubot_one/package.xml
[1.038s] Invoked command in '/home/mohamed/ws/build/articubot_one' returned '0': CMAKE_PREFIX_PATH=${CMAKE_PREFIX_PATH}:/home/mohamed/ros2_ws/install/serial_motor_demo:/opt/ros/humble /usr/bin/cmake --install /home/mohamed/ws/build/articubot_one
