[0.055s] Invoking command in '/home/mohamed/ws/build/diffdrive_arduino': CMAKE_PREFIX_PATH=/home/mohamed/ws/install/serial:/home/mohamed/ws/install/diffdrive_arduino:/home/mohamed/ws/install/articubot_one:/home/mohamed/ros2_ws/install/serial_motor_demo_msgs:/home/mohamed/ros2_ws/install/diffdrive_arduino:/home/mohamed/ros2_ws/install/serial:/home/mohamed/ros2_ws/install/diff_bot:/home/mohamed/ros2_ws/install/articubot_one:/home/mohamed/ros2_ws/install/serial_motor_demo:/opt/ros/humble /usr/bin/cmake --build /home/mohamed/ws/build/diffdrive_arduino -- -j4 -l4
[0.864s] [ 71%] Built target diffdrive_arduino
[0.864s] [100%] Built target fake_robot
[0.888s] Invoked command in '/home/mohamed/ws/build/diffdrive_arduino' returned '0': CMAKE_PREFIX_PATH=/home/mohamed/ws/install/serial:/home/mohamed/ws/install/diffdrive_arduino:/home/mohamed/ws/install/articubot_one:/home/mohamed/ros2_ws/install/serial_motor_demo_msgs:/home/mohamed/ros2_ws/install/diffdrive_arduino:/home/mohamed/ros2_ws/install/serial:/home/mohamed/ros2_ws/install/diff_bot:/home/mohamed/ros2_ws/install/articubot_one:/home/mohamed/ros2_ws/install/serial_motor_demo:/opt/ros/humble /usr/bin/cmake --build /home/mohamed/ws/build/diffdrive_arduino -- -j4 -l4
[0.977s] Invoking command in '/home/mohamed/ws/build/diffdrive_arduino': CMAKE_PREFIX_PATH=/home/mohamed/ws/install/serial:/home/mohamed/ws/install/diffdrive_arduino:/home/mohamed/ws/install/articubot_one:/home/mohamed/ros2_ws/install/serial_motor_demo_msgs:/home/mohamed/ros2_ws/install/diffdrive_arduino:/home/mohamed/ros2_ws/install/serial:/home/mohamed/ros2_ws/install/diff_bot:/home/mohamed/ros2_ws/install/articubot_one:/home/mohamed/ros2_ws/install/serial_motor_demo:/opt/ros/humble /usr/bin/cmake --install /home/mohamed/ws/build/diffdrive_arduino
[0.996s] -- Install configuration: ""
[0.998s] -- Execute custom install script
[0.999s] -- Up-to-date symlink: /home/mohamed/ws/install/diffdrive_arduino/share/diffdrive_arduino//robot_hardware.xml
[0.999s] -- Up-to-date symlink: /home/mohamed/ws/install/diffdrive_arduino/share/diffdrive_arduino//fake_robot_hardware.xml
[1.000s] -- Up-to-date symlink: /home/mohamed/ws/install/diffdrive_arduino/lib/libdiffdrive_arduino.so
[1.001s] -- Up-to-date symlink: /home/mohamed/ws/install/diffdrive_arduino/lib/libfake_robot.so
[1.002s] -- Up-to-date symlink: /home/mohamed/ws/install/diffdrive_arduino/share/diffdrive_arduino/controllers/robot_controller_example.yaml
[1.003s] -- Up-to-date symlink: /home/mohamed/ws/install/diffdrive_arduino/share/diffdrive_arduino/__pycache__/test_robot.launch.cpython-310.pyc
[1.003s] -- Up-to-date symlink: /home/mohamed/ws/install/diffdrive_arduino/share/diffdrive_arduino/fake_robot.launch.py
[1.003s] -- Up-to-date symlink: /home/mohamed/ws/install/diffdrive_arduino/share/diffdrive_arduino/test_robot.launch.py
[1.004s] -- Up-to-date symlink: /home/mohamed/ws/install/diffdrive_arduino/share/diffdrive_arduino/environment/library_path.sh
[1.005s] -- Up-to-date symlink: /home/mohamed/ws/install/diffdrive_arduino/share/diffdrive_arduino/environment/library_path.dsv
[1.010s] -- Up-to-date symlink: /home/mohamed/ws/install/diffdrive_arduino/share/ament_index/resource_index/package_run_dependencies/diffdrive_arduino
[1.011s] -- Up-to-date symlink: /home/mohamed/ws/install/diffdrive_arduino/share/ament_index/resource_index/parent_prefix_path/diffdrive_arduino
[1.012s] -- Up-to-date symlink: /home/mohamed/ws/install/diffdrive_arduino/share/diffdrive_arduino/environment/ament_prefix_path.sh
[1.012s] -- Up-to-date symlink: /home/mohamed/ws/install/diffdrive_arduino/share/diffdrive_arduino/environment/ament_prefix_path.dsv
[1.013s] -- Up-to-date symlink: /home/mohamed/ws/install/diffdrive_arduino/share/diffdrive_arduino/environment/path.sh
[1.014s] -- Up-to-date symlink: /home/mohamed/ws/install/diffdrive_arduino/share/diffdrive_arduino/environment/path.dsv
[1.014s] -- Up-to-date symlink: /home/mohamed/ws/install/diffdrive_arduino/share/diffdrive_arduino/local_setup.bash
[1.015s] -- Up-to-date symlink: /home/mohamed/ws/install/diffdrive_arduino/share/diffdrive_arduino/local_setup.sh
[1.015s] -- Up-to-date symlink: /home/mohamed/ws/install/diffdrive_arduino/share/diffdrive_arduino/local_setup.zsh
[1.016s] -- Up-to-date symlink: /home/mohamed/ws/install/diffdrive_arduino/share/diffdrive_arduino/local_setup.dsv
[1.016s] -- Symlinking: /home/mohamed/ws/install/diffdrive_arduino/share/diffdrive_arduino/package.dsv
[1.040s] -- Up-to-date symlink: /home/mohamed/ws/install/diffdrive_arduino/share/ament_index/resource_index/packages/diffdrive_arduino
[1.040s] -- Up-to-date symlink: /home/mohamed/ws/install/diffdrive_arduino/share/ament_index/resource_index/hardware_interface__pluginlib__plugin/diffdrive_arduino
[1.041s] -- Up-to-date symlink: /home/mohamed/ws/install/diffdrive_arduino/share/diffdrive_arduino/cmake/ament_cmake_export_libraries-extras.cmake
[1.041s] -- Up-to-date symlink: /home/mohamed/ws/install/diffdrive_arduino/share/diffdrive_arduino/cmake/ament_cmake_export_dependencies-extras.cmake
[1.042s] -- Up-to-date symlink: /home/mohamed/ws/install/diffdrive_arduino/share/diffdrive_arduino/cmake/diffdrive_arduinoConfig.cmake
[1.043s] -- Up-to-date symlink: /home/mohamed/ws/install/diffdrive_arduino/share/diffdrive_arduino/cmake/diffdrive_arduinoConfig-version.cmake
[1.043s] -- Up-to-date symlink: /home/mohamed/ws/install/diffdrive_arduino/share/diffdrive_arduino/package.xml
[1.047s] Invoked command in '/home/mohamed/ws/build/diffdrive_arduino' returned '0': CMAKE_PREFIX_PATH=/home/mohamed/ws/install/serial:/home/mohamed/ws/install/diffdrive_arduino:/home/mohamed/ws/install/articubot_one:/home/mohamed/ros2_ws/install/serial_motor_demo_msgs:/home/mohamed/ros2_ws/install/diffdrive_arduino:/home/mohamed/ros2_ws/install/serial:/home/mohamed/ros2_ws/install/diff_bot:/home/mohamed/ros2_ws/install/articubot_one:/home/mohamed/ros2_ws/install/serial_motor_demo:/opt/ros/humble /usr/bin/cmake --install /home/mohamed/ws/build/diffdrive_arduino
