[0.050s] Invoking command in '/home/mohamed/ws/build/diffdrive_arduino': CMAKE_PREFIX_PATH=/home/mohamed/ws/install/serial:/home/mohamed/ws/install/diffdrive_arduino:/home/mohamed/ws/install/articubot_one:/home/mohamed/ros2_ws/install/serial_motor_demo_msgs:/home/mohamed/ros2_ws/install/diffdrive_arduino:/home/mohamed/ros2_ws/install/serial:/home/mohamed/ros2_ws/install/diff_bot:/home/mohamed/ros2_ws/install/articubot_one:/home/mohamed/ros2_ws/install/serial_motor_demo:/opt/ros/humble /usr/bin/cmake --build /home/mohamed/ws/build/diffdrive_arduino -- -j4 -l4
[0.241s] [ 42%] Built target fake_robot
[0.262s] [100%] Built target diffdrive_arduino
[0.285s] Invoked command in '/home/mohamed/ws/build/diffdrive_arduino' returned '0': CMAKE_PREFIX_PATH=/home/mohamed/ws/install/serial:/home/mohamed/ws/install/diffdrive_arduino:/home/mohamed/ws/install/articubot_one:/home/mohamed/ros2_ws/install/serial_motor_demo_msgs:/home/mohamed/ros2_ws/install/diffdrive_arduino:/home/mohamed/ros2_ws/install/serial:/home/mohamed/ros2_ws/install/diff_bot:/home/mohamed/ros2_ws/install/articubot_one:/home/mohamed/ros2_ws/install/serial_motor_demo:/opt/ros/humble /usr/bin/cmake --build /home/mohamed/ws/build/diffdrive_arduino -- -j4 -l4
[0.373s] Invoking command in '/home/mohamed/ws/build/diffdrive_arduino': CMAKE_PREFIX_PATH=/home/mohamed/ws/install/serial:/home/mohamed/ws/install/diffdrive_arduino:/home/mohamed/ws/install/articubot_one:/home/mohamed/ros2_ws/install/serial_motor_demo_msgs:/home/mohamed/ros2_ws/install/diffdrive_arduino:/home/mohamed/ros2_ws/install/serial:/home/mohamed/ros2_ws/install/diff_bot:/home/mohamed/ros2_ws/install/articubot_one:/home/mohamed/ros2_ws/install/serial_motor_demo:/opt/ros/humble /usr/bin/cmake --install /home/mohamed/ws/build/diffdrive_arduino
[0.392s] -- Install configuration: ""
[0.395s] -- Execute custom install script
[0.396s] -- Up-to-date symlink: /home/mohamed/ws/install/diffdrive_arduino/share/diffdrive_arduino//robot_hardware.xml
[0.396s] -- Up-to-date symlink: /home/mohamed/ws/install/diffdrive_arduino/share/diffdrive_arduino//fake_robot_hardware.xml
[0.397s] -- Up-to-date symlink: /home/mohamed/ws/install/diffdrive_arduino/lib/libdiffdrive_arduino.so
[0.397s] -- Up-to-date symlink: /home/mohamed/ws/install/diffdrive_arduino/lib/libfake_robot.so
[0.399s] -- Up-to-date symlink: /home/mohamed/ws/install/diffdrive_arduino/share/diffdrive_arduino/controllers/robot_controller_example.yaml
[0.399s] -- Up-to-date symlink: /home/mohamed/ws/install/diffdrive_arduino/share/diffdrive_arduino/__pycache__/test_robot.launch.cpython-310.pyc
[0.399s] -- Up-to-date symlink: /home/mohamed/ws/install/diffdrive_arduino/share/diffdrive_arduino/fake_robot.launch.py
[0.400s] -- Up-to-date symlink: /home/mohamed/ws/install/diffdrive_arduino/share/diffdrive_arduino/test_robot.launch.py
[0.400s] -- Up-to-date symlink: /home/mohamed/ws/install/diffdrive_arduino/share/diffdrive_arduino/environment/library_path.sh
[0.401s] -- Up-to-date symlink: /home/mohamed/ws/install/diffdrive_arduino/share/diffdrive_arduino/environment/library_path.dsv
[0.401s] -- Up-to-date symlink: /home/mohamed/ws/install/diffdrive_arduino/share/ament_index/resource_index/package_run_dependencies/diffdrive_arduino
[0.402s] -- Up-to-date symlink: /home/mohamed/ws/install/diffdrive_arduino/share/ament_index/resource_index/parent_prefix_path/diffdrive_arduino
[0.402s] -- Up-to-date symlink: /home/mohamed/ws/install/diffdrive_arduino/share/diffdrive_arduino/environment/ament_prefix_path.sh
[0.403s] -- Up-to-date symlink: /home/mohamed/ws/install/diffdrive_arduino/share/diffdrive_arduino/environment/ament_prefix_path.dsv
[0.403s] -- Up-to-date symlink: /home/mohamed/ws/install/diffdrive_arduino/share/diffdrive_arduino/environment/path.sh
[0.404s] -- Up-to-date symlink: /home/mohamed/ws/install/diffdrive_arduino/share/diffdrive_arduino/environment/path.dsv
[0.404s] -- Up-to-date symlink: /home/mohamed/ws/install/diffdrive_arduino/share/diffdrive_arduino/local_setup.bash
[0.405s] -- Up-to-date symlink: /home/mohamed/ws/install/diffdrive_arduino/share/diffdrive_arduino/local_setup.sh
[0.405s] -- Up-to-date symlink: /home/mohamed/ws/install/diffdrive_arduino/share/diffdrive_arduino/local_setup.zsh
[0.405s] -- Up-to-date symlink: /home/mohamed/ws/install/diffdrive_arduino/share/diffdrive_arduino/local_setup.dsv
[0.408s] -- Symlinking: /home/mohamed/ws/install/diffdrive_arduino/share/diffdrive_arduino/package.dsv
[0.436s] -- Up-to-date symlink: /home/mohamed/ws/install/diffdrive_arduino/share/ament_index/resource_index/packages/diffdrive_arduino
[0.437s] -- Up-to-date symlink: /home/mohamed/ws/install/diffdrive_arduino/share/ament_index/resource_index/hardware_interface__pluginlib__plugin/diffdrive_arduino
[0.437s] -- Up-to-date symlink: /home/mohamed/ws/install/diffdrive_arduino/share/diffdrive_arduino/cmake/ament_cmake_export_libraries-extras.cmake
[0.437s] -- Up-to-date symlink: /home/mohamed/ws/install/diffdrive_arduino/share/diffdrive_arduino/cmake/ament_cmake_export_dependencies-extras.cmake
[0.439s] -- Up-to-date symlink: /home/mohamed/ws/install/diffdrive_arduino/share/diffdrive_arduino/cmake/diffdrive_arduinoConfig.cmake
[0.439s] -- Up-to-date symlink: /home/mohamed/ws/install/diffdrive_arduino/share/diffdrive_arduino/cmake/diffdrive_arduinoConfig-version.cmake
[0.440s] -- Up-to-date symlink: /home/mohamed/ws/install/diffdrive_arduino/share/diffdrive_arduino/package.xml
[0.446s] Invoked command in '/home/mohamed/ws/build/diffdrive_arduino' returned '0': CMAKE_PREFIX_PATH=/home/mohamed/ws/install/serial:/home/mohamed/ws/install/diffdrive_arduino:/home/mohamed/ws/install/articubot_one:/home/mohamed/ros2_ws/install/serial_motor_demo_msgs:/home/mohamed/ros2_ws/install/diffdrive_arduino:/home/mohamed/ros2_ws/install/serial:/home/mohamed/ros2_ws/install/diff_bot:/home/mohamed/ros2_ws/install/articubot_one:/home/mohamed/ros2_ws/install/serial_motor_demo:/opt/ros/humble /usr/bin/cmake --install /home/mohamed/ws/build/diffdrive_arduino
