[0.028s] Invoking command in '/home/mohamed/ws/build/articubot_one': CMAKE_PREFIX_PATH=${CMAKE_PREFIX_PATH}:/home/mohamed/ros2_ws/install/serial_motor_demo:/opt/ros/humble /usr/bin/cmake /home/mohamed/ws/src/articubot_one -DCMAKE_INSTALL_PREFIX=/home/mohamed/ws/install/articubot_one
[0.064s] -- Found ament_cmake: 1.3.8 (/opt/ros/humble/share/ament_cmake/cmake)
[0.365s] -- Override CMake install command with custom implementation using symlinks instead of copying resources
[0.391s] -- Found ament_lint_auto: 0.12.10 (/opt/ros/humble/share/ament_lint_auto/cmake)
[0.593s] -- Added test 'copyright' to check source files copyright and LICENSE
[0.599s] -- Added test 'flake8' to check Python code syntax and style conventions
[0.601s] -- Added test 'lint_cmake' to check CMake code style
[0.602s] -- Added test 'pep257' to check Python code against some of the docstring style conventions in PEP 257
[0.606s] -- Added test 'xmllint' to check XML markup files
[0.609s] -- Configuring done
[0.616s] -- Generating done
[0.620s] -- Build files have been written to: /home/mohamed/ws/build/articubot_one
[0.627s] Invoked command in '/home/mohamed/ws/build/articubot_one' returned '0': CMAKE_PREFIX_PATH=${CMAKE_PREFIX_PATH}:/home/mohamed/ros2_ws/install/serial_motor_demo:/opt/ros/humble /usr/bin/cmake /home/mohamed/ws/src/articubot_one -DCMAKE_INSTALL_PREFIX=/home/mohamed/ws/install/articubot_one
[0.631s] Invoking command in '/home/mohamed/ws/build/articubot_one': CMAKE_PREFIX_PATH=${CMAKE_PREFIX_PATH}:/home/mohamed/ros2_ws/install/serial_motor_demo:/opt/ros/humble /usr/bin/cmake --build /home/mohamed/ws/build/articubot_one -- -j4 -l4
[0.732s] Invoked command in '/home/mohamed/ws/build/articubot_one' returned '0': CMAKE_PREFIX_PATH=${CMAKE_PREFIX_PATH}:/home/mohamed/ros2_ws/install/serial_motor_demo:/opt/ros/humble /usr/bin/cmake --build /home/mohamed/ws/build/articubot_one -- -j4 -l4
[0.812s] Invoking command in '/home/mohamed/ws/build/articubot_one': CMAKE_PREFIX_PATH=${CMAKE_PREFIX_PATH}:/home/mohamed/ros2_ws/install/serial_motor_demo:/opt/ros/humble /usr/bin/cmake --install /home/mohamed/ws/build/articubot_one
[0.830s] -- Install configuration: ""
[0.832s] -- Execute custom install script
[0.832s] [31mCMake Error at ament_cmake_symlink_install/ament_cmake_symlink_install.cmake:100 (message):
[0.832s]   ament_cmake_symlink_install_directory() can't find
[0.832s]   '/home/mohamed/ws/src/articubot_one/config'
[0.832s] Call Stack (most recent call first):
[0.833s]   ament_cmake_symlink_install/ament_cmake_symlink_install.cmake:314 (ament_cmake_symlink_install_directory)
[0.833s]   cmake_install.cmake:46 (include)
[0.833s] 
[0.833s] [0m
[0.842s] Invoked command in '/home/mohamed/ws/build/articubot_one' returned '1': CMAKE_PREFIX_PATH=${CMAKE_PREFIX_PATH}:/home/mohamed/ros2_ws/install/serial_motor_demo:/opt/ros/humble /usr/bin/cmake --install /home/mohamed/ws/build/articubot_one
