[0.267s] DEBUG:colcon:Command line arguments: ['/usr/bin/colcon', 'build', '--symlink-install']
[0.267s] DEBUG:colcon:Parsed command line arguments: Namespace(log_base=None, log_level=None, verb_name='build', build_base='build', install_base='install', merge_install=False, symlink_install=True, test_result_base=None, continue_on_error=False, executor='parallel', parallel_workers=4, event_handlers=None, ignore_user_meta=False, metas=['./colcon.meta'], base_paths=['.'], packages_ignore=None, packages_ignore_regex=None, paths=None, packages_up_to=None, packages_up_to_regex=None, packages_above=None, packages_above_and_dependencies=None, packages_above_depth=None, packages_select_by_dep=None, packages_skip_by_dep=None, packages_skip_up_to=None, packages_select_build_failed=False, packages_skip_build_finished=False, packages_select_test_failures=False, packages_skip_test_passed=False, packages_select=None, packages_skip=None, packages_select_regex=None, packages_skip_regex=None, packages_start=None, packages_end=None, allow_overriding=[], cmake_args=None, cmake_target=None, cmake_target_skip_unavailable=False, cmake_clean_cache=False, cmake_clean_first=False, cmake_force_configure=False, ament_cmake_args=None, catkin_cmake_args=None, catkin_skip_building_tests=False, mixin_files=None, mixin=None, verb_parser=<colcon_mixin.mixin.mixin_argument.MixinArgumentDecorator object at 0x7644c4542080>, verb_extension=<colcon_core.verb.build.BuildVerb object at 0x7644c45419f0>, main=<bound method BuildVerb.main of <colcon_core.verb.build.BuildVerb object at 0x7644c45419f0>>, mixin_verb=('build',))
[0.806s] Level 1:colcon.colcon_core.package_discovery:discover_packages(colcon_meta) check parameters
[0.806s] Level 1:colcon.colcon_core.package_discovery:discover_packages(recursive) check parameters
[0.806s] Level 1:colcon.colcon_core.package_discovery:discover_packages(ignore) check parameters
[0.807s] Level 1:colcon.colcon_core.package_discovery:discover_packages(path) check parameters
[0.807s] Level 1:colcon.colcon_core.package_discovery:discover_packages(colcon_meta) discover
[0.807s] Level 1:colcon.colcon_core.package_discovery:discover_packages(recursive) discover
[0.807s] INFO:colcon.colcon_core.package_discovery:Crawling recursively for packages in '/home/mohamed/ws'
[0.807s] Level 1:colcon.colcon_core.package_identification:_identify(.) by extensions ['ignore', 'ignore_ament_install']
[0.807s] Level 1:colcon.colcon_core.package_identification:_identify(.) by extension 'ignore'
[0.807s] Level 1:colcon.colcon_core.package_identification:_identify(.) by extension 'ignore_ament_install'
[0.807s] Level 1:colcon.colcon_core.package_identification:_identify(.) by extensions ['colcon_pkg']
[0.808s] Level 1:colcon.colcon_core.package_identification:_identify(.) by extension 'colcon_pkg'
[0.808s] Level 1:colcon.colcon_core.package_identification:_identify(.) by extensions ['colcon_meta']
[0.808s] Level 1:colcon.colcon_core.package_identification:_identify(.) by extension 'colcon_meta'
[0.808s] Level 1:colcon.colcon_core.package_identification:_identify(.) by extensions ['ros']
[0.808s] Level 1:colcon.colcon_core.package_identification:_identify(.) by extension 'ros'
[0.840s] Level 1:colcon.colcon_core.package_identification:_identify(.) by extensions ['cmake', 'python']
[0.840s] Level 1:colcon.colcon_core.package_identification:_identify(.) by extension 'cmake'
[0.840s] Level 1:colcon.colcon_core.package_identification:_identify(.) by extension 'python'
[0.840s] Level 1:colcon.colcon_core.package_identification:_identify(.) by extensions ['python_setup_py']
[0.840s] Level 1:colcon.colcon_core.package_identification:_identify(.) by extension 'python_setup_py'
[0.841s] Level 1:colcon.colcon_core.package_identification:_identify(build) by extensions ['ignore', 'ignore_ament_install']
[0.841s] Level 1:colcon.colcon_core.package_identification:_identify(build) by extension 'ignore'
[0.841s] Level 1:colcon.colcon_core.package_identification:_identify(build) ignored
[0.841s] Level 1:colcon.colcon_core.package_identification:_identify(install) by extensions ['ignore', 'ignore_ament_install']
[0.841s] Level 1:colcon.colcon_core.package_identification:_identify(install) by extension 'ignore'
[0.842s] Level 1:colcon.colcon_core.package_identification:_identify(install) ignored
[0.842s] Level 1:colcon.colcon_core.package_identification:_identify(log) by extensions ['ignore', 'ignore_ament_install']
[0.842s] Level 1:colcon.colcon_core.package_identification:_identify(log) by extension 'ignore'
[0.842s] Level 1:colcon.colcon_core.package_identification:_identify(log) ignored
[0.842s] Level 1:colcon.colcon_core.package_identification:_identify(src) by extensions ['ignore', 'ignore_ament_install']
[0.842s] Level 1:colcon.colcon_core.package_identification:_identify(src) by extension 'ignore'
[0.843s] Level 1:colcon.colcon_core.package_identification:_identify(src) by extension 'ignore_ament_install'
[0.843s] Level 1:colcon.colcon_core.package_identification:_identify(src) by extensions ['colcon_pkg']
[0.843s] Level 1:colcon.colcon_core.package_identification:_identify(src) by extension 'colcon_pkg'
[0.843s] Level 1:colcon.colcon_core.package_identification:_identify(src) by extensions ['colcon_meta']
[0.843s] Level 1:colcon.colcon_core.package_identification:_identify(src) by extension 'colcon_meta'
[0.843s] Level 1:colcon.colcon_core.package_identification:_identify(src) by extensions ['ros']
[0.843s] Level 1:colcon.colcon_core.package_identification:_identify(src) by extension 'ros'
[0.843s] Level 1:colcon.colcon_core.package_identification:_identify(src) by extensions ['cmake', 'python']
[0.843s] Level 1:colcon.colcon_core.package_identification:_identify(src) by extension 'cmake'
[0.844s] Level 1:colcon.colcon_core.package_identification:_identify(src) by extension 'python'
[0.844s] Level 1:colcon.colcon_core.package_identification:_identify(src) by extensions ['python_setup_py']
[0.844s] Level 1:colcon.colcon_core.package_identification:_identify(src) by extension 'python_setup_py'
[0.844s] Level 1:colcon.colcon_core.package_identification:_identify(src/articubot_one) by extensions ['ignore', 'ignore_ament_install']
[0.844s] Level 1:colcon.colcon_core.package_identification:_identify(src/articubot_one) by extension 'ignore'
[0.844s] Level 1:colcon.colcon_core.package_identification:_identify(src/articubot_one) by extension 'ignore_ament_install'
[0.845s] Level 1:colcon.colcon_core.package_identification:_identify(src/articubot_one) by extensions ['colcon_pkg']
[0.845s] Level 1:colcon.colcon_core.package_identification:_identify(src/articubot_one) by extension 'colcon_pkg'
[0.845s] Level 1:colcon.colcon_core.package_identification:_identify(src/articubot_one) by extensions ['colcon_meta']
[0.845s] Level 1:colcon.colcon_core.package_identification:_identify(src/articubot_one) by extension 'colcon_meta'
[0.845s] Level 1:colcon.colcon_core.package_identification:_identify(src/articubot_one) by extensions ['ros']
[0.845s] Level 1:colcon.colcon_core.package_identification:_identify(src/articubot_one) by extension 'ros'
[0.854s] DEBUG:colcon.colcon_core.package_identification:Package 'src/articubot_one' with type 'ros.ament_cmake' and name 'articubot_one'
[0.855s] Level 1:colcon.colcon_core.package_identification:_identify(src/diffdrive_arduino) by extensions ['ignore', 'ignore_ament_install']
[0.855s] Level 1:colcon.colcon_core.package_identification:_identify(src/diffdrive_arduino) by extension 'ignore'
[0.855s] Level 1:colcon.colcon_core.package_identification:_identify(src/diffdrive_arduino) by extension 'ignore_ament_install'
[0.855s] Level 1:colcon.colcon_core.package_identification:_identify(src/diffdrive_arduino) by extensions ['colcon_pkg']
[0.855s] Level 1:colcon.colcon_core.package_identification:_identify(src/diffdrive_arduino) by extension 'colcon_pkg'
[0.855s] Level 1:colcon.colcon_core.package_identification:_identify(src/diffdrive_arduino) by extensions ['colcon_meta']
[0.855s] Level 1:colcon.colcon_core.package_identification:_identify(src/diffdrive_arduino) by extension 'colcon_meta'
[0.855s] Level 1:colcon.colcon_core.package_identification:_identify(src/diffdrive_arduino) by extensions ['ros']
[0.856s] Level 1:colcon.colcon_core.package_identification:_identify(src/diffdrive_arduino) by extension 'ros'
[0.859s] DEBUG:colcon.colcon_core.package_identification:Package 'src/diffdrive_arduino' with type 'ros.ament_cmake' and name 'diffdrive_arduino'
[0.859s] Level 1:colcon.colcon_core.package_identification:_identify(src/serial) by extensions ['ignore', 'ignore_ament_install']
[0.859s] Level 1:colcon.colcon_core.package_identification:_identify(src/serial) by extension 'ignore'
[0.860s] Level 1:colcon.colcon_core.package_identification:_identify(src/serial) by extension 'ignore_ament_install'
[0.860s] Level 1:colcon.colcon_core.package_identification:_identify(src/serial) by extensions ['colcon_pkg']
[0.860s] Level 1:colcon.colcon_core.package_identification:_identify(src/serial) by extension 'colcon_pkg'
[0.860s] Level 1:colcon.colcon_core.package_identification:_identify(src/serial) by extensions ['colcon_meta']
[0.860s] Level 1:colcon.colcon_core.package_identification:_identify(src/serial) by extension 'colcon_meta'
[0.860s] Level 1:colcon.colcon_core.package_identification:_identify(src/serial) by extensions ['ros']
[0.860s] Level 1:colcon.colcon_core.package_identification:_identify(src/serial) by extension 'ros'
[0.862s] DEBUG:colcon.colcon_core.package_identification:Package 'src/serial' with type 'ros.ament_cmake' and name 'serial'
[0.862s] Level 1:colcon.colcon_core.package_discovery:discover_packages(recursive) using defaults
[0.862s] Level 1:colcon.colcon_core.package_discovery:discover_packages(ignore) discover
[0.862s] Level 1:colcon.colcon_core.package_discovery:discover_packages(ignore) using defaults
[0.862s] Level 1:colcon.colcon_core.package_discovery:discover_packages(path) discover
[0.863s] Level 1:colcon.colcon_core.package_discovery:discover_packages(path) using defaults
[0.941s] Level 1:colcon.colcon_core.package_discovery:discover_packages(prefix_path) check parameters
[0.942s] Level 1:colcon.colcon_core.package_discovery:discover_packages(prefix_path) discover
[0.946s] DEBUG:colcon.colcon_installed_package_information.package_discovery:Found 3 installed packages in /home/mohamed/ws/install
[0.948s] DEBUG:colcon.colcon_installed_package_information.package_discovery:Found 6 installed packages in /home/mohamed/ros2_ws/install
[0.953s] DEBUG:colcon.colcon_installed_package_information.package_discovery:Found 326 installed packages in /opt/ros/humble
[0.959s] Level 1:colcon.colcon_core.package_discovery:discover_packages(prefix_path) using defaults
[1.117s] Level 5:colcon.colcon_core.verb:set package 'articubot_one' build argument 'cmake_args' from command line to 'None'
[1.117s] Level 5:colcon.colcon_core.verb:set package 'articubot_one' build argument 'cmake_target' from command line to 'None'
[1.117s] Level 5:colcon.colcon_core.verb:set package 'articubot_one' build argument 'cmake_target_skip_unavailable' from command line to 'False'
[1.117s] Level 5:colcon.colcon_core.verb:set package 'articubot_one' build argument 'cmake_clean_cache' from command line to 'False'
[1.117s] Level 5:colcon.colcon_core.verb:set package 'articubot_one' build argument 'cmake_clean_first' from command line to 'False'
[1.117s] Level 5:colcon.colcon_core.verb:set package 'articubot_one' build argument 'cmake_force_configure' from command line to 'False'
[1.117s] Level 5:colcon.colcon_core.verb:set package 'articubot_one' build argument 'ament_cmake_args' from command line to 'None'
[1.117s] Level 5:colcon.colcon_core.verb:set package 'articubot_one' build argument 'catkin_cmake_args' from command line to 'None'
[1.117s] Level 5:colcon.colcon_core.verb:set package 'articubot_one' build argument 'catkin_skip_building_tests' from command line to 'False'
[1.118s] DEBUG:colcon.colcon_core.verb:Building package 'articubot_one' with the following arguments: {'ament_cmake_args': None, 'build_base': '/home/mohamed/ws/build/articubot_one', 'catkin_cmake_args': None, 'catkin_skip_building_tests': False, 'cmake_args': None, 'cmake_clean_cache': False, 'cmake_clean_first': False, 'cmake_force_configure': False, 'cmake_target': None, 'cmake_target_skip_unavailable': False, 'install_base': '/home/mohamed/ws/install/articubot_one', 'merge_install': False, 'path': '/home/mohamed/ws/src/articubot_one', 'symlink_install': True, 'test_result_base': None}
[1.119s] Level 5:colcon.colcon_core.verb:set package 'serial' build argument 'cmake_args' from command line to 'None'
[1.119s] Level 5:colcon.colcon_core.verb:set package 'serial' build argument 'cmake_target' from command line to 'None'
[1.119s] Level 5:colcon.colcon_core.verb:set package 'serial' build argument 'cmake_target_skip_unavailable' from command line to 'False'
[1.119s] Level 5:colcon.colcon_core.verb:set package 'serial' build argument 'cmake_clean_cache' from command line to 'False'
[1.119s] Level 5:colcon.colcon_core.verb:set package 'serial' build argument 'cmake_clean_first' from command line to 'False'
[1.119s] Level 5:colcon.colcon_core.verb:set package 'serial' build argument 'cmake_force_configure' from command line to 'False'
[1.119s] Level 5:colcon.colcon_core.verb:set package 'serial' build argument 'ament_cmake_args' from command line to 'None'
[1.119s] Level 5:colcon.colcon_core.verb:set package 'serial' build argument 'catkin_cmake_args' from command line to 'None'
[1.119s] Level 5:colcon.colcon_core.verb:set package 'serial' build argument 'catkin_skip_building_tests' from command line to 'False'
[1.119s] DEBUG:colcon.colcon_core.verb:Building package 'serial' with the following arguments: {'ament_cmake_args': None, 'build_base': '/home/mohamed/ws/build/serial', 'catkin_cmake_args': None, 'catkin_skip_building_tests': False, 'cmake_args': None, 'cmake_clean_cache': False, 'cmake_clean_first': False, 'cmake_force_configure': False, 'cmake_target': None, 'cmake_target_skip_unavailable': False, 'install_base': '/home/mohamed/ws/install/serial', 'merge_install': False, 'path': '/home/mohamed/ws/src/serial', 'symlink_install': True, 'test_result_base': None}
[1.120s] Level 5:colcon.colcon_core.verb:set package 'diffdrive_arduino' build argument 'cmake_args' from command line to 'None'
[1.121s] Level 5:colcon.colcon_core.verb:set package 'diffdrive_arduino' build argument 'cmake_target' from command line to 'None'
[1.121s] Level 5:colcon.colcon_core.verb:set package 'diffdrive_arduino' build argument 'cmake_target_skip_unavailable' from command line to 'False'
[1.121s] Level 5:colcon.colcon_core.verb:set package 'diffdrive_arduino' build argument 'cmake_clean_cache' from command line to 'False'
[1.121s] Level 5:colcon.colcon_core.verb:set package 'diffdrive_arduino' build argument 'cmake_clean_first' from command line to 'False'
[1.121s] Level 5:colcon.colcon_core.verb:set package 'diffdrive_arduino' build argument 'cmake_force_configure' from command line to 'False'
[1.121s] Level 5:colcon.colcon_core.verb:set package 'diffdrive_arduino' build argument 'ament_cmake_args' from command line to 'None'
[1.121s] Level 5:colcon.colcon_core.verb:set package 'diffdrive_arduino' build argument 'catkin_cmake_args' from command line to 'None'
[1.121s] Level 5:colcon.colcon_core.verb:set package 'diffdrive_arduino' build argument 'catkin_skip_building_tests' from command line to 'False'
[1.121s] DEBUG:colcon.colcon_core.verb:Building package 'diffdrive_arduino' with the following arguments: {'ament_cmake_args': None, 'build_base': '/home/mohamed/ws/build/diffdrive_arduino', 'catkin_cmake_args': None, 'catkin_skip_building_tests': False, 'cmake_args': None, 'cmake_clean_cache': False, 'cmake_clean_first': False, 'cmake_force_configure': False, 'cmake_target': None, 'cmake_target_skip_unavailable': False, 'install_base': '/home/mohamed/ws/install/diffdrive_arduino', 'merge_install': False, 'path': '/home/mohamed/ws/src/diffdrive_arduino', 'symlink_install': True, 'test_result_base': None}
[1.122s] INFO:colcon.colcon_core.executor:Executing jobs using 'parallel' executor
[1.124s] DEBUG:colcon.colcon_parallel_executor.executor.parallel:run_until_complete
[1.124s] INFO:colcon.colcon_ros.task.ament_cmake.build:Building ROS package in '/home/mohamed/ws/src/serial' with build type 'ament_cmake'
[1.125s] INFO:colcon.colcon_cmake.task.cmake.build:Building CMake package in '/home/mohamed/ws/src/serial'
[1.130s] INFO:colcon.colcon_core.plugin_system:Skipping extension 'colcon_core.shell.bat': Not used on non-Windows systems
[1.130s] INFO:colcon.colcon_core.shell:Skip shell extension 'powershell' for command environment: Not usable outside of PowerShell
[1.130s] DEBUG:colcon.colcon_core.shell:Skip shell extension 'dsv' for command environment
[1.146s] INFO:colcon.colcon_ros.task.ament_cmake.build:Building ROS package in '/home/mohamed/ws/src/articubot_one' with build type 'ament_cmake'
[1.147s] INFO:colcon.colcon_cmake.task.cmake.build:Building CMake package in '/home/mohamed/ws/src/articubot_one'
[1.148s] INFO:colcon.colcon_core.shell:Skip shell extension 'powershell' for command environment: Not usable outside of PowerShell
[1.148s] DEBUG:colcon.colcon_core.shell:Skip shell extension 'dsv' for command environment
[1.181s] DEBUG:colcon.colcon_core.event_handler.log_command:Invoking command in '/home/mohamed/ws/build/serial': CMAKE_PREFIX_PATH=${CMAKE_PREFIX_PATH}:/home/mohamed/ros2_ws/install/serial_motor_demo:/opt/ros/humble /usr/bin/cmake --build /home/mohamed/ws/build/serial -- -j4 -l4
[1.200s] DEBUG:colcon.colcon_core.event_handler.log_command:Invoking command in '/home/mohamed/ws/build/articubot_one': CMAKE_PREFIX_PATH=${CMAKE_PREFIX_PATH}:/home/mohamed/ros2_ws/install/serial_motor_demo:/opt/ros/humble /usr/bin/cmake --build /home/mohamed/ws/build/articubot_one -- -j4 -l4
[1.350s] DEBUG:colcon.colcon_core.event_handler.log_command:Invoked command in '/home/mohamed/ws/build/articubot_one' returned '0': CMAKE_PREFIX_PATH=${CMAKE_PREFIX_PATH}:/home/mohamed/ros2_ws/install/serial_motor_demo:/opt/ros/humble /usr/bin/cmake --build /home/mohamed/ws/build/articubot_one -- -j4 -l4
[1.524s] DEBUG:colcon.colcon_core.event_handler.log_command:Invoking command in '/home/mohamed/ws/build/articubot_one': CMAKE_PREFIX_PATH=${CMAKE_PREFIX_PATH}:/home/mohamed/ros2_ws/install/serial_motor_demo:/opt/ros/humble /usr/bin/cmake --install /home/mohamed/ws/build/articubot_one
[1.560s] DEBUG:colcon.colcon_core.event_handler.log_command:Invoked command in '/home/mohamed/ws/build/serial' returned '0': CMAKE_PREFIX_PATH=${CMAKE_PREFIX_PATH}:/home/mohamed/ros2_ws/install/serial_motor_demo:/opt/ros/humble /usr/bin/cmake --build /home/mohamed/ws/build/serial -- -j4 -l4
[1.656s] Level 1:colcon.colcon_core.environment:create_environment_scripts_only(articubot_one)
[1.659s] DEBUG:colcon.colcon_core.event_handler.log_command:Invoked command in '/home/mohamed/ws/build/articubot_one' returned '0': CMAKE_PREFIX_PATH=${CMAKE_PREFIX_PATH}:/home/mohamed/ros2_ws/install/serial_motor_demo:/opt/ros/humble /usr/bin/cmake --install /home/mohamed/ws/build/articubot_one
[1.663s] Level 1:colcon.colcon_core.environment:checking '/home/mohamed/ws/install/articubot_one' for CMake module files
[1.664s] Level 1:colcon.colcon_core.environment:checking '/home/mohamed/ws/install/articubot_one' for CMake config files
[1.665s] Level 1:colcon.colcon_core.shell:create_environment_hook('articubot_one', 'cmake_prefix_path')
[1.666s] INFO:colcon.colcon_core.shell:Creating environment hook '/home/mohamed/ws/install/articubot_one/share/articubot_one/hook/cmake_prefix_path.ps1'
[1.668s] INFO:colcon.colcon_core.shell:Creating environment descriptor '/home/mohamed/ws/install/articubot_one/share/articubot_one/hook/cmake_prefix_path.dsv'
[1.671s] INFO:colcon.colcon_core.shell:Creating environment hook '/home/mohamed/ws/install/articubot_one/share/articubot_one/hook/cmake_prefix_path.sh'
[1.676s] Level 1:colcon.colcon_core.environment:checking '/home/mohamed/ws/install/articubot_one/bin'
[1.676s] Level 1:colcon.colcon_core.environment:checking '/home/mohamed/ws/install/articubot_one/lib/pkgconfig/articubot_one.pc'
[1.677s] Level 1:colcon.colcon_core.environment:checking '/home/mohamed/ws/install/articubot_one/lib/python3.10/site-packages'
[1.680s] Level 1:colcon.colcon_core.environment:checking '/home/mohamed/ws/install/articubot_one/bin'
[1.681s] INFO:colcon.colcon_core.shell:Creating package script '/home/mohamed/ws/install/articubot_one/share/articubot_one/package.ps1'
[1.684s] INFO:colcon.colcon_core.shell:Creating package descriptor '/home/mohamed/ws/install/articubot_one/share/articubot_one/package.dsv'
[1.686s] INFO:colcon.colcon_core.shell:Creating package script '/home/mohamed/ws/install/articubot_one/share/articubot_one/package.sh'
[1.688s] INFO:colcon.colcon_core.shell:Creating package script '/home/mohamed/ws/install/articubot_one/share/articubot_one/package.bash'
[1.691s] INFO:colcon.colcon_core.shell:Creating package script '/home/mohamed/ws/install/articubot_one/share/articubot_one/package.zsh'
[1.693s] Level 1:colcon.colcon_core.environment:create_file_with_runtime_dependencies(/home/mohamed/ws/install/articubot_one/share/colcon-core/packages/articubot_one)
[1.746s] DEBUG:colcon.colcon_core.event_handler.log_command:Invoking command in '/home/mohamed/ws/build/serial': CMAKE_PREFIX_PATH=${CMAKE_PREFIX_PATH}:/home/mohamed/ros2_ws/install/serial_motor_demo:/opt/ros/humble /usr/bin/cmake --install /home/mohamed/ws/build/serial
[1.776s] Level 1:colcon.colcon_core.environment:create_environment_scripts_only(articubot_one)
[1.777s] Level 1:colcon.colcon_core.environment:checking '/home/mohamed/ws/install/articubot_one' for CMake module files
[1.781s] Level 1:colcon.colcon_core.environment:checking '/home/mohamed/ws/install/articubot_one' for CMake config files
[1.786s] Level 1:colcon.colcon_core.shell:create_environment_hook('articubot_one', 'cmake_prefix_path')
[1.786s] INFO:colcon.colcon_core.shell:Creating environment hook '/home/mohamed/ws/install/articubot_one/share/articubot_one/hook/cmake_prefix_path.ps1'
[1.787s] INFO:colcon.colcon_core.shell:Creating environment descriptor '/home/mohamed/ws/install/articubot_one/share/articubot_one/hook/cmake_prefix_path.dsv'
[1.788s] INFO:colcon.colcon_core.shell:Creating environment hook '/home/mohamed/ws/install/articubot_one/share/articubot_one/hook/cmake_prefix_path.sh'
[1.789s] Level 1:colcon.colcon_core.environment:checking '/home/mohamed/ws/install/articubot_one/bin'
[1.789s] Level 1:colcon.colcon_core.environment:checking '/home/mohamed/ws/install/articubot_one/lib/pkgconfig/articubot_one.pc'
[1.790s] Level 1:colcon.colcon_core.environment:checking '/home/mohamed/ws/install/articubot_one/lib/python3.10/site-packages'
[1.790s] Level 1:colcon.colcon_core.environment:checking '/home/mohamed/ws/install/articubot_one/bin'
[1.791s] INFO:colcon.colcon_core.shell:Creating package script '/home/mohamed/ws/install/articubot_one/share/articubot_one/package.ps1'
[1.792s] INFO:colcon.colcon_core.shell:Creating package descriptor '/home/mohamed/ws/install/articubot_one/share/articubot_one/package.dsv'
[1.793s] INFO:colcon.colcon_core.shell:Creating package script '/home/mohamed/ws/install/articubot_one/share/articubot_one/package.sh'
[1.794s] INFO:colcon.colcon_core.shell:Creating package script '/home/mohamed/ws/install/articubot_one/share/articubot_one/package.bash'
[1.794s] INFO:colcon.colcon_core.shell:Creating package script '/home/mohamed/ws/install/articubot_one/share/articubot_one/package.zsh'
[1.795s] Level 1:colcon.colcon_core.environment:create_file_with_runtime_dependencies(/home/mohamed/ws/install/articubot_one/share/colcon-core/packages/articubot_one)
[1.821s] Level 1:colcon.colcon_core.environment:create_environment_scripts_only(serial)
[1.821s] DEBUG:colcon.colcon_core.event_handler.log_command:Invoked command in '/home/mohamed/ws/build/serial' returned '0': CMAKE_PREFIX_PATH=${CMAKE_PREFIX_PATH}:/home/mohamed/ros2_ws/install/serial_motor_demo:/opt/ros/humble /usr/bin/cmake --install /home/mohamed/ws/build/serial
[1.822s] Level 1:colcon.colcon_core.environment:checking '/home/mohamed/ws/install/serial' for CMake module files
[1.825s] Level 1:colcon.colcon_core.environment:checking '/home/mohamed/ws/install/serial' for CMake config files
[1.826s] Level 1:colcon.colcon_core.shell:create_environment_hook('serial', 'cmake_prefix_path')
[1.826s] INFO:colcon.colcon_core.shell:Creating environment hook '/home/mohamed/ws/install/serial/share/serial/hook/cmake_prefix_path.ps1'
[1.830s] INFO:colcon.colcon_core.shell:Creating environment descriptor '/home/mohamed/ws/install/serial/share/serial/hook/cmake_prefix_path.dsv'
[1.831s] INFO:colcon.colcon_core.shell:Creating environment hook '/home/mohamed/ws/install/serial/share/serial/hook/cmake_prefix_path.sh'
[1.832s] Level 1:colcon.colcon_core.environment:checking '/home/mohamed/ws/install/serial/lib'
[1.833s] Level 1:colcon.colcon_core.environment:checking '/home/mohamed/ws/install/serial/bin'
[1.833s] Level 1:colcon.colcon_core.environment:checking '/home/mohamed/ws/install/serial/lib/pkgconfig/serial.pc'
[1.834s] Level 1:colcon.colcon_core.environment:checking '/home/mohamed/ws/install/serial/lib/python3.10/site-packages'
[1.834s] Level 1:colcon.colcon_core.environment:checking '/home/mohamed/ws/install/serial/bin'
[1.835s] INFO:colcon.colcon_core.shell:Creating package script '/home/mohamed/ws/install/serial/share/serial/package.ps1'
[1.836s] INFO:colcon.colcon_core.shell:Creating package descriptor '/home/mohamed/ws/install/serial/share/serial/package.dsv'
[1.837s] INFO:colcon.colcon_core.shell:Creating package script '/home/mohamed/ws/install/serial/share/serial/package.sh'
[1.839s] INFO:colcon.colcon_core.shell:Creating package script '/home/mohamed/ws/install/serial/share/serial/package.bash'
[1.840s] INFO:colcon.colcon_core.shell:Creating package script '/home/mohamed/ws/install/serial/share/serial/package.zsh'
[1.841s] Level 1:colcon.colcon_core.environment:create_file_with_runtime_dependencies(/home/mohamed/ws/install/serial/share/colcon-core/packages/serial)
[1.958s] Level 1:colcon.colcon_core.environment:create_environment_scripts_only(serial)
[1.960s] Level 1:colcon.colcon_core.environment:checking '/home/mohamed/ws/install/serial' for CMake module files
[1.962s] Level 1:colcon.colcon_core.environment:checking '/home/mohamed/ws/install/serial' for CMake config files
[1.963s] Level 1:colcon.colcon_core.shell:create_environment_hook('serial', 'cmake_prefix_path')
[1.964s] INFO:colcon.colcon_core.shell:Creating environment hook '/home/mohamed/ws/install/serial/share/serial/hook/cmake_prefix_path.ps1'
[1.965s] INFO:colcon.colcon_core.shell:Creating environment descriptor '/home/mohamed/ws/install/serial/share/serial/hook/cmake_prefix_path.dsv'
[1.966s] INFO:colcon.colcon_core.shell:Creating environment hook '/home/mohamed/ws/install/serial/share/serial/hook/cmake_prefix_path.sh'
[1.967s] Level 1:colcon.colcon_core.environment:checking '/home/mohamed/ws/install/serial/lib'
[1.967s] Level 1:colcon.colcon_core.environment:checking '/home/mohamed/ws/install/serial/bin'
[1.967s] Level 1:colcon.colcon_core.environment:checking '/home/mohamed/ws/install/serial/lib/pkgconfig/serial.pc'
[1.968s] Level 1:colcon.colcon_core.environment:checking '/home/mohamed/ws/install/serial/lib/python3.10/site-packages'
[1.969s] Level 1:colcon.colcon_core.environment:checking '/home/mohamed/ws/install/serial/bin'
[1.972s] INFO:colcon.colcon_core.shell:Creating package script '/home/mohamed/ws/install/serial/share/serial/package.ps1'
[1.973s] INFO:colcon.colcon_core.shell:Creating package descriptor '/home/mohamed/ws/install/serial/share/serial/package.dsv'
[1.974s] INFO:colcon.colcon_core.shell:Creating package script '/home/mohamed/ws/install/serial/share/serial/package.sh'
[1.975s] INFO:colcon.colcon_core.shell:Creating package script '/home/mohamed/ws/install/serial/share/serial/package.bash'
[1.976s] INFO:colcon.colcon_core.shell:Creating package script '/home/mohamed/ws/install/serial/share/serial/package.zsh'
[1.977s] Level 1:colcon.colcon_core.environment:create_file_with_runtime_dependencies(/home/mohamed/ws/install/serial/share/colcon-core/packages/serial)
[1.978s] INFO:colcon.colcon_ros.task.ament_cmake.build:Building ROS package in '/home/mohamed/ws/src/diffdrive_arduino' with build type 'ament_cmake'
[1.979s] INFO:colcon.colcon_cmake.task.cmake.build:Building CMake package in '/home/mohamed/ws/src/diffdrive_arduino'
[1.980s] INFO:colcon.colcon_core.shell:Skip shell extension 'powershell' for command environment: Not usable outside of PowerShell
[1.980s] DEBUG:colcon.colcon_core.shell:Skip shell extension 'dsv' for command environment
[2.022s] DEBUG:colcon.colcon_core.event_handler.log_command:Invoking command in '/home/mohamed/ws/build/diffdrive_arduino': AMENT_PREFIX_PATH=/home/mohamed/ws/install/serial:${AMENT_PREFIX_PATH} CMAKE_PREFIX_PATH=/home/mohamed/ws/install/serial:/home/mohamed/ws/install/articubot_one:/home/mohamed/ros2_ws/install/serial_motor_demo_msgs:/home/mohamed/ros2_ws/install/diffdrive_arduino:/home/mohamed/ros2_ws/install/serial:/home/mohamed/ros2_ws/install/diff_bot:/home/mohamed/ros2_ws/install/articubot_one:/home/mohamed/ros2_ws/install/serial_motor_demo:/opt/ros/humble LD_LIBRARY_PATH=/home/mohamed/ws/install/serial/lib:${LD_LIBRARY_PATH} /usr/bin/cmake --build /home/mohamed/ws/build/diffdrive_arduino -- -j4 -l4
[2.330s] DEBUG:colcon.colcon_core.event_handler.log_command:Invoked command in '/home/mohamed/ws/build/diffdrive_arduino' returned '0': AMENT_PREFIX_PATH=/home/mohamed/ws/install/serial:${AMENT_PREFIX_PATH} CMAKE_PREFIX_PATH=/home/mohamed/ws/install/serial:/home/mohamed/ws/install/articubot_one:/home/mohamed/ros2_ws/install/serial_motor_demo_msgs:/home/mohamed/ros2_ws/install/diffdrive_arduino:/home/mohamed/ros2_ws/install/serial:/home/mohamed/ros2_ws/install/diff_bot:/home/mohamed/ros2_ws/install/articubot_one:/home/mohamed/ros2_ws/install/serial_motor_demo:/opt/ros/humble LD_LIBRARY_PATH=/home/mohamed/ws/install/serial/lib:${LD_LIBRARY_PATH} /usr/bin/cmake --build /home/mohamed/ws/build/diffdrive_arduino -- -j4 -l4
[2.464s] DEBUG:colcon.colcon_core.event_handler.log_command:Invoking command in '/home/mohamed/ws/build/diffdrive_arduino': AMENT_PREFIX_PATH=/home/mohamed/ws/install/serial:${AMENT_PREFIX_PATH} CMAKE_PREFIX_PATH=/home/mohamed/ws/install/serial:/home/mohamed/ws/install/articubot_one:/home/mohamed/ros2_ws/install/serial_motor_demo_msgs:/home/mohamed/ros2_ws/install/diffdrive_arduino:/home/mohamed/ros2_ws/install/serial:/home/mohamed/ros2_ws/install/diff_bot:/home/mohamed/ros2_ws/install/articubot_one:/home/mohamed/ros2_ws/install/serial_motor_demo:/opt/ros/humble LD_LIBRARY_PATH=/home/mohamed/ws/install/serial/lib:${LD_LIBRARY_PATH} /usr/bin/cmake --install /home/mohamed/ws/build/diffdrive_arduino
[2.566s] Level 1:colcon.colcon_core.environment:create_environment_scripts_only(diffdrive_arduino)
[2.566s] DEBUG:colcon.colcon_core.event_handler.log_command:Invoked command in '/home/mohamed/ws/build/diffdrive_arduino' returned '0': AMENT_PREFIX_PATH=/home/mohamed/ws/install/serial:${AMENT_PREFIX_PATH} CMAKE_PREFIX_PATH=/home/mohamed/ws/install/serial:/home/mohamed/ws/install/articubot_one:/home/mohamed/ros2_ws/install/serial_motor_demo_msgs:/home/mohamed/ros2_ws/install/diffdrive_arduino:/home/mohamed/ros2_ws/install/serial:/home/mohamed/ros2_ws/install/diff_bot:/home/mohamed/ros2_ws/install/articubot_one:/home/mohamed/ros2_ws/install/serial_motor_demo:/opt/ros/humble LD_LIBRARY_PATH=/home/mohamed/ws/install/serial/lib:${LD_LIBRARY_PATH} /usr/bin/cmake --install /home/mohamed/ws/build/diffdrive_arduino
[2.566s] Level 1:colcon.colcon_core.environment:checking '/home/mohamed/ws/install/diffdrive_arduino' for CMake module files
[2.568s] Level 1:colcon.colcon_core.environment:checking '/home/mohamed/ws/install/diffdrive_arduino' for CMake config files
[2.568s] Level 1:colcon.colcon_core.shell:create_environment_hook('diffdrive_arduino', 'cmake_prefix_path')
[2.578s] INFO:colcon.colcon_core.shell:Creating environment hook '/home/mohamed/ws/install/diffdrive_arduino/share/diffdrive_arduino/hook/cmake_prefix_path.ps1'
[2.579s] INFO:colcon.colcon_core.shell:Creating environment descriptor '/home/mohamed/ws/install/diffdrive_arduino/share/diffdrive_arduino/hook/cmake_prefix_path.dsv'
[2.580s] INFO:colcon.colcon_core.shell:Creating environment hook '/home/mohamed/ws/install/diffdrive_arduino/share/diffdrive_arduino/hook/cmake_prefix_path.sh'
[2.581s] Level 1:colcon.colcon_core.environment:checking '/home/mohamed/ws/install/diffdrive_arduino/lib'
[2.581s] Level 1:colcon.colcon_core.shell:create_environment_hook('diffdrive_arduino', 'ld_library_path_lib')
[2.588s] INFO:colcon.colcon_core.shell:Creating environment hook '/home/mohamed/ws/install/diffdrive_arduino/share/diffdrive_arduino/hook/ld_library_path_lib.ps1'
[2.590s] INFO:colcon.colcon_core.shell:Creating environment descriptor '/home/mohamed/ws/install/diffdrive_arduino/share/diffdrive_arduino/hook/ld_library_path_lib.dsv'
[2.590s] INFO:colcon.colcon_core.shell:Creating environment hook '/home/mohamed/ws/install/diffdrive_arduino/share/diffdrive_arduino/hook/ld_library_path_lib.sh'
[2.591s] Level 1:colcon.colcon_core.environment:checking '/home/mohamed/ws/install/diffdrive_arduino/bin'
[2.591s] Level 1:colcon.colcon_core.environment:checking '/home/mohamed/ws/install/diffdrive_arduino/lib/pkgconfig/diffdrive_arduino.pc'
[2.592s] Level 1:colcon.colcon_core.environment:checking '/home/mohamed/ws/install/diffdrive_arduino/lib/python3.10/site-packages'
[2.592s] Level 1:colcon.colcon_core.environment:checking '/home/mohamed/ws/install/diffdrive_arduino/bin'
[2.593s] INFO:colcon.colcon_core.shell:Creating package script '/home/mohamed/ws/install/diffdrive_arduino/share/diffdrive_arduino/package.ps1'
[2.595s] INFO:colcon.colcon_core.shell:Creating package descriptor '/home/mohamed/ws/install/diffdrive_arduino/share/diffdrive_arduino/package.dsv'
[2.596s] INFO:colcon.colcon_core.shell:Creating package script '/home/mohamed/ws/install/diffdrive_arduino/share/diffdrive_arduino/package.sh'
[2.596s] INFO:colcon.colcon_core.shell:Creating package script '/home/mohamed/ws/install/diffdrive_arduino/share/diffdrive_arduino/package.bash'
[2.597s] INFO:colcon.colcon_core.shell:Creating package script '/home/mohamed/ws/install/diffdrive_arduino/share/diffdrive_arduino/package.zsh'
[2.598s] Level 1:colcon.colcon_core.environment:create_file_with_runtime_dependencies(/home/mohamed/ws/install/diffdrive_arduino/share/colcon-core/packages/diffdrive_arduino)
[2.760s] Level 1:colcon.colcon_core.environment:create_environment_scripts_only(diffdrive_arduino)
[2.761s] Level 1:colcon.colcon_core.environment:checking '/home/mohamed/ws/install/diffdrive_arduino' for CMake module files
[2.763s] Level 1:colcon.colcon_core.environment:checking '/home/mohamed/ws/install/diffdrive_arduino' for CMake config files
[2.764s] Level 1:colcon.colcon_core.shell:create_environment_hook('diffdrive_arduino', 'cmake_prefix_path')
[2.765s] INFO:colcon.colcon_core.shell:Creating environment hook '/home/mohamed/ws/install/diffdrive_arduino/share/diffdrive_arduino/hook/cmake_prefix_path.ps1'
[2.767s] INFO:colcon.colcon_core.shell:Creating environment descriptor '/home/mohamed/ws/install/diffdrive_arduino/share/diffdrive_arduino/hook/cmake_prefix_path.dsv'
[2.768s] INFO:colcon.colcon_core.shell:Creating environment hook '/home/mohamed/ws/install/diffdrive_arduino/share/diffdrive_arduino/hook/cmake_prefix_path.sh'
[2.769s] Level 1:colcon.colcon_core.environment:checking '/home/mohamed/ws/install/diffdrive_arduino/lib'
[2.770s] Level 1:colcon.colcon_core.shell:create_environment_hook('diffdrive_arduino', 'ld_library_path_lib')
[2.771s] INFO:colcon.colcon_core.shell:Creating environment hook '/home/mohamed/ws/install/diffdrive_arduino/share/diffdrive_arduino/hook/ld_library_path_lib.ps1'
[2.772s] INFO:colcon.colcon_core.shell:Creating environment descriptor '/home/mohamed/ws/install/diffdrive_arduino/share/diffdrive_arduino/hook/ld_library_path_lib.dsv'
[2.773s] INFO:colcon.colcon_core.shell:Creating environment hook '/home/mohamed/ws/install/diffdrive_arduino/share/diffdrive_arduino/hook/ld_library_path_lib.sh'
[2.774s] Level 1:colcon.colcon_core.environment:checking '/home/mohamed/ws/install/diffdrive_arduino/bin'
[2.775s] Level 1:colcon.colcon_core.environment:checking '/home/mohamed/ws/install/diffdrive_arduino/lib/pkgconfig/diffdrive_arduino.pc'
[2.775s] Level 1:colcon.colcon_core.environment:checking '/home/mohamed/ws/install/diffdrive_arduino/lib/python3.10/site-packages'
[2.776s] Level 1:colcon.colcon_core.environment:checking '/home/mohamed/ws/install/diffdrive_arduino/bin'
[2.778s] INFO:colcon.colcon_core.shell:Creating package script '/home/mohamed/ws/install/diffdrive_arduino/share/diffdrive_arduino/package.ps1'
[2.780s] INFO:colcon.colcon_core.shell:Creating package descriptor '/home/mohamed/ws/install/diffdrive_arduino/share/diffdrive_arduino/package.dsv'
[2.782s] INFO:colcon.colcon_core.shell:Creating package script '/home/mohamed/ws/install/diffdrive_arduino/share/diffdrive_arduino/package.sh'
[2.783s] INFO:colcon.colcon_core.shell:Creating package script '/home/mohamed/ws/install/diffdrive_arduino/share/diffdrive_arduino/package.bash'
[2.784s] INFO:colcon.colcon_core.shell:Creating package script '/home/mohamed/ws/install/diffdrive_arduino/share/diffdrive_arduino/package.zsh'
[2.786s] Level 1:colcon.colcon_core.environment:create_file_with_runtime_dependencies(/home/mohamed/ws/install/diffdrive_arduino/share/colcon-core/packages/diffdrive_arduino)
[2.786s] DEBUG:colcon.colcon_parallel_executor.executor.parallel:closing loop
[2.789s] DEBUG:colcon.colcon_parallel_executor.executor.parallel:loop closed
[2.790s] DEBUG:colcon.colcon_parallel_executor.executor.parallel:run_until_complete finished with '0'
[2.790s] DEBUG:colcon.colcon_core.event_reactor:joining thread
[2.812s] INFO:colcon.colcon_core.plugin_system:Skipping extension 'colcon_notification.desktop_notification.terminal_notifier': Not used on non-Darwin systems
[2.812s] INFO:colcon.colcon_core.plugin_system:Skipping extension 'colcon_notification.desktop_notification.win32': Not used on non-Windows systems
[2.813s] INFO:colcon.colcon_notification.desktop_notification:Sending desktop notification using 'notify2'
[2.852s] DEBUG:colcon.colcon_core.event_reactor:joined thread
[2.853s] INFO:colcon.colcon_core.shell:Creating prefix script '/home/mohamed/ws/install/local_setup.ps1'
[2.855s] INFO:colcon.colcon_core.shell:Creating prefix util module '/home/mohamed/ws/install/_local_setup_util_ps1.py'
[2.860s] INFO:colcon.colcon_core.shell:Creating prefix chain script '/home/mohamed/ws/install/setup.ps1'
[2.864s] INFO:colcon.colcon_core.shell:Creating prefix script '/home/mohamed/ws/install/local_setup.sh'
[2.865s] INFO:colcon.colcon_core.shell:Creating prefix util module '/home/mohamed/ws/install/_local_setup_util_sh.py'
[2.866s] INFO:colcon.colcon_core.shell:Creating prefix chain script '/home/mohamed/ws/install/setup.sh'
[2.869s] INFO:colcon.colcon_core.shell:Creating prefix script '/home/mohamed/ws/install/local_setup.bash'
[2.870s] INFO:colcon.colcon_core.shell:Creating prefix chain script '/home/mohamed/ws/install/setup.bash'
[2.883s] INFO:colcon.colcon_core.shell:Creating prefix script '/home/mohamed/ws/install/local_setup.zsh'
[2.885s] INFO:colcon.colcon_core.shell:Creating prefix chain script '/home/mohamed/ws/install/setup.zsh'
