[0.032s] Invoking command in '/home/mohamed/ws/build/articubot_one': CMAKE_PREFIX_PATH=${CMAKE_PREFIX_PATH}:/home/mohamed/ros2_ws/install/serial_motor_demo:/opt/ros/humble /usr/bin/cmake --build /home/mohamed/ws/build/articubot_one -- -j4 -l4
[0.093s] -- Found ament_cmake: 1.3.8 (/opt/ros/humble/share/ament_cmake/cmake)
[0.397s] -- Override CMake install command with custom implementation using symlinks instead of copying resources
[0.417s] -- Found ament_lint_auto: 0.12.10 (/opt/ros/humble/share/ament_lint_auto/cmake)
[0.596s] -- Added test 'copyright' to check source files copyright and LICENSE
[0.601s] -- Added test 'flake8' to check Python code syntax and style conventions
[0.603s] -- Added test 'lint_cmake' to check CMake code style
[0.604s] -- Added test 'pep257' to check Python code against some of the docstring style conventions in PEP 257
[0.607s] -- Added test 'xmllint' to check XML markup files
[0.610s] -- Configuring done
[0.619s] -- Generating done
[0.626s] -- Build files have been written to: /home/mohamed/ws/build/articubot_one
[0.675s] Invoked command in '/home/mohamed/ws/build/articubot_one' returned '0': CMAKE_PREFIX_PATH=${CMAKE_PREFIX_PATH}:/home/mohamed/ros2_ws/install/serial_motor_demo:/opt/ros/humble /usr/bin/cmake --build /home/mohamed/ws/build/articubot_one -- -j4 -l4
[0.752s] Invoking command in '/home/mohamed/ws/build/articubot_one': CMAKE_PREFIX_PATH=${CMAKE_PREFIX_PATH}:/home/mohamed/ros2_ws/install/serial_motor_demo:/opt/ros/humble /usr/bin/cmake --install /home/mohamed/ws/build/articubot_one
[0.770s] -- Install configuration: ""
[0.774s] -- Execute custom install script
[0.777s] [31mCMake Error at ament_cmake_symlink_install/ament_cmake_symlink_install.cmake:100 (message):
[0.777s]   ament_cmake_symlink_install_directory() can't find
[0.777s]   '/home/mohamed/ws/src/articubot_one/config'
[0.778s] Call Stack (most recent call first):
[0.778s]   ament_cmake_symlink_install/ament_cmake_symlink_install.cmake:314 (ament_cmake_symlink_install_directory)
[0.779s]   cmake_install.cmake:46 (include)
[0.779s] 
[0.780s] [0m
[0.783s] Invoked command in '/home/mohamed/ws/build/articubot_one' returned '1': CMAKE_PREFIX_PATH=${CMAKE_PREFIX_PATH}:/home/mohamed/ros2_ws/install/serial_motor_demo:/opt/ros/humble /usr/bin/cmake --install /home/mohamed/ws/build/articubot_one
