[5.278s] DEBUG:colcon:Command line arguments: ['/usr/bin/colcon', 'build', '--symlink-install']
[5.278s] DEBUG:colcon:Parsed command line arguments: Namespace(log_base=None, log_level=None, verb_name='build', build_base='build', install_base='install', merge_install=False, symlink_install=True, test_result_base=None, continue_on_error=False, executor='parallel', parallel_workers=4, event_handlers=None, ignore_user_meta=False, metas=['./colcon.meta'], base_paths=['.'], packages_ignore=None, packages_ignore_regex=None, paths=None, packages_up_to=None, packages_up_to_regex=None, packages_above=None, packages_above_and_dependencies=None, packages_above_depth=None, packages_select_by_dep=None, packages_skip_by_dep=None, packages_skip_up_to=None, packages_select_build_failed=False, packages_skip_build_finished=False, packages_select_test_failures=False, packages_skip_test_passed=False, packages_select=None, packages_skip=None, packages_select_regex=None, packages_skip_regex=None, packages_start=None, packages_end=None, allow_overriding=[], cmake_args=None, cmake_target=None, cmake_target_skip_unavailable=False, cmake_clean_cache=False, cmake_clean_first=False, cmake_force_configure=False, ament_cmake_args=None, catkin_cmake_args=None, catkin_skip_building_tests=False, mixin_files=None, mixin=None, verb_parser=<colcon_mixin.mixin.mixin_argument.MixinArgumentDecorator object at 0x7de872d36080>, verb_extension=<colcon_core.verb.build.BuildVerb object at 0x7de872d359f0>, main=<bound method BuildVerb.main of <colcon_core.verb.build.BuildVerb object at 0x7de872d359f0>>, mixin_verb=('build',))
[12.513s] Level 1:colcon.colcon_core.package_discovery:discover_packages(colcon_meta) check parameters
[12.515s] Level 1:colcon.colcon_core.package_discovery:discover_packages(recursive) check parameters
[12.516s] Level 1:colcon.colcon_core.package_discovery:discover_packages(ignore) check parameters
[12.516s] Level 1:colcon.colcon_core.package_discovery:discover_packages(path) check parameters
[12.516s] Level 1:colcon.colcon_core.package_discovery:discover_packages(colcon_meta) discover
[12.517s] Level 1:colcon.colcon_core.package_discovery:discover_packages(recursive) discover
[12.517s] INFO:colcon.colcon_core.package_discovery:Crawling recursively for packages in '/home/mohamed/ws'
[12.518s] Level 1:colcon.colcon_core.package_identification:_identify(.) by extensions ['ignore', 'ignore_ament_install']
[12.519s] Level 1:colcon.colcon_core.package_identification:_identify(.) by extension 'ignore'
[12.519s] Level 1:colcon.colcon_core.package_identification:_identify(.) by extension 'ignore_ament_install'
[12.520s] Level 1:colcon.colcon_core.package_identification:_identify(.) by extensions ['colcon_pkg']
[12.520s] Level 1:colcon.colcon_core.package_identification:_identify(.) by extension 'colcon_pkg'
[12.521s] Level 1:colcon.colcon_core.package_identification:_identify(.) by extensions ['colcon_meta']
[12.521s] Level 1:colcon.colcon_core.package_identification:_identify(.) by extension 'colcon_meta'
[12.521s] Level 1:colcon.colcon_core.package_identification:_identify(.) by extensions ['ros']
[12.522s] Level 1:colcon.colcon_core.package_identification:_identify(.) by extension 'ros'
[12.617s] Level 1:colcon.colcon_core.package_identification:_identify(.) by extensions ['cmake', 'python']
[12.617s] Level 1:colcon.colcon_core.package_identification:_identify(.) by extension 'cmake'
[12.617s] Level 1:colcon.colcon_core.package_identification:_identify(.) by extension 'python'
[12.618s] Level 1:colcon.colcon_core.package_identification:_identify(.) by extensions ['python_setup_py']
[12.618s] Level 1:colcon.colcon_core.package_identification:_identify(.) by extension 'python_setup_py'
[12.628s] Level 1:colcon.colcon_core.package_identification:_identify(build) by extensions ['ignore', 'ignore_ament_install']
[12.628s] Level 1:colcon.colcon_core.package_identification:_identify(build) by extension 'ignore'
[12.628s] Level 1:colcon.colcon_core.package_identification:_identify(build) ignored
[12.628s] Level 1:colcon.colcon_core.package_identification:_identify(install) by extensions ['ignore', 'ignore_ament_install']
[12.628s] Level 1:colcon.colcon_core.package_identification:_identify(install) by extension 'ignore'
[12.629s] Level 1:colcon.colcon_core.package_identification:_identify(install) ignored
[12.629s] Level 1:colcon.colcon_core.package_identification:_identify(log) by extensions ['ignore', 'ignore_ament_install']
[12.629s] Level 1:colcon.colcon_core.package_identification:_identify(log) by extension 'ignore'
[12.629s] Level 1:colcon.colcon_core.package_identification:_identify(log) ignored
[12.639s] Level 1:colcon.colcon_core.package_identification:_identify(src) by extensions ['ignore', 'ignore_ament_install']
[12.639s] Level 1:colcon.colcon_core.package_identification:_identify(src) by extension 'ignore'
[12.639s] Level 1:colcon.colcon_core.package_identification:_identify(src) by extension 'ignore_ament_install'
[12.639s] Level 1:colcon.colcon_core.package_identification:_identify(src) by extensions ['colcon_pkg']
[12.639s] Level 1:colcon.colcon_core.package_identification:_identify(src) by extension 'colcon_pkg'
[12.640s] Level 1:colcon.colcon_core.package_identification:_identify(src) by extensions ['colcon_meta']
[12.640s] Level 1:colcon.colcon_core.package_identification:_identify(src) by extension 'colcon_meta'
[12.640s] Level 1:colcon.colcon_core.package_identification:_identify(src) by extensions ['ros']
[12.640s] Level 1:colcon.colcon_core.package_identification:_identify(src) by extension 'ros'
[12.640s] Level 1:colcon.colcon_core.package_identification:_identify(src) by extensions ['cmake', 'python']
[12.640s] Level 1:colcon.colcon_core.package_identification:_identify(src) by extension 'cmake'
[12.640s] Level 1:colcon.colcon_core.package_identification:_identify(src) by extension 'python'
[12.640s] Level 1:colcon.colcon_core.package_identification:_identify(src) by extensions ['python_setup_py']
[12.640s] Level 1:colcon.colcon_core.package_identification:_identify(src) by extension 'python_setup_py'
[12.641s] Level 1:colcon.colcon_core.package_identification:_identify(src/articubot_one) by extensions ['ignore', 'ignore_ament_install']
[12.641s] Level 1:colcon.colcon_core.package_identification:_identify(src/articubot_one) by extension 'ignore'
[12.641s] Level 1:colcon.colcon_core.package_identification:_identify(src/articubot_one) by extension 'ignore_ament_install'
[12.642s] Level 1:colcon.colcon_core.package_identification:_identify(src/articubot_one) by extensions ['colcon_pkg']
[12.642s] Level 1:colcon.colcon_core.package_identification:_identify(src/articubot_one) by extension 'colcon_pkg'
[12.642s] Level 1:colcon.colcon_core.package_identification:_identify(src/articubot_one) by extensions ['colcon_meta']
[12.642s] Level 1:colcon.colcon_core.package_identification:_identify(src/articubot_one) by extension 'colcon_meta'
[12.642s] Level 1:colcon.colcon_core.package_identification:_identify(src/articubot_one) by extensions ['ros']
[12.642s] Level 1:colcon.colcon_core.package_identification:_identify(src/articubot_one) by extension 'ros'
[12.667s] DEBUG:colcon.colcon_core.package_identification:Package 'src/articubot_one' with type 'ros.ament_cmake' and name 'articubot_one'
[12.678s] Level 1:colcon.colcon_core.package_identification:_identify(src/diffdrive_arduino) by extensions ['ignore', 'ignore_ament_install']
[12.679s] Level 1:colcon.colcon_core.package_identification:_identify(src/diffdrive_arduino) by extension 'ignore'
[12.679s] Level 1:colcon.colcon_core.package_identification:_identify(src/diffdrive_arduino) by extension 'ignore_ament_install'
[12.679s] Level 1:colcon.colcon_core.package_identification:_identify(src/diffdrive_arduino) by extensions ['colcon_pkg']
[12.679s] Level 1:colcon.colcon_core.package_identification:_identify(src/diffdrive_arduino) by extension 'colcon_pkg'
[12.679s] Level 1:colcon.colcon_core.package_identification:_identify(src/diffdrive_arduino) by extensions ['colcon_meta']
[12.679s] Level 1:colcon.colcon_core.package_identification:_identify(src/diffdrive_arduino) by extension 'colcon_meta'
[12.679s] Level 1:colcon.colcon_core.package_identification:_identify(src/diffdrive_arduino) by extensions ['ros']
[12.679s] Level 1:colcon.colcon_core.package_identification:_identify(src/diffdrive_arduino) by extension 'ros'
[12.685s] DEBUG:colcon.colcon_core.package_identification:Package 'src/diffdrive_arduino' with type 'ros.ament_cmake' and name 'diffdrive_arduino'
[12.687s] Level 1:colcon.colcon_core.package_identification:_identify(src/serial) by extensions ['ignore', 'ignore_ament_install']
[12.688s] Level 1:colcon.colcon_core.package_identification:_identify(src/serial) by extension 'ignore'
[12.689s] Level 1:colcon.colcon_core.package_identification:_identify(src/serial) by extension 'ignore_ament_install'
[12.689s] Level 1:colcon.colcon_core.package_identification:_identify(src/serial) by extensions ['colcon_pkg']
[12.689s] Level 1:colcon.colcon_core.package_identification:_identify(src/serial) by extension 'colcon_pkg'
[12.690s] Level 1:colcon.colcon_core.package_identification:_identify(src/serial) by extensions ['colcon_meta']
[12.690s] Level 1:colcon.colcon_core.package_identification:_identify(src/serial) by extension 'colcon_meta'
[12.691s] Level 1:colcon.colcon_core.package_identification:_identify(src/serial) by extensions ['ros']
[12.691s] Level 1:colcon.colcon_core.package_identification:_identify(src/serial) by extension 'ros'
[12.697s] DEBUG:colcon.colcon_core.package_identification:Package 'src/serial' with type 'ros.ament_cmake' and name 'serial'
[12.697s] Level 1:colcon.colcon_core.package_discovery:discover_packages(recursive) using defaults
[12.698s] Level 1:colcon.colcon_core.package_discovery:discover_packages(ignore) discover
[12.698s] Level 1:colcon.colcon_core.package_discovery:discover_packages(ignore) using defaults
[12.698s] Level 1:colcon.colcon_core.package_discovery:discover_packages(path) discover
[12.699s] Level 1:colcon.colcon_core.package_discovery:discover_packages(path) using defaults
[12.981s] Level 1:colcon.colcon_core.package_discovery:discover_packages(prefix_path) check parameters
[12.981s] Level 1:colcon.colcon_core.package_discovery:discover_packages(prefix_path) discover
[12.986s] DEBUG:colcon.colcon_installed_package_information.package_discovery:Found 3 installed packages in /home/mohamed/ws/install
[12.998s] DEBUG:colcon.colcon_installed_package_information.package_discovery:Found 6 installed packages in /home/mohamed/ros2_ws/install
[13.074s] DEBUG:colcon.colcon_installed_package_information.package_discovery:Found 326 installed packages in /opt/ros/humble
[13.103s] Level 1:colcon.colcon_core.package_discovery:discover_packages(prefix_path) using defaults
[17.495s] Level 5:colcon.colcon_core.verb:set package 'articubot_one' build argument 'cmake_args' from command line to 'None'
[17.495s] Level 5:colcon.colcon_core.verb:set package 'articubot_one' build argument 'cmake_target' from command line to 'None'
[17.495s] Level 5:colcon.colcon_core.verb:set package 'articubot_one' build argument 'cmake_target_skip_unavailable' from command line to 'False'
[17.495s] Level 5:colcon.colcon_core.verb:set package 'articubot_one' build argument 'cmake_clean_cache' from command line to 'False'
[17.495s] Level 5:colcon.colcon_core.verb:set package 'articubot_one' build argument 'cmake_clean_first' from command line to 'False'
[17.495s] Level 5:colcon.colcon_core.verb:set package 'articubot_one' build argument 'cmake_force_configure' from command line to 'False'
[17.495s] Level 5:colcon.colcon_core.verb:set package 'articubot_one' build argument 'ament_cmake_args' from command line to 'None'
[17.495s] Level 5:colcon.colcon_core.verb:set package 'articubot_one' build argument 'catkin_cmake_args' from command line to 'None'
[17.495s] Level 5:colcon.colcon_core.verb:set package 'articubot_one' build argument 'catkin_skip_building_tests' from command line to 'False'
[17.496s] DEBUG:colcon.colcon_core.verb:Building package 'articubot_one' with the following arguments: {'ament_cmake_args': None, 'build_base': '/home/mohamed/ws/build/articubot_one', 'catkin_cmake_args': None, 'catkin_skip_building_tests': False, 'cmake_args': None, 'cmake_clean_cache': False, 'cmake_clean_first': False, 'cmake_force_configure': False, 'cmake_target': None, 'cmake_target_skip_unavailable': False, 'install_base': '/home/mohamed/ws/install/articubot_one', 'merge_install': False, 'path': '/home/mohamed/ws/src/articubot_one', 'symlink_install': True, 'test_result_base': None}
[17.496s] Level 5:colcon.colcon_core.verb:set package 'serial' build argument 'cmake_args' from command line to 'None'
[17.497s] Level 5:colcon.colcon_core.verb:set package 'serial' build argument 'cmake_target' from command line to 'None'
[17.497s] Level 5:colcon.colcon_core.verb:set package 'serial' build argument 'cmake_target_skip_unavailable' from command line to 'False'
[17.497s] Level 5:colcon.colcon_core.verb:set package 'serial' build argument 'cmake_clean_cache' from command line to 'False'
[17.497s] Level 5:colcon.colcon_core.verb:set package 'serial' build argument 'cmake_clean_first' from command line to 'False'
[17.497s] Level 5:colcon.colcon_core.verb:set package 'serial' build argument 'cmake_force_configure' from command line to 'False'
[17.497s] Level 5:colcon.colcon_core.verb:set package 'serial' build argument 'ament_cmake_args' from command line to 'None'
[17.497s] Level 5:colcon.colcon_core.verb:set package 'serial' build argument 'catkin_cmake_args' from command line to 'None'
[17.497s] Level 5:colcon.colcon_core.verb:set package 'serial' build argument 'catkin_skip_building_tests' from command line to 'False'
[17.497s] DEBUG:colcon.colcon_core.verb:Building package 'serial' with the following arguments: {'ament_cmake_args': None, 'build_base': '/home/mohamed/ws/build/serial', 'catkin_cmake_args': None, 'catkin_skip_building_tests': False, 'cmake_args': None, 'cmake_clean_cache': False, 'cmake_clean_first': False, 'cmake_force_configure': False, 'cmake_target': None, 'cmake_target_skip_unavailable': False, 'install_base': '/home/mohamed/ws/install/serial', 'merge_install': False, 'path': '/home/mohamed/ws/src/serial', 'symlink_install': True, 'test_result_base': None}
[17.498s] Level 5:colcon.colcon_core.verb:set package 'diffdrive_arduino' build argument 'cmake_args' from command line to 'None'
[17.498s] Level 5:colcon.colcon_core.verb:set package 'diffdrive_arduino' build argument 'cmake_target' from command line to 'None'
[17.498s] Level 5:colcon.colcon_core.verb:set package 'diffdrive_arduino' build argument 'cmake_target_skip_unavailable' from command line to 'False'
[17.498s] Level 5:colcon.colcon_core.verb:set package 'diffdrive_arduino' build argument 'cmake_clean_cache' from command line to 'False'
[17.498s] Level 5:colcon.colcon_core.verb:set package 'diffdrive_arduino' build argument 'cmake_clean_first' from command line to 'False'
[17.498s] Level 5:colcon.colcon_core.verb:set package 'diffdrive_arduino' build argument 'cmake_force_configure' from command line to 'False'
[17.498s] Level 5:colcon.colcon_core.verb:set package 'diffdrive_arduino' build argument 'ament_cmake_args' from command line to 'None'
[17.498s] Level 5:colcon.colcon_core.verb:set package 'diffdrive_arduino' build argument 'catkin_cmake_args' from command line to 'None'
[17.499s] Level 5:colcon.colcon_core.verb:set package 'diffdrive_arduino' build argument 'catkin_skip_building_tests' from command line to 'False'
[17.499s] DEBUG:colcon.colcon_core.verb:Building package 'diffdrive_arduino' with the following arguments: {'ament_cmake_args': None, 'build_base': '/home/mohamed/ws/build/diffdrive_arduino', 'catkin_cmake_args': None, 'catkin_skip_building_tests': False, 'cmake_args': None, 'cmake_clean_cache': False, 'cmake_clean_first': False, 'cmake_force_configure': False, 'cmake_target': None, 'cmake_target_skip_unavailable': False, 'install_base': '/home/mohamed/ws/install/diffdrive_arduino', 'merge_install': False, 'path': '/home/mohamed/ws/src/diffdrive_arduino', 'symlink_install': True, 'test_result_base': None}
[17.499s] INFO:colcon.colcon_core.executor:Executing jobs using 'parallel' executor
[17.501s] DEBUG:colcon.colcon_parallel_executor.executor.parallel:run_until_complete
[17.501s] INFO:colcon.colcon_ros.task.ament_cmake.build:Building ROS package in '/home/mohamed/ws/src/serial' with build type 'ament_cmake'
[17.501s] INFO:colcon.colcon_cmake.task.cmake.build:Building CMake package in '/home/mohamed/ws/src/serial'
[17.532s] INFO:colcon.colcon_core.plugin_system:Skipping extension 'colcon_core.shell.bat': Not used on non-Windows systems
[17.532s] INFO:colcon.colcon_core.shell:Skip shell extension 'powershell' for command environment: Not usable outside of PowerShell
[17.532s] DEBUG:colcon.colcon_core.shell:Skip shell extension 'dsv' for command environment
[17.545s] INFO:colcon.colcon_ros.task.ament_cmake.build:Building ROS package in '/home/mohamed/ws/src/articubot_one' with build type 'ament_cmake'
[17.546s] INFO:colcon.colcon_cmake.task.cmake.build:Building CMake package in '/home/mohamed/ws/src/articubot_one'
[17.546s] INFO:colcon.colcon_core.shell:Skip shell extension 'powershell' for command environment: Not usable outside of PowerShell
[17.546s] DEBUG:colcon.colcon_core.shell:Skip shell extension 'dsv' for command environment
[17.578s] DEBUG:colcon.colcon_core.event_handler.log_command:Invoking command in '/home/mohamed/ws/build/serial': CMAKE_PREFIX_PATH=${CMAKE_PREFIX_PATH}:/home/mohamed/ros2_ws/install/serial_motor_demo:/opt/ros/humble /usr/bin/cmake --build /home/mohamed/ws/build/serial -- -j4 -l4
[17.633s] DEBUG:colcon.colcon_core.event_handler.log_command:Invoking command in '/home/mohamed/ws/build/articubot_one': CMAKE_PREFIX_PATH=${CMAKE_PREFIX_PATH}:/home/mohamed/ros2_ws/install/serial_motor_demo:/opt/ros/humble /usr/bin/cmake --build /home/mohamed/ws/build/articubot_one -- -j4 -l4
[17.980s] DEBUG:colcon.colcon_core.event_handler.log_command:Invoked command in '/home/mohamed/ws/build/serial' returned '0': CMAKE_PREFIX_PATH=${CMAKE_PREFIX_PATH}:/home/mohamed/ros2_ws/install/serial_motor_demo:/opt/ros/humble /usr/bin/cmake --build /home/mohamed/ws/build/serial -- -j4 -l4
[18.106s] DEBUG:colcon.colcon_core.event_handler.log_command:Invoking command in '/home/mohamed/ws/build/serial': CMAKE_PREFIX_PATH=${CMAKE_PREFIX_PATH}:/home/mohamed/ros2_ws/install/serial_motor_demo:/opt/ros/humble /usr/bin/cmake --install /home/mohamed/ws/build/serial
[18.203s] Level 1:colcon.colcon_core.environment:create_environment_scripts_only(serial)
[18.204s] DEBUG:colcon.colcon_core.event_handler.log_command:Invoked command in '/home/mohamed/ws/build/serial' returned '0': CMAKE_PREFIX_PATH=${CMAKE_PREFIX_PATH}:/home/mohamed/ros2_ws/install/serial_motor_demo:/opt/ros/humble /usr/bin/cmake --install /home/mohamed/ws/build/serial
[18.233s] Level 1:colcon.colcon_core.environment:checking '/home/mohamed/ws/install/serial' for CMake module files
[18.236s] Level 1:colcon.colcon_core.environment:checking '/home/mohamed/ws/install/serial' for CMake config files
[18.237s] Level 1:colcon.colcon_core.shell:create_environment_hook('serial', 'cmake_prefix_path')
[18.238s] INFO:colcon.colcon_core.shell:Creating environment hook '/home/mohamed/ws/install/serial/share/serial/hook/cmake_prefix_path.ps1'
[18.240s] INFO:colcon.colcon_core.shell:Creating environment descriptor '/home/mohamed/ws/install/serial/share/serial/hook/cmake_prefix_path.dsv'
[18.241s] INFO:colcon.colcon_core.shell:Creating environment hook '/home/mohamed/ws/install/serial/share/serial/hook/cmake_prefix_path.sh'
[18.244s] Level 1:colcon.colcon_core.environment:checking '/home/mohamed/ws/install/serial/lib'
[18.244s] Level 1:colcon.colcon_core.environment:checking '/home/mohamed/ws/install/serial/bin'
[18.244s] Level 1:colcon.colcon_core.environment:checking '/home/mohamed/ws/install/serial/lib/pkgconfig/serial.pc'
[18.245s] Level 1:colcon.colcon_core.environment:checking '/home/mohamed/ws/install/serial/lib/python3.10/site-packages'
[18.246s] Level 1:colcon.colcon_core.environment:checking '/home/mohamed/ws/install/serial/bin'
[18.247s] INFO:colcon.colcon_core.shell:Creating package script '/home/mohamed/ws/install/serial/share/serial/package.ps1'
[18.249s] INFO:colcon.colcon_core.shell:Creating package descriptor '/home/mohamed/ws/install/serial/share/serial/package.dsv'
[18.250s] INFO:colcon.colcon_core.shell:Creating package script '/home/mohamed/ws/install/serial/share/serial/package.sh'
[18.252s] INFO:colcon.colcon_core.shell:Creating package script '/home/mohamed/ws/install/serial/share/serial/package.bash'
[18.254s] INFO:colcon.colcon_core.shell:Creating package script '/home/mohamed/ws/install/serial/share/serial/package.zsh'
[18.255s] Level 1:colcon.colcon_core.environment:create_file_with_runtime_dependencies(/home/mohamed/ws/install/serial/share/colcon-core/packages/serial)
[18.352s] Level 1:colcon.colcon_core.environment:create_environment_scripts_only(serial)
[18.352s] Level 1:colcon.colcon_core.environment:checking '/home/mohamed/ws/install/serial' for CMake module files
[18.354s] Level 1:colcon.colcon_core.environment:checking '/home/mohamed/ws/install/serial' for CMake config files
[18.354s] Level 1:colcon.colcon_core.shell:create_environment_hook('serial', 'cmake_prefix_path')
[18.355s] INFO:colcon.colcon_core.shell:Creating environment hook '/home/mohamed/ws/install/serial/share/serial/hook/cmake_prefix_path.ps1'
[18.356s] INFO:colcon.colcon_core.shell:Creating environment descriptor '/home/mohamed/ws/install/serial/share/serial/hook/cmake_prefix_path.dsv'
[18.357s] INFO:colcon.colcon_core.shell:Creating environment hook '/home/mohamed/ws/install/serial/share/serial/hook/cmake_prefix_path.sh'
[18.358s] Level 1:colcon.colcon_core.environment:checking '/home/mohamed/ws/install/serial/lib'
[18.358s] Level 1:colcon.colcon_core.environment:checking '/home/mohamed/ws/install/serial/bin'
[18.358s] Level 1:colcon.colcon_core.environment:checking '/home/mohamed/ws/install/serial/lib/pkgconfig/serial.pc'
[18.359s] Level 1:colcon.colcon_core.environment:checking '/home/mohamed/ws/install/serial/lib/python3.10/site-packages'
[18.360s] Level 1:colcon.colcon_core.environment:checking '/home/mohamed/ws/install/serial/bin'
[18.361s] INFO:colcon.colcon_core.shell:Creating package script '/home/mohamed/ws/install/serial/share/serial/package.ps1'
[18.362s] INFO:colcon.colcon_core.shell:Creating package descriptor '/home/mohamed/ws/install/serial/share/serial/package.dsv'
[18.363s] INFO:colcon.colcon_core.shell:Creating package script '/home/mohamed/ws/install/serial/share/serial/package.sh'
[18.364s] INFO:colcon.colcon_core.shell:Creating package script '/home/mohamed/ws/install/serial/share/serial/package.bash'
[18.365s] INFO:colcon.colcon_core.shell:Creating package script '/home/mohamed/ws/install/serial/share/serial/package.zsh'
[18.366s] Level 1:colcon.colcon_core.environment:create_file_with_runtime_dependencies(/home/mohamed/ws/install/serial/share/colcon-core/packages/serial)
[18.367s] INFO:colcon.colcon_ros.task.ament_cmake.build:Building ROS package in '/home/mohamed/ws/src/diffdrive_arduino' with build type 'ament_cmake'
[18.367s] INFO:colcon.colcon_cmake.task.cmake.build:Building CMake package in '/home/mohamed/ws/src/diffdrive_arduino'
[18.367s] INFO:colcon.colcon_core.shell:Skip shell extension 'powershell' for command environment: Not usable outside of PowerShell
[18.368s] DEBUG:colcon.colcon_core.shell:Skip shell extension 'dsv' for command environment
[18.410s] DEBUG:colcon.colcon_core.event_handler.log_command:Invoking command in '/home/mohamed/ws/build/diffdrive_arduino': AMENT_PREFIX_PATH=/home/mohamed/ws/install/serial:${AMENT_PREFIX_PATH} CMAKE_PREFIX_PATH=/home/mohamed/ws/install/serial:/home/mohamed/ws/install/articubot_one:/home/mohamed/ros2_ws/install/serial_motor_demo_msgs:/home/mohamed/ros2_ws/install/diffdrive_arduino:/home/mohamed/ros2_ws/install/serial:/home/mohamed/ros2_ws/install/diff_bot:/home/mohamed/ros2_ws/install/articubot_one:/home/mohamed/ros2_ws/install/serial_motor_demo:/opt/ros/humble LD_LIBRARY_PATH=/home/mohamed/ws/install/serial/lib:${LD_LIBRARY_PATH} /usr/bin/cmake --build /home/mohamed/ws/build/diffdrive_arduino -- -j4 -l4
[18.432s] DEBUG:colcon.colcon_core.event_handler.log_command:Invoked command in '/home/mohamed/ws/build/articubot_one' returned '0': CMAKE_PREFIX_PATH=${CMAKE_PREFIX_PATH}:/home/mohamed/ros2_ws/install/serial_motor_demo:/opt/ros/humble /usr/bin/cmake --build /home/mohamed/ws/build/articubot_one -- -j4 -l4
[18.479s] DEBUG:colcon.colcon_core.event_handler.log_command:Invoking command in '/home/mohamed/ws/build/articubot_one': CMAKE_PREFIX_PATH=${CMAKE_PREFIX_PATH}:/home/mohamed/ros2_ws/install/serial_motor_demo:/opt/ros/humble /usr/bin/cmake --install /home/mohamed/ws/build/articubot_one
[18.642s] Level 1:colcon.colcon_core.environment:create_environment_scripts_only(articubot_one)
[18.643s] Level 1:colcon.colcon_core.environment:checking '/home/mohamed/ws/install/articubot_one' for CMake module files
[18.645s] Level 1:colcon.colcon_core.environment:checking '/home/mohamed/ws/install/articubot_one' for CMake config files
[18.647s] Level 1:colcon.colcon_core.shell:create_environment_hook('articubot_one', 'cmake_prefix_path')
[18.647s] INFO:colcon.colcon_core.shell:Creating environment hook '/home/mohamed/ws/install/articubot_one/share/articubot_one/hook/cmake_prefix_path.ps1'
[18.649s] INFO:colcon.colcon_core.shell:Creating environment descriptor '/home/mohamed/ws/install/articubot_one/share/articubot_one/hook/cmake_prefix_path.dsv'
[18.650s] DEBUG:colcon.colcon_core.event_handler.log_command:Invoked command in '/home/mohamed/ws/build/articubot_one' returned '0': CMAKE_PREFIX_PATH=${CMAKE_PREFIX_PATH}:/home/mohamed/ros2_ws/install/serial_motor_demo:/opt/ros/humble /usr/bin/cmake --install /home/mohamed/ws/build/articubot_one
[18.651s] INFO:colcon.colcon_core.shell:Creating environment hook '/home/mohamed/ws/install/articubot_one/share/articubot_one/hook/cmake_prefix_path.sh'
[18.653s] Level 1:colcon.colcon_core.environment:checking '/home/mohamed/ws/install/articubot_one/bin'
[18.653s] Level 1:colcon.colcon_core.environment:checking '/home/mohamed/ws/install/articubot_one/lib/pkgconfig/articubot_one.pc'
[18.654s] Level 1:colcon.colcon_core.environment:checking '/home/mohamed/ws/install/articubot_one/lib/python3.10/site-packages'
[18.654s] Level 1:colcon.colcon_core.environment:checking '/home/mohamed/ws/install/articubot_one/bin'
[18.655s] INFO:colcon.colcon_core.shell:Creating package script '/home/mohamed/ws/install/articubot_one/share/articubot_one/package.ps1'
[18.656s] INFO:colcon.colcon_core.shell:Creating package descriptor '/home/mohamed/ws/install/articubot_one/share/articubot_one/package.dsv'
[18.657s] INFO:colcon.colcon_core.shell:Creating package script '/home/mohamed/ws/install/articubot_one/share/articubot_one/package.sh'
[18.658s] INFO:colcon.colcon_core.shell:Creating package script '/home/mohamed/ws/install/articubot_one/share/articubot_one/package.bash'
[18.659s] INFO:colcon.colcon_core.shell:Creating package script '/home/mohamed/ws/install/articubot_one/share/articubot_one/package.zsh'
[18.660s] Level 1:colcon.colcon_core.environment:create_file_with_runtime_dependencies(/home/mohamed/ws/install/articubot_one/share/colcon-core/packages/articubot_one)
[18.700s] DEBUG:colcon.colcon_core.event_handler.log_command:Invoked command in '/home/mohamed/ws/build/diffdrive_arduino' returned '0': AMENT_PREFIX_PATH=/home/mohamed/ws/install/serial:${AMENT_PREFIX_PATH} CMAKE_PREFIX_PATH=/home/mohamed/ws/install/serial:/home/mohamed/ws/install/articubot_one:/home/mohamed/ros2_ws/install/serial_motor_demo_msgs:/home/mohamed/ros2_ws/install/diffdrive_arduino:/home/mohamed/ros2_ws/install/serial:/home/mohamed/ros2_ws/install/diff_bot:/home/mohamed/ros2_ws/install/articubot_one:/home/mohamed/ros2_ws/install/serial_motor_demo:/opt/ros/humble LD_LIBRARY_PATH=/home/mohamed/ws/install/serial/lib:${LD_LIBRARY_PATH} /usr/bin/cmake --build /home/mohamed/ws/build/diffdrive_arduino -- -j4 -l4
[18.723s] Level 1:colcon.colcon_core.environment:create_environment_scripts_only(articubot_one)
[18.724s] Level 1:colcon.colcon_core.environment:checking '/home/mohamed/ws/install/articubot_one' for CMake module files
[18.726s] Level 1:colcon.colcon_core.environment:checking '/home/mohamed/ws/install/articubot_one' for CMake config files
[18.726s] Level 1:colcon.colcon_core.shell:create_environment_hook('articubot_one', 'cmake_prefix_path')
[18.727s] INFO:colcon.colcon_core.shell:Creating environment hook '/home/mohamed/ws/install/articubot_one/share/articubot_one/hook/cmake_prefix_path.ps1'
[18.728s] INFO:colcon.colcon_core.shell:Creating environment descriptor '/home/mohamed/ws/install/articubot_one/share/articubot_one/hook/cmake_prefix_path.dsv'
[18.729s] INFO:colcon.colcon_core.shell:Creating environment hook '/home/mohamed/ws/install/articubot_one/share/articubot_one/hook/cmake_prefix_path.sh'
[18.731s] Level 1:colcon.colcon_core.environment:checking '/home/mohamed/ws/install/articubot_one/bin'
[18.731s] Level 1:colcon.colcon_core.environment:checking '/home/mohamed/ws/install/articubot_one/lib/pkgconfig/articubot_one.pc'
[18.732s] Level 1:colcon.colcon_core.environment:checking '/home/mohamed/ws/install/articubot_one/lib/python3.10/site-packages'
[18.732s] Level 1:colcon.colcon_core.environment:checking '/home/mohamed/ws/install/articubot_one/bin'
[18.733s] INFO:colcon.colcon_core.shell:Creating package script '/home/mohamed/ws/install/articubot_one/share/articubot_one/package.ps1'
[18.734s] INFO:colcon.colcon_core.shell:Creating package descriptor '/home/mohamed/ws/install/articubot_one/share/articubot_one/package.dsv'
[18.735s] INFO:colcon.colcon_core.shell:Creating package script '/home/mohamed/ws/install/articubot_one/share/articubot_one/package.sh'
[18.736s] INFO:colcon.colcon_core.shell:Creating package script '/home/mohamed/ws/install/articubot_one/share/articubot_one/package.bash'
[18.737s] INFO:colcon.colcon_core.shell:Creating package script '/home/mohamed/ws/install/articubot_one/share/articubot_one/package.zsh'
[18.738s] Level 1:colcon.colcon_core.environment:create_file_with_runtime_dependencies(/home/mohamed/ws/install/articubot_one/share/colcon-core/packages/articubot_one)
[18.790s] DEBUG:colcon.colcon_core.event_handler.log_command:Invoking command in '/home/mohamed/ws/build/diffdrive_arduino': AMENT_PREFIX_PATH=/home/mohamed/ws/install/serial:${AMENT_PREFIX_PATH} CMAKE_PREFIX_PATH=/home/mohamed/ws/install/serial:/home/mohamed/ws/install/articubot_one:/home/mohamed/ros2_ws/install/serial_motor_demo_msgs:/home/mohamed/ros2_ws/install/diffdrive_arduino:/home/mohamed/ros2_ws/install/serial:/home/mohamed/ros2_ws/install/diff_bot:/home/mohamed/ros2_ws/install/articubot_one:/home/mohamed/ros2_ws/install/serial_motor_demo:/opt/ros/humble LD_LIBRARY_PATH=/home/mohamed/ws/install/serial/lib:${LD_LIBRARY_PATH} /usr/bin/cmake --install /home/mohamed/ws/build/diffdrive_arduino
[18.863s] Level 1:colcon.colcon_core.environment:create_environment_scripts_only(diffdrive_arduino)
[18.864s] Level 1:colcon.colcon_core.environment:checking '/home/mohamed/ws/install/diffdrive_arduino' for CMake module files
[18.864s] DEBUG:colcon.colcon_core.event_handler.log_command:Invoked command in '/home/mohamed/ws/build/diffdrive_arduino' returned '0': AMENT_PREFIX_PATH=/home/mohamed/ws/install/serial:${AMENT_PREFIX_PATH} CMAKE_PREFIX_PATH=/home/mohamed/ws/install/serial:/home/mohamed/ws/install/articubot_one:/home/mohamed/ros2_ws/install/serial_motor_demo_msgs:/home/mohamed/ros2_ws/install/diffdrive_arduino:/home/mohamed/ros2_ws/install/serial:/home/mohamed/ros2_ws/install/diff_bot:/home/mohamed/ros2_ws/install/articubot_one:/home/mohamed/ros2_ws/install/serial_motor_demo:/opt/ros/humble LD_LIBRARY_PATH=/home/mohamed/ws/install/serial/lib:${LD_LIBRARY_PATH} /usr/bin/cmake --install /home/mohamed/ws/build/diffdrive_arduino
[18.865s] Level 1:colcon.colcon_core.environment:checking '/home/mohamed/ws/install/diffdrive_arduino' for CMake config files
[18.865s] Level 1:colcon.colcon_core.shell:create_environment_hook('diffdrive_arduino', 'cmake_prefix_path')
[18.866s] INFO:colcon.colcon_core.shell:Creating environment hook '/home/mohamed/ws/install/diffdrive_arduino/share/diffdrive_arduino/hook/cmake_prefix_path.ps1'
[18.867s] INFO:colcon.colcon_core.shell:Creating environment descriptor '/home/mohamed/ws/install/diffdrive_arduino/share/diffdrive_arduino/hook/cmake_prefix_path.dsv'
[18.868s] INFO:colcon.colcon_core.shell:Creating environment hook '/home/mohamed/ws/install/diffdrive_arduino/share/diffdrive_arduino/hook/cmake_prefix_path.sh'
[18.869s] Level 1:colcon.colcon_core.environment:checking '/home/mohamed/ws/install/diffdrive_arduino/lib'
[18.869s] Level 1:colcon.colcon_core.shell:create_environment_hook('diffdrive_arduino', 'ld_library_path_lib')
[18.869s] INFO:colcon.colcon_core.shell:Creating environment hook '/home/mohamed/ws/install/diffdrive_arduino/share/diffdrive_arduino/hook/ld_library_path_lib.ps1'
[18.870s] INFO:colcon.colcon_core.shell:Creating environment descriptor '/home/mohamed/ws/install/diffdrive_arduino/share/diffdrive_arduino/hook/ld_library_path_lib.dsv'
[18.871s] INFO:colcon.colcon_core.shell:Creating environment hook '/home/mohamed/ws/install/diffdrive_arduino/share/diffdrive_arduino/hook/ld_library_path_lib.sh'
[18.871s] Level 1:colcon.colcon_core.environment:checking '/home/mohamed/ws/install/diffdrive_arduino/bin'
[18.871s] Level 1:colcon.colcon_core.environment:checking '/home/mohamed/ws/install/diffdrive_arduino/lib/pkgconfig/diffdrive_arduino.pc'
[18.872s] Level 1:colcon.colcon_core.environment:checking '/home/mohamed/ws/install/diffdrive_arduino/lib/python3.10/site-packages'
[18.873s] Level 1:colcon.colcon_core.environment:checking '/home/mohamed/ws/install/diffdrive_arduino/bin'
[18.873s] INFO:colcon.colcon_core.shell:Creating package script '/home/mohamed/ws/install/diffdrive_arduino/share/diffdrive_arduino/package.ps1'
[18.874s] INFO:colcon.colcon_core.shell:Creating package descriptor '/home/mohamed/ws/install/diffdrive_arduino/share/diffdrive_arduino/package.dsv'
[18.875s] INFO:colcon.colcon_core.shell:Creating package script '/home/mohamed/ws/install/diffdrive_arduino/share/diffdrive_arduino/package.sh'
[18.876s] INFO:colcon.colcon_core.shell:Creating package script '/home/mohamed/ws/install/diffdrive_arduino/share/diffdrive_arduino/package.bash'
[18.877s] INFO:colcon.colcon_core.shell:Creating package script '/home/mohamed/ws/install/diffdrive_arduino/share/diffdrive_arduino/package.zsh'
[18.877s] Level 1:colcon.colcon_core.environment:create_file_with_runtime_dependencies(/home/mohamed/ws/install/diffdrive_arduino/share/colcon-core/packages/diffdrive_arduino)
[18.972s] Level 1:colcon.colcon_core.environment:create_environment_scripts_only(diffdrive_arduino)
[18.973s] Level 1:colcon.colcon_core.environment:checking '/home/mohamed/ws/install/diffdrive_arduino' for CMake module files
[18.974s] Level 1:colcon.colcon_core.environment:checking '/home/mohamed/ws/install/diffdrive_arduino' for CMake config files
[18.975s] Level 1:colcon.colcon_core.shell:create_environment_hook('diffdrive_arduino', 'cmake_prefix_path')
[18.975s] INFO:colcon.colcon_core.shell:Creating environment hook '/home/mohamed/ws/install/diffdrive_arduino/share/diffdrive_arduino/hook/cmake_prefix_path.ps1'
[18.976s] INFO:colcon.colcon_core.shell:Creating environment descriptor '/home/mohamed/ws/install/diffdrive_arduino/share/diffdrive_arduino/hook/cmake_prefix_path.dsv'
[18.977s] INFO:colcon.colcon_core.shell:Creating environment hook '/home/mohamed/ws/install/diffdrive_arduino/share/diffdrive_arduino/hook/cmake_prefix_path.sh'
[18.978s] Level 1:colcon.colcon_core.environment:checking '/home/mohamed/ws/install/diffdrive_arduino/lib'
[18.978s] Level 1:colcon.colcon_core.shell:create_environment_hook('diffdrive_arduino', 'ld_library_path_lib')
[18.979s] INFO:colcon.colcon_core.shell:Creating environment hook '/home/mohamed/ws/install/diffdrive_arduino/share/diffdrive_arduino/hook/ld_library_path_lib.ps1'
[18.980s] INFO:colcon.colcon_core.shell:Creating environment descriptor '/home/mohamed/ws/install/diffdrive_arduino/share/diffdrive_arduino/hook/ld_library_path_lib.dsv'
[18.981s] INFO:colcon.colcon_core.shell:Creating environment hook '/home/mohamed/ws/install/diffdrive_arduino/share/diffdrive_arduino/hook/ld_library_path_lib.sh'
[18.982s] Level 1:colcon.colcon_core.environment:checking '/home/mohamed/ws/install/diffdrive_arduino/bin'
[18.982s] Level 1:colcon.colcon_core.environment:checking '/home/mohamed/ws/install/diffdrive_arduino/lib/pkgconfig/diffdrive_arduino.pc'
[18.983s] Level 1:colcon.colcon_core.environment:checking '/home/mohamed/ws/install/diffdrive_arduino/lib/python3.10/site-packages'
[18.984s] Level 1:colcon.colcon_core.environment:checking '/home/mohamed/ws/install/diffdrive_arduino/bin'
[18.985s] INFO:colcon.colcon_core.shell:Creating package script '/home/mohamed/ws/install/diffdrive_arduino/share/diffdrive_arduino/package.ps1'
[18.986s] INFO:colcon.colcon_core.shell:Creating package descriptor '/home/mohamed/ws/install/diffdrive_arduino/share/diffdrive_arduino/package.dsv'
[18.988s] INFO:colcon.colcon_core.shell:Creating package script '/home/mohamed/ws/install/diffdrive_arduino/share/diffdrive_arduino/package.sh'
[18.989s] INFO:colcon.colcon_core.shell:Creating package script '/home/mohamed/ws/install/diffdrive_arduino/share/diffdrive_arduino/package.bash'
[18.990s] INFO:colcon.colcon_core.shell:Creating package script '/home/mohamed/ws/install/diffdrive_arduino/share/diffdrive_arduino/package.zsh'
[18.991s] Level 1:colcon.colcon_core.environment:create_file_with_runtime_dependencies(/home/mohamed/ws/install/diffdrive_arduino/share/colcon-core/packages/diffdrive_arduino)
[18.998s] DEBUG:colcon.colcon_parallel_executor.executor.parallel:closing loop
[18.998s] DEBUG:colcon.colcon_parallel_executor.executor.parallel:loop closed
[18.998s] DEBUG:colcon.colcon_parallel_executor.executor.parallel:run_until_complete finished with '0'
[18.999s] DEBUG:colcon.colcon_core.event_reactor:joining thread
[19.011s] INFO:colcon.colcon_core.plugin_system:Skipping extension 'colcon_notification.desktop_notification.terminal_notifier': Not used on non-Darwin systems
[19.011s] INFO:colcon.colcon_core.plugin_system:Skipping extension 'colcon_notification.desktop_notification.win32': Not used on non-Windows systems
[19.011s] INFO:colcon.colcon_notification.desktop_notification:Sending desktop notification using 'notify2'
[19.047s] DEBUG:colcon.colcon_core.event_reactor:joined thread
[19.048s] INFO:colcon.colcon_core.shell:Creating prefix script '/home/mohamed/ws/install/local_setup.ps1'
[19.051s] INFO:colcon.colcon_core.shell:Creating prefix util module '/home/mohamed/ws/install/_local_setup_util_ps1.py'
[19.054s] INFO:colcon.colcon_core.shell:Creating prefix chain script '/home/mohamed/ws/install/setup.ps1'
[19.062s] INFO:colcon.colcon_core.shell:Creating prefix script '/home/mohamed/ws/install/local_setup.sh'
[19.063s] INFO:colcon.colcon_core.shell:Creating prefix util module '/home/mohamed/ws/install/_local_setup_util_sh.py'
[19.064s] INFO:colcon.colcon_core.shell:Creating prefix chain script '/home/mohamed/ws/install/setup.sh'
[19.068s] INFO:colcon.colcon_core.shell:Creating prefix script '/home/mohamed/ws/install/local_setup.bash'
[19.069s] INFO:colcon.colcon_core.shell:Creating prefix chain script '/home/mohamed/ws/install/setup.bash'
[19.079s] INFO:colcon.colcon_core.shell:Creating prefix script '/home/mohamed/ws/install/local_setup.zsh'
[19.080s] INFO:colcon.colcon_core.shell:Creating prefix chain script '/home/mohamed/ws/install/setup.zsh'
