[0.025s] Invoking command in '/home/mohamed/ws/build/articubot_one': CMAKE_PREFIX_PATH=${CMAKE_PREFIX_PATH}:/home/mohamed/ros2_ws/install/serial_motor_demo:/opt/ros/humble /usr/bin/cmake --build /home/mohamed/ws/build/articubot_one -- -j4 -l4
[0.087s] -- Found ament_cmake: 1.3.8 (/opt/ros/humble/share/ament_cmake/cmake)
[0.372s] -- Override CMake install command with custom implementation using symlinks instead of copying resources
[0.394s] -- Found ament_lint_auto: 0.12.10 (/opt/ros/humble/share/ament_lint_auto/cmake)
[0.569s] -- Added test 'copyright' to check source files copyright and LICENSE
[0.575s] -- Added test 'flake8' to check Python code syntax and style conventions
[0.577s] -- Added test 'lint_cmake' to check CMake code style
[0.578s] -- Added test 'pep257' to check Python code against some of the docstring style conventions in PEP 257
[0.581s] -- Added test 'xmllint' to check XML markup files
[0.584s] -- Configuring done
[0.592s] -- Generating done
[0.595s] -- Build files have been written to: /home/mohamed/ws/build/articubot_one
[0.648s] Invoked command in '/home/mohamed/ws/build/articubot_one' returned '0': CMAKE_PREFIX_PATH=${CMAKE_PREFIX_PATH}:/home/mohamed/ros2_ws/install/serial_motor_demo:/opt/ros/humble /usr/bin/cmake --build /home/mohamed/ws/build/articubot_one -- -j4 -l4
[0.723s] Invoking command in '/home/mohamed/ws/build/articubot_one': CMAKE_PREFIX_PATH=${CMAKE_PREFIX_PATH}:/home/mohamed/ros2_ws/install/serial_motor_demo:/opt/ros/humble /usr/bin/cmake --install /home/mohamed/ws/build/articubot_one
[0.746s] -- Install configuration: ""
[0.747s] -- Execute custom install script
[0.749s] -- Symlinking: /home/mohamed/ws/install/articubot_one/share/articubot_one/description/camera.xacro
[0.771s] -- Symlinking: /home/mohamed/ws/install/articubot_one/share/articubot_one/description/face.xacro
[0.791s] -- Symlinking: /home/mohamed/ws/install/articubot_one/share/articubot_one/description/gazebo_control.xacro
[0.813s] -- Symlinking: /home/mohamed/ws/install/articubot_one/share/articubot_one/description/inertial_macros.xacro
[0.842s] -- Symlinking: /home/mohamed/ws/install/articubot_one/share/articubot_one/description/lidar.xacro
[0.864s] -- Symlinking: /home/mohamed/ws/install/articubot_one/share/articubot_one/description/robot.urdf.xacro
[0.886s] -- Symlinking: /home/mohamed/ws/install/articubot_one/share/articubot_one/description/robot_core.xacro
[0.908s] -- Symlinking: /home/mohamed/ws/install/articubot_one/share/articubot_one/launch/launch_sim.launch.py
[0.929s] -- Symlinking: /home/mohamed/ws/install/articubot_one/share/articubot_one/launch/rsp.launch.py
[0.955s] -- Symlinking: /home/mohamed/ws/install/articubot_one/share/articubot_one/worlds/empty.world
[0.977s] -- Symlinking: /home/mohamed/ws/install/articubot_one/share/articubot_one/worlds/obstacles.world
[0.998s] -- Symlinking: /home/mohamed/ws/install/articubot_one/share/ament_index/resource_index/package_run_dependencies/articubot_one
[1.021s] -- Symlinking: /home/mohamed/ws/install/articubot_one/share/ament_index/resource_index/parent_prefix_path/articubot_one
[1.047s] -- Symlinking: /home/mohamed/ws/install/articubot_one/share/articubot_one/environment/ament_prefix_path.sh
[1.069s] -- Symlinking: /home/mohamed/ws/install/articubot_one/share/articubot_one/environment/ament_prefix_path.dsv
[1.090s] -- Symlinking: /home/mohamed/ws/install/articubot_one/share/articubot_one/environment/path.sh
[1.113s] -- Symlinking: /home/mohamed/ws/install/articubot_one/share/articubot_one/environment/path.dsv
[1.135s] -- Symlinking: /home/mohamed/ws/install/articubot_one/share/articubot_one/local_setup.bash
[1.168s] -- Symlinking: /home/mohamed/ws/install/articubot_one/share/articubot_one/local_setup.sh
[1.190s] -- Symlinking: /home/mohamed/ws/install/articubot_one/share/articubot_one/local_setup.zsh
[1.213s] -- Symlinking: /home/mohamed/ws/install/articubot_one/share/articubot_one/local_setup.dsv
[1.236s] -- Symlinking: /home/mohamed/ws/install/articubot_one/share/articubot_one/package.dsv
[1.259s] -- Symlinking: /home/mohamed/ws/install/articubot_one/share/ament_index/resource_index/packages/articubot_one
[1.282s] -- Symlinking: /home/mohamed/ws/install/articubot_one/share/articubot_one/cmake/articubot_oneConfig.cmake
[1.303s] -- Symlinking: /home/mohamed/ws/install/articubot_one/share/articubot_one/cmake/articubot_oneConfig-version.cmake
[1.324s] -- Symlinking: /home/mohamed/ws/install/articubot_one/share/articubot_one/package.xml
[1.350s] Invoked command in '/home/mohamed/ws/build/articubot_one' returned '0': CMAKE_PREFIX_PATH=${CMAKE_PREFIX_PATH}:/home/mohamed/ros2_ws/install/serial_motor_demo:/opt/ros/humble /usr/bin/cmake --install /home/mohamed/ws/build/articubot_one
