[0.041s] Invoking command in '/home/mohamed/ws/build/diffdrive_arduino': AMENT_PREFIX_PATH=/home/mohamed/ws/install/serial:${AMENT_PREFIX_PATH} CMAKE_PREFIX_PATH=/home/mohamed/ws/install/serial:/home/mohamed/ws/install/articubot_one:/home/mohamed/ros2_ws/install/serial_motor_demo_msgs:/home/mohamed/ros2_ws/install/diffdrive_arduino:/home/mohamed/ros2_ws/install/serial:/home/mohamed/ros2_ws/install/diff_bot:/home/mohamed/ros2_ws/install/articubot_one:/home/mohamed/ros2_ws/install/serial_motor_demo:/opt/ros/humble LD_LIBRARY_PATH=/home/mohamed/ws/install/serial/lib:${LD_LIBRARY_PATH} /usr/bin/cmake --build /home/mohamed/ws/build/diffdrive_arduino -- -j4 -l4
[0.162s] [35m[1mConsolidate compiler generated dependencies of target diffdrive_arduino[0m
[0.172s] [35m[1mConsolidate compiler generated dependencies of target fake_robot[0m
[0.261s] [ 57%] Built target diffdrive_arduino
[0.284s] [100%] Built target fake_robot
[0.331s] Invoked command in '/home/mohamed/ws/build/diffdrive_arduino' returned '0': AMENT_PREFIX_PATH=/home/mohamed/ws/install/serial:${AMENT_PREFIX_PATH} CMAKE_PREFIX_PATH=/home/mohamed/ws/install/serial:/home/mohamed/ws/install/articubot_one:/home/mohamed/ros2_ws/install/serial_motor_demo_msgs:/home/mohamed/ros2_ws/install/diffdrive_arduino:/home/mohamed/ros2_ws/install/serial:/home/mohamed/ros2_ws/install/diff_bot:/home/mohamed/ros2_ws/install/articubot_one:/home/mohamed/ros2_ws/install/serial_motor_demo:/opt/ros/humble LD_LIBRARY_PATH=/home/mohamed/ws/install/serial/lib:${LD_LIBRARY_PATH} /usr/bin/cmake --build /home/mohamed/ws/build/diffdrive_arduino -- -j4 -l4
[0.420s] Invoking command in '/home/mohamed/ws/build/diffdrive_arduino': AMENT_PREFIX_PATH=/home/mohamed/ws/install/serial:${AMENT_PREFIX_PATH} CMAKE_PREFIX_PATH=/home/mohamed/ws/install/serial:/home/mohamed/ws/install/articubot_one:/home/mohamed/ros2_ws/install/serial_motor_demo_msgs:/home/mohamed/ros2_ws/install/diffdrive_arduino:/home/mohamed/ros2_ws/install/serial:/home/mohamed/ros2_ws/install/diff_bot:/home/mohamed/ros2_ws/install/articubot_one:/home/mohamed/ros2_ws/install/serial_motor_demo:/opt/ros/humble LD_LIBRARY_PATH=/home/mohamed/ws/install/serial/lib:${LD_LIBRARY_PATH} /usr/bin/cmake --install /home/mohamed/ws/build/diffdrive_arduino
[0.439s] -- Install configuration: ""
[0.441s] -- Execute custom install script
[0.442s] -- Up-to-date symlink: /home/mohamed/ws/install/diffdrive_arduino/share/diffdrive_arduino//robot_hardware.xml
[0.443s] -- Up-to-date symlink: /home/mohamed/ws/install/diffdrive_arduino/share/diffdrive_arduino//fake_robot_hardware.xml
[0.444s] -- Up-to-date symlink: /home/mohamed/ws/install/diffdrive_arduino/lib/libdiffdrive_arduino.so
[0.444s] -- Up-to-date symlink: /home/mohamed/ws/install/diffdrive_arduino/lib/libfake_robot.so
[0.446s] -- Up-to-date symlink: /home/mohamed/ws/install/diffdrive_arduino/share/diffdrive_arduino/controllers/robot_controller_example.yaml
[0.447s] -- Up-to-date symlink: /home/mohamed/ws/install/diffdrive_arduino/share/diffdrive_arduino/__pycache__/test_robot.launch.cpython-310.pyc
[0.447s] -- Up-to-date symlink: /home/mohamed/ws/install/diffdrive_arduino/share/diffdrive_arduino/fake_robot.launch.py
[0.448s] -- Up-to-date symlink: /home/mohamed/ws/install/diffdrive_arduino/share/diffdrive_arduino/test_robot.launch.py
[0.449s] -- Up-to-date symlink: /home/mohamed/ws/install/diffdrive_arduino/share/diffdrive_arduino/environment/library_path.sh
[0.450s] -- Up-to-date symlink: /home/mohamed/ws/install/diffdrive_arduino/share/diffdrive_arduino/environment/library_path.dsv
[0.450s] -- Up-to-date symlink: /home/mohamed/ws/install/diffdrive_arduino/share/ament_index/resource_index/package_run_dependencies/diffdrive_arduino
[0.451s] -- Up-to-date symlink: /home/mohamed/ws/install/diffdrive_arduino/share/ament_index/resource_index/parent_prefix_path/diffdrive_arduino
[0.452s] -- Up-to-date symlink: /home/mohamed/ws/install/diffdrive_arduino/share/diffdrive_arduino/environment/ament_prefix_path.sh
[0.453s] -- Up-to-date symlink: /home/mohamed/ws/install/diffdrive_arduino/share/diffdrive_arduino/environment/ament_prefix_path.dsv
[0.454s] -- Up-to-date symlink: /home/mohamed/ws/install/diffdrive_arduino/share/diffdrive_arduino/environment/path.sh
[0.455s] -- Up-to-date symlink: /home/mohamed/ws/install/diffdrive_arduino/share/diffdrive_arduino/environment/path.dsv
[0.455s] -- Up-to-date symlink: /home/mohamed/ws/install/diffdrive_arduino/share/diffdrive_arduino/local_setup.bash
[0.456s] -- Up-to-date symlink: /home/mohamed/ws/install/diffdrive_arduino/share/diffdrive_arduino/local_setup.sh
[0.457s] -- Up-to-date symlink: /home/mohamed/ws/install/diffdrive_arduino/share/diffdrive_arduino/local_setup.zsh
[0.458s] -- Up-to-date symlink: /home/mohamed/ws/install/diffdrive_arduino/share/diffdrive_arduino/local_setup.dsv
[0.458s] -- Symlinking: /home/mohamed/ws/install/diffdrive_arduino/share/diffdrive_arduino/package.dsv
[0.482s] -- Up-to-date symlink: /home/mohamed/ws/install/diffdrive_arduino/share/ament_index/resource_index/packages/diffdrive_arduino
[0.483s] -- Up-to-date symlink: /home/mohamed/ws/install/diffdrive_arduino/share/ament_index/resource_index/hardware_interface__pluginlib__plugin/diffdrive_arduino
[0.484s] -- Up-to-date symlink: /home/mohamed/ws/install/diffdrive_arduino/share/diffdrive_arduino/cmake/ament_cmake_export_libraries-extras.cmake
[0.489s] -- Up-to-date symlink: /home/mohamed/ws/install/diffdrive_arduino/share/diffdrive_arduino/cmake/ament_cmake_export_dependencies-extras.cmake
[0.490s] -- Up-to-date symlink: /home/mohamed/ws/install/diffdrive_arduino/share/diffdrive_arduino/cmake/diffdrive_arduinoConfig.cmake
[0.490s] -- Up-to-date symlink: /home/mohamed/ws/install/diffdrive_arduino/share/diffdrive_arduino/cmake/diffdrive_arduinoConfig-version.cmake
[0.491s] -- Up-to-date symlink: /home/mohamed/ws/install/diffdrive_arduino/share/diffdrive_arduino/package.xml
[0.495s] Invoked command in '/home/mohamed/ws/build/diffdrive_arduino' returned '0': AMENT_PREFIX_PATH=/home/mohamed/ws/install/serial:${AMENT_PREFIX_PATH} CMAKE_PREFIX_PATH=/home/mohamed/ws/install/serial:/home/mohamed/ws/install/articubot_one:/home/mohamed/ros2_ws/install/serial_motor_demo_msgs:/home/mohamed/ros2_ws/install/diffdrive_arduino:/home/mohamed/ros2_ws/install/serial:/home/mohamed/ros2_ws/install/diff_bot:/home/mohamed/ros2_ws/install/articubot_one:/home/mohamed/ros2_ws/install/serial_motor_demo:/opt/ros/humble LD_LIBRARY_PATH=/home/mohamed/ws/install/serial/lib:${LD_LIBRARY_PATH} /usr/bin/cmake --install /home/mohamed/ws/build/diffdrive_arduino
