[0.263s] DEBUG:colcon:Command line arguments: ['/usr/bin/colcon', 'build', '--symlink-install']
[0.263s] DEBUG:colcon:Parsed command line arguments: Namespace(log_base=None, log_level=None, verb_name='build', build_base='build', install_base='install', merge_install=False, symlink_install=True, test_result_base=None, continue_on_error=False, executor='parallel', parallel_workers=4, event_handlers=None, ignore_user_meta=False, metas=['./colcon.meta'], base_paths=['.'], packages_ignore=None, packages_ignore_regex=None, paths=None, packages_up_to=None, packages_up_to_regex=None, packages_above=None, packages_above_and_dependencies=None, packages_above_depth=None, packages_select_by_dep=None, packages_skip_by_dep=None, packages_skip_up_to=None, packages_select_build_failed=False, packages_skip_build_finished=False, packages_select_test_failures=False, packages_skip_test_passed=False, packages_select=None, packages_skip=None, packages_select_regex=None, packages_skip_regex=None, packages_start=None, packages_end=None, allow_overriding=[], cmake_args=None, cmake_target=None, cmake_target_skip_unavailable=False, cmake_clean_cache=False, cmake_clean_first=False, cmake_force_configure=False, ament_cmake_args=None, catkin_cmake_args=None, catkin_skip_building_tests=False, mixin_files=None, mixin=None, verb_parser=<colcon_mixin.mixin.mixin_argument.MixinArgumentDecorator object at 0x76bd4d336080>, verb_extension=<colcon_core.verb.build.BuildVerb object at 0x76bd4d3359f0>, main=<bound method BuildVerb.main of <colcon_core.verb.build.BuildVerb object at 0x76bd4d3359f0>>, mixin_verb=('build',))
[0.780s] Level 1:colcon.colcon_core.package_discovery:discover_packages(colcon_meta) check parameters
[0.781s] Level 1:colcon.colcon_core.package_discovery:discover_packages(recursive) check parameters
[0.781s] Level 1:colcon.colcon_core.package_discovery:discover_packages(ignore) check parameters
[0.781s] Level 1:colcon.colcon_core.package_discovery:discover_packages(path) check parameters
[0.781s] Level 1:colcon.colcon_core.package_discovery:discover_packages(colcon_meta) discover
[0.781s] Level 1:colcon.colcon_core.package_discovery:discover_packages(recursive) discover
[0.781s] INFO:colcon.colcon_core.package_discovery:Crawling recursively for packages in '/home/mohamed/ws'
[0.781s] Level 1:colcon.colcon_core.package_identification:_identify(.) by extensions ['ignore', 'ignore_ament_install']
[0.781s] Level 1:colcon.colcon_core.package_identification:_identify(.) by extension 'ignore'
[0.781s] Level 1:colcon.colcon_core.package_identification:_identify(.) by extension 'ignore_ament_install'
[0.782s] Level 1:colcon.colcon_core.package_identification:_identify(.) by extensions ['colcon_pkg']
[0.782s] Level 1:colcon.colcon_core.package_identification:_identify(.) by extension 'colcon_pkg'
[0.782s] Level 1:colcon.colcon_core.package_identification:_identify(.) by extensions ['colcon_meta']
[0.782s] Level 1:colcon.colcon_core.package_identification:_identify(.) by extension 'colcon_meta'
[0.782s] Level 1:colcon.colcon_core.package_identification:_identify(.) by extensions ['ros']
[0.782s] Level 1:colcon.colcon_core.package_identification:_identify(.) by extension 'ros'
[0.809s] Level 1:colcon.colcon_core.package_identification:_identify(.) by extensions ['cmake', 'python']
[0.809s] Level 1:colcon.colcon_core.package_identification:_identify(.) by extension 'cmake'
[0.809s] Level 1:colcon.colcon_core.package_identification:_identify(.) by extension 'python'
[0.809s] Level 1:colcon.colcon_core.package_identification:_identify(.) by extensions ['python_setup_py']
[0.809s] Level 1:colcon.colcon_core.package_identification:_identify(.) by extension 'python_setup_py'
[0.809s] Level 1:colcon.colcon_core.package_identification:_identify(build) by extensions ['ignore', 'ignore_ament_install']
[0.810s] Level 1:colcon.colcon_core.package_identification:_identify(build) by extension 'ignore'
[0.810s] Level 1:colcon.colcon_core.package_identification:_identify(build) ignored
[0.810s] Level 1:colcon.colcon_core.package_identification:_identify(install) by extensions ['ignore', 'ignore_ament_install']
[0.810s] Level 1:colcon.colcon_core.package_identification:_identify(install) by extension 'ignore'
[0.810s] Level 1:colcon.colcon_core.package_identification:_identify(install) ignored
[0.811s] Level 1:colcon.colcon_core.package_identification:_identify(log) by extensions ['ignore', 'ignore_ament_install']
[0.811s] Level 1:colcon.colcon_core.package_identification:_identify(log) by extension 'ignore'
[0.811s] Level 1:colcon.colcon_core.package_identification:_identify(log) ignored
[0.811s] Level 1:colcon.colcon_core.package_identification:_identify(src) by extensions ['ignore', 'ignore_ament_install']
[0.811s] Level 1:colcon.colcon_core.package_identification:_identify(src) by extension 'ignore'
[0.811s] Level 1:colcon.colcon_core.package_identification:_identify(src) by extension 'ignore_ament_install'
[0.811s] Level 1:colcon.colcon_core.package_identification:_identify(src) by extensions ['colcon_pkg']
[0.811s] Level 1:colcon.colcon_core.package_identification:_identify(src) by extension 'colcon_pkg'
[0.812s] Level 1:colcon.colcon_core.package_identification:_identify(src) by extensions ['colcon_meta']
[0.812s] Level 1:colcon.colcon_core.package_identification:_identify(src) by extension 'colcon_meta'
[0.812s] Level 1:colcon.colcon_core.package_identification:_identify(src) by extensions ['ros']
[0.812s] Level 1:colcon.colcon_core.package_identification:_identify(src) by extension 'ros'
[0.812s] Level 1:colcon.colcon_core.package_identification:_identify(src) by extensions ['cmake', 'python']
[0.812s] Level 1:colcon.colcon_core.package_identification:_identify(src) by extension 'cmake'
[0.812s] Level 1:colcon.colcon_core.package_identification:_identify(src) by extension 'python'
[0.812s] Level 1:colcon.colcon_core.package_identification:_identify(src) by extensions ['python_setup_py']
[0.812s] Level 1:colcon.colcon_core.package_identification:_identify(src) by extension 'python_setup_py'
[0.813s] Level 1:colcon.colcon_core.package_identification:_identify(src/articubot_one) by extensions ['ignore', 'ignore_ament_install']
[0.813s] Level 1:colcon.colcon_core.package_identification:_identify(src/articubot_one) by extension 'ignore'
[0.813s] Level 1:colcon.colcon_core.package_identification:_identify(src/articubot_one) by extension 'ignore_ament_install'
[0.813s] Level 1:colcon.colcon_core.package_identification:_identify(src/articubot_one) by extensions ['colcon_pkg']
[0.813s] Level 1:colcon.colcon_core.package_identification:_identify(src/articubot_one) by extension 'colcon_pkg'
[0.813s] Level 1:colcon.colcon_core.package_identification:_identify(src/articubot_one) by extensions ['colcon_meta']
[0.813s] Level 1:colcon.colcon_core.package_identification:_identify(src/articubot_one) by extension 'colcon_meta'
[0.813s] Level 1:colcon.colcon_core.package_identification:_identify(src/articubot_one) by extensions ['ros']
[0.813s] Level 1:colcon.colcon_core.package_identification:_identify(src/articubot_one) by extension 'ros'
[0.821s] DEBUG:colcon.colcon_core.package_identification:Package 'src/articubot_one' with type 'ros.ament_cmake' and name 'articubot_one'
[0.821s] Level 1:colcon.colcon_core.package_identification:_identify(src/diffdrive_arduino) by extensions ['ignore', 'ignore_ament_install']
[0.821s] Level 1:colcon.colcon_core.package_identification:_identify(src/diffdrive_arduino) by extension 'ignore'
[0.821s] Level 1:colcon.colcon_core.package_identification:_identify(src/diffdrive_arduino) by extension 'ignore_ament_install'
[0.821s] Level 1:colcon.colcon_core.package_identification:_identify(src/diffdrive_arduino) by extensions ['colcon_pkg']
[0.822s] Level 1:colcon.colcon_core.package_identification:_identify(src/diffdrive_arduino) by extension 'colcon_pkg'
[0.822s] Level 1:colcon.colcon_core.package_identification:_identify(src/diffdrive_arduino) by extensions ['colcon_meta']
[0.822s] Level 1:colcon.colcon_core.package_identification:_identify(src/diffdrive_arduino) by extension 'colcon_meta'
[0.822s] Level 1:colcon.colcon_core.package_identification:_identify(src/diffdrive_arduino) by extensions ['ros']
[0.822s] Level 1:colcon.colcon_core.package_identification:_identify(src/diffdrive_arduino) by extension 'ros'
[0.825s] DEBUG:colcon.colcon_core.package_identification:Package 'src/diffdrive_arduino' with type 'ros.ament_cmake' and name 'diffdrive_arduino'
[0.825s] Level 1:colcon.colcon_core.package_identification:_identify(src/serial) by extensions ['ignore', 'ignore_ament_install']
[0.826s] Level 1:colcon.colcon_core.package_identification:_identify(src/serial) by extension 'ignore'
[0.826s] Level 1:colcon.colcon_core.package_identification:_identify(src/serial) by extension 'ignore_ament_install'
[0.826s] Level 1:colcon.colcon_core.package_identification:_identify(src/serial) by extensions ['colcon_pkg']
[0.826s] Level 1:colcon.colcon_core.package_identification:_identify(src/serial) by extension 'colcon_pkg'
[0.826s] Level 1:colcon.colcon_core.package_identification:_identify(src/serial) by extensions ['colcon_meta']
[0.826s] Level 1:colcon.colcon_core.package_identification:_identify(src/serial) by extension 'colcon_meta'
[0.826s] Level 1:colcon.colcon_core.package_identification:_identify(src/serial) by extensions ['ros']
[0.826s] Level 1:colcon.colcon_core.package_identification:_identify(src/serial) by extension 'ros'
[0.828s] DEBUG:colcon.colcon_core.package_identification:Package 'src/serial' with type 'ros.ament_cmake' and name 'serial'
[0.828s] Level 1:colcon.colcon_core.package_discovery:discover_packages(recursive) using defaults
[0.828s] Level 1:colcon.colcon_core.package_discovery:discover_packages(ignore) discover
[0.828s] Level 1:colcon.colcon_core.package_discovery:discover_packages(ignore) using defaults
[0.828s] Level 1:colcon.colcon_core.package_discovery:discover_packages(path) discover
[0.828s] Level 1:colcon.colcon_core.package_discovery:discover_packages(path) using defaults
[0.914s] Level 1:colcon.colcon_core.package_discovery:discover_packages(prefix_path) check parameters
[0.914s] Level 1:colcon.colcon_core.package_discovery:discover_packages(prefix_path) discover
[0.919s] DEBUG:colcon.colcon_installed_package_information.package_discovery:Found 1 installed packages in /home/mohamed/ws/install
[0.921s] DEBUG:colcon.colcon_installed_package_information.package_discovery:Found 6 installed packages in /home/mohamed/ros2_ws/install
[0.926s] DEBUG:colcon.colcon_installed_package_information.package_discovery:Found 326 installed packages in /opt/ros/humble
[0.933s] Level 1:colcon.colcon_core.package_discovery:discover_packages(prefix_path) using defaults
[1.079s] Level 5:colcon.colcon_core.verb:set package 'articubot_one' build argument 'cmake_args' from command line to 'None'
[1.079s] Level 5:colcon.colcon_core.verb:set package 'articubot_one' build argument 'cmake_target' from command line to 'None'
[1.080s] Level 5:colcon.colcon_core.verb:set package 'articubot_one' build argument 'cmake_target_skip_unavailable' from command line to 'False'
[1.080s] Level 5:colcon.colcon_core.verb:set package 'articubot_one' build argument 'cmake_clean_cache' from command line to 'False'
[1.080s] Level 5:colcon.colcon_core.verb:set package 'articubot_one' build argument 'cmake_clean_first' from command line to 'False'
[1.080s] Level 5:colcon.colcon_core.verb:set package 'articubot_one' build argument 'cmake_force_configure' from command line to 'False'
[1.080s] Level 5:colcon.colcon_core.verb:set package 'articubot_one' build argument 'ament_cmake_args' from command line to 'None'
[1.080s] Level 5:colcon.colcon_core.verb:set package 'articubot_one' build argument 'catkin_cmake_args' from command line to 'None'
[1.080s] Level 5:colcon.colcon_core.verb:set package 'articubot_one' build argument 'catkin_skip_building_tests' from command line to 'False'
[1.080s] DEBUG:colcon.colcon_core.verb:Building package 'articubot_one' with the following arguments: {'ament_cmake_args': None, 'build_base': '/home/mohamed/ws/build/articubot_one', 'catkin_cmake_args': None, 'catkin_skip_building_tests': False, 'cmake_args': None, 'cmake_clean_cache': False, 'cmake_clean_first': False, 'cmake_force_configure': False, 'cmake_target': None, 'cmake_target_skip_unavailable': False, 'install_base': '/home/mohamed/ws/install/articubot_one', 'merge_install': False, 'path': '/home/mohamed/ws/src/articubot_one', 'symlink_install': True, 'test_result_base': None}
[1.081s] Level 5:colcon.colcon_core.verb:set package 'serial' build argument 'cmake_args' from command line to 'None'
[1.081s] Level 5:colcon.colcon_core.verb:set package 'serial' build argument 'cmake_target' from command line to 'None'
[1.081s] Level 5:colcon.colcon_core.verb:set package 'serial' build argument 'cmake_target_skip_unavailable' from command line to 'False'
[1.081s] Level 5:colcon.colcon_core.verb:set package 'serial' build argument 'cmake_clean_cache' from command line to 'False'
[1.081s] Level 5:colcon.colcon_core.verb:set package 'serial' build argument 'cmake_clean_first' from command line to 'False'
[1.081s] Level 5:colcon.colcon_core.verb:set package 'serial' build argument 'cmake_force_configure' from command line to 'False'
[1.081s] Level 5:colcon.colcon_core.verb:set package 'serial' build argument 'ament_cmake_args' from command line to 'None'
[1.081s] Level 5:colcon.colcon_core.verb:set package 'serial' build argument 'catkin_cmake_args' from command line to 'None'
[1.081s] Level 5:colcon.colcon_core.verb:set package 'serial' build argument 'catkin_skip_building_tests' from command line to 'False'
[1.082s] DEBUG:colcon.colcon_core.verb:Building package 'serial' with the following arguments: {'ament_cmake_args': None, 'build_base': '/home/mohamed/ws/build/serial', 'catkin_cmake_args': None, 'catkin_skip_building_tests': False, 'cmake_args': None, 'cmake_clean_cache': False, 'cmake_clean_first': False, 'cmake_force_configure': False, 'cmake_target': None, 'cmake_target_skip_unavailable': False, 'install_base': '/home/mohamed/ws/install/serial', 'merge_install': False, 'path': '/home/mohamed/ws/src/serial', 'symlink_install': True, 'test_result_base': None}
[1.082s] Level 5:colcon.colcon_core.verb:set package 'diffdrive_arduino' build argument 'cmake_args' from command line to 'None'
[1.083s] Level 5:colcon.colcon_core.verb:set package 'diffdrive_arduino' build argument 'cmake_target' from command line to 'None'
[1.083s] Level 5:colcon.colcon_core.verb:set package 'diffdrive_arduino' build argument 'cmake_target_skip_unavailable' from command line to 'False'
[1.083s] Level 5:colcon.colcon_core.verb:set package 'diffdrive_arduino' build argument 'cmake_clean_cache' from command line to 'False'
[1.083s] Level 5:colcon.colcon_core.verb:set package 'diffdrive_arduino' build argument 'cmake_clean_first' from command line to 'False'
[1.083s] Level 5:colcon.colcon_core.verb:set package 'diffdrive_arduino' build argument 'cmake_force_configure' from command line to 'False'
[1.083s] Level 5:colcon.colcon_core.verb:set package 'diffdrive_arduino' build argument 'ament_cmake_args' from command line to 'None'
[1.083s] Level 5:colcon.colcon_core.verb:set package 'diffdrive_arduino' build argument 'catkin_cmake_args' from command line to 'None'
[1.083s] Level 5:colcon.colcon_core.verb:set package 'diffdrive_arduino' build argument 'catkin_skip_building_tests' from command line to 'False'
[1.083s] DEBUG:colcon.colcon_core.verb:Building package 'diffdrive_arduino' with the following arguments: {'ament_cmake_args': None, 'build_base': '/home/mohamed/ws/build/diffdrive_arduino', 'catkin_cmake_args': None, 'catkin_skip_building_tests': False, 'cmake_args': None, 'cmake_clean_cache': False, 'cmake_clean_first': False, 'cmake_force_configure': False, 'cmake_target': None, 'cmake_target_skip_unavailable': False, 'install_base': '/home/mohamed/ws/install/diffdrive_arduino', 'merge_install': False, 'path': '/home/mohamed/ws/src/diffdrive_arduino', 'symlink_install': True, 'test_result_base': None}
[1.083s] INFO:colcon.colcon_core.executor:Executing jobs using 'parallel' executor
[1.085s] DEBUG:colcon.colcon_parallel_executor.executor.parallel:run_until_complete
[1.086s] INFO:colcon.colcon_ros.task.ament_cmake.build:Building ROS package in '/home/mohamed/ws/src/serial' with build type 'ament_cmake'
[1.086s] INFO:colcon.colcon_cmake.task.cmake.build:Building CMake package in '/home/mohamed/ws/src/serial'
[1.090s] INFO:colcon.colcon_core.plugin_system:Skipping extension 'colcon_core.shell.bat': Not used on non-Windows systems
[1.090s] INFO:colcon.colcon_core.shell:Skip shell extension 'powershell' for command environment: Not usable outside of PowerShell
[1.090s] DEBUG:colcon.colcon_core.shell:Skip shell extension 'dsv' for command environment
[1.101s] INFO:colcon.colcon_ros.task.ament_cmake.build:Building ROS package in '/home/mohamed/ws/src/articubot_one' with build type 'ament_cmake'
[1.101s] INFO:colcon.colcon_cmake.task.cmake.build:Building CMake package in '/home/mohamed/ws/src/articubot_one'
[1.102s] INFO:colcon.colcon_core.shell:Skip shell extension 'powershell' for command environment: Not usable outside of PowerShell
[1.102s] DEBUG:colcon.colcon_core.shell:Skip shell extension 'dsv' for command environment
[1.118s] DEBUG:colcon.colcon_core.event_handler.log_command:Invoking command in '/home/mohamed/ws/build/serial': CMAKE_PREFIX_PATH=${CMAKE_PREFIX_PATH}:/home/mohamed/ros2_ws/install/serial_motor_demo:/opt/ros/humble /usr/bin/cmake /home/mohamed/ws/src/serial -DAMENT_CMAKE_SYMLINK_INSTALL=1 -DCMAKE_INSTALL_PREFIX=/home/mohamed/ws/install/serial
[1.133s] DEBUG:colcon.colcon_core.event_handler.log_command:Invoking command in '/home/mohamed/ws/build/articubot_one': CMAKE_PREFIX_PATH=${CMAKE_PREFIX_PATH}:/home/mohamed/ros2_ws/install/serial_motor_demo:/opt/ros/humble /usr/bin/cmake --build /home/mohamed/ws/build/articubot_one -- -j4 -l4
[1.233s] DEBUG:colcon.colcon_core.event_handler.log_command:Invoked command in '/home/mohamed/ws/build/articubot_one' returned '0': CMAKE_PREFIX_PATH=${CMAKE_PREFIX_PATH}:/home/mohamed/ros2_ws/install/serial_motor_demo:/opt/ros/humble /usr/bin/cmake --build /home/mohamed/ws/build/articubot_one -- -j4 -l4
[1.306s] DEBUG:colcon.colcon_core.event_handler.log_command:Invoking command in '/home/mohamed/ws/build/articubot_one': CMAKE_PREFIX_PATH=${CMAKE_PREFIX_PATH}:/home/mohamed/ros2_ws/install/serial_motor_demo:/opt/ros/humble /usr/bin/cmake --install /home/mohamed/ws/build/articubot_one
[1.376s] Level 1:colcon.colcon_core.environment:create_environment_scripts_only(articubot_one)
[1.378s] DEBUG:colcon.colcon_core.event_handler.log_command:Invoked command in '/home/mohamed/ws/build/articubot_one' returned '0': CMAKE_PREFIX_PATH=${CMAKE_PREFIX_PATH}:/home/mohamed/ros2_ws/install/serial_motor_demo:/opt/ros/humble /usr/bin/cmake --install /home/mohamed/ws/build/articubot_one
[1.381s] Level 1:colcon.colcon_core.environment:checking '/home/mohamed/ws/install/articubot_one' for CMake module files
[1.382s] Level 1:colcon.colcon_core.environment:checking '/home/mohamed/ws/install/articubot_one' for CMake config files
[1.382s] Level 1:colcon.colcon_core.shell:create_environment_hook('articubot_one', 'cmake_prefix_path')
[1.383s] INFO:colcon.colcon_core.shell:Creating environment hook '/home/mohamed/ws/install/articubot_one/share/articubot_one/hook/cmake_prefix_path.ps1'
[1.384s] INFO:colcon.colcon_core.shell:Creating environment descriptor '/home/mohamed/ws/install/articubot_one/share/articubot_one/hook/cmake_prefix_path.dsv'
[1.385s] INFO:colcon.colcon_core.shell:Creating environment hook '/home/mohamed/ws/install/articubot_one/share/articubot_one/hook/cmake_prefix_path.sh'
[1.387s] Level 1:colcon.colcon_core.environment:checking '/home/mohamed/ws/install/articubot_one/bin'
[1.387s] Level 1:colcon.colcon_core.environment:checking '/home/mohamed/ws/install/articubot_one/lib/pkgconfig/articubot_one.pc'
[1.388s] Level 1:colcon.colcon_core.environment:checking '/home/mohamed/ws/install/articubot_one/lib/python3.10/site-packages'
[1.388s] Level 1:colcon.colcon_core.environment:checking '/home/mohamed/ws/install/articubot_one/bin'
[1.389s] INFO:colcon.colcon_core.shell:Creating package script '/home/mohamed/ws/install/articubot_one/share/articubot_one/package.ps1'
[1.390s] INFO:colcon.colcon_core.shell:Creating package descriptor '/home/mohamed/ws/install/articubot_one/share/articubot_one/package.dsv'
[1.391s] INFO:colcon.colcon_core.shell:Creating package script '/home/mohamed/ws/install/articubot_one/share/articubot_one/package.sh'
[1.393s] INFO:colcon.colcon_core.shell:Creating package script '/home/mohamed/ws/install/articubot_one/share/articubot_one/package.bash'
[1.395s] INFO:colcon.colcon_core.shell:Creating package script '/home/mohamed/ws/install/articubot_one/share/articubot_one/package.zsh'
[1.396s] Level 1:colcon.colcon_core.environment:create_file_with_runtime_dependencies(/home/mohamed/ws/install/articubot_one/share/colcon-core/packages/articubot_one)
[1.460s] Level 1:colcon.colcon_core.environment:create_environment_scripts_only(articubot_one)
[1.464s] Level 1:colcon.colcon_core.environment:checking '/home/mohamed/ws/install/articubot_one' for CMake module files
[1.465s] Level 1:colcon.colcon_core.environment:checking '/home/mohamed/ws/install/articubot_one' for CMake config files
[1.466s] Level 1:colcon.colcon_core.shell:create_environment_hook('articubot_one', 'cmake_prefix_path')
[1.467s] INFO:colcon.colcon_core.shell:Creating environment hook '/home/mohamed/ws/install/articubot_one/share/articubot_one/hook/cmake_prefix_path.ps1'
[1.468s] INFO:colcon.colcon_core.shell:Creating environment descriptor '/home/mohamed/ws/install/articubot_one/share/articubot_one/hook/cmake_prefix_path.dsv'
[1.470s] INFO:colcon.colcon_core.shell:Creating environment hook '/home/mohamed/ws/install/articubot_one/share/articubot_one/hook/cmake_prefix_path.sh'
[1.472s] Level 1:colcon.colcon_core.environment:checking '/home/mohamed/ws/install/articubot_one/bin'
[1.472s] Level 1:colcon.colcon_core.environment:checking '/home/mohamed/ws/install/articubot_one/lib/pkgconfig/articubot_one.pc'
[1.473s] Level 1:colcon.colcon_core.environment:checking '/home/mohamed/ws/install/articubot_one/lib/python3.10/site-packages'
[1.473s] Level 1:colcon.colcon_core.environment:checking '/home/mohamed/ws/install/articubot_one/bin'
[1.474s] INFO:colcon.colcon_core.shell:Creating package script '/home/mohamed/ws/install/articubot_one/share/articubot_one/package.ps1'
[1.476s] INFO:colcon.colcon_core.shell:Creating package descriptor '/home/mohamed/ws/install/articubot_one/share/articubot_one/package.dsv'
[1.477s] INFO:colcon.colcon_core.shell:Creating package script '/home/mohamed/ws/install/articubot_one/share/articubot_one/package.sh'
[1.479s] INFO:colcon.colcon_core.shell:Creating package script '/home/mohamed/ws/install/articubot_one/share/articubot_one/package.bash'
[1.480s] INFO:colcon.colcon_core.shell:Creating package script '/home/mohamed/ws/install/articubot_one/share/articubot_one/package.zsh'
[1.481s] Level 1:colcon.colcon_core.environment:create_file_with_runtime_dependencies(/home/mohamed/ws/install/articubot_one/share/colcon-core/packages/articubot_one)
[4.385s] DEBUG:colcon.colcon_core.event_handler.log_command:Invoked command in '/home/mohamed/ws/build/serial' returned '0': CMAKE_PREFIX_PATH=${CMAKE_PREFIX_PATH}:/home/mohamed/ros2_ws/install/serial_motor_demo:/opt/ros/humble /usr/bin/cmake /home/mohamed/ws/src/serial -DAMENT_CMAKE_SYMLINK_INSTALL=1 -DCMAKE_INSTALL_PREFIX=/home/mohamed/ws/install/serial
[4.388s] DEBUG:colcon.colcon_core.event_handler.log_command:Invoking command in '/home/mohamed/ws/build/serial': CMAKE_PREFIX_PATH=${CMAKE_PREFIX_PATH}:/home/mohamed/ros2_ws/install/serial_motor_demo:/opt/ros/humble /usr/bin/cmake --build /home/mohamed/ws/build/serial -- -j4 -l4
[23.551s] DEBUG:colcon.colcon_core.event_handler.log_command:Invoked command in '/home/mohamed/ws/build/serial' returned '0': CMAKE_PREFIX_PATH=${CMAKE_PREFIX_PATH}:/home/mohamed/ros2_ws/install/serial_motor_demo:/opt/ros/humble /usr/bin/cmake --build /home/mohamed/ws/build/serial -- -j4 -l4
[23.683s] DEBUG:colcon.colcon_core.event_handler.log_command:Invoking command in '/home/mohamed/ws/build/serial': CMAKE_PREFIX_PATH=${CMAKE_PREFIX_PATH}:/home/mohamed/ros2_ws/install/serial_motor_demo:/opt/ros/humble /usr/bin/cmake --install /home/mohamed/ws/build/serial
[24.262s] Level 1:colcon.colcon_core.environment:create_environment_scripts_only(serial)
[24.263s] DEBUG:colcon.colcon_core.event_handler.log_command:Invoked command in '/home/mohamed/ws/build/serial' returned '0': CMAKE_PREFIX_PATH=${CMAKE_PREFIX_PATH}:/home/mohamed/ros2_ws/install/serial_motor_demo:/opt/ros/humble /usr/bin/cmake --install /home/mohamed/ws/build/serial
[24.263s] Level 1:colcon.colcon_core.environment:checking '/home/mohamed/ws/install/serial' for CMake module files
[24.265s] Level 1:colcon.colcon_core.environment:checking '/home/mohamed/ws/install/serial' for CMake config files
[24.265s] Level 1:colcon.colcon_core.shell:create_environment_hook('serial', 'cmake_prefix_path')
[24.267s] INFO:colcon.colcon_core.shell:Creating environment hook '/home/mohamed/ws/install/serial/share/serial/hook/cmake_prefix_path.ps1'
[24.268s] INFO:colcon.colcon_core.shell:Creating environment descriptor '/home/mohamed/ws/install/serial/share/serial/hook/cmake_prefix_path.dsv'
[24.268s] INFO:colcon.colcon_core.shell:Creating environment hook '/home/mohamed/ws/install/serial/share/serial/hook/cmake_prefix_path.sh'
[24.269s] Level 1:colcon.colcon_core.environment:checking '/home/mohamed/ws/install/serial/lib'
[24.270s] Level 1:colcon.colcon_core.environment:checking '/home/mohamed/ws/install/serial/bin'
[24.270s] Level 1:colcon.colcon_core.environment:checking '/home/mohamed/ws/install/serial/lib/pkgconfig/serial.pc'
[24.271s] Level 1:colcon.colcon_core.environment:checking '/home/mohamed/ws/install/serial/lib/python3.10/site-packages'
[24.271s] Level 1:colcon.colcon_core.environment:checking '/home/mohamed/ws/install/serial/bin'
[24.272s] INFO:colcon.colcon_core.shell:Creating package script '/home/mohamed/ws/install/serial/share/serial/package.ps1'
[24.273s] INFO:colcon.colcon_core.shell:Creating package descriptor '/home/mohamed/ws/install/serial/share/serial/package.dsv'
[24.273s] INFO:colcon.colcon_core.shell:Creating package script '/home/mohamed/ws/install/serial/share/serial/package.sh'
[24.274s] INFO:colcon.colcon_core.shell:Creating package script '/home/mohamed/ws/install/serial/share/serial/package.bash'
[24.274s] INFO:colcon.colcon_core.shell:Creating package script '/home/mohamed/ws/install/serial/share/serial/package.zsh'
[24.275s] Level 1:colcon.colcon_core.environment:create_file_with_runtime_dependencies(/home/mohamed/ws/install/serial/share/colcon-core/packages/serial)
[24.350s] Level 1:colcon.colcon_core.environment:create_environment_scripts_only(serial)
[24.350s] Level 1:colcon.colcon_core.environment:checking '/home/mohamed/ws/install/serial' for CMake module files
[24.352s] Level 1:colcon.colcon_core.environment:checking '/home/mohamed/ws/install/serial' for CMake config files
[24.352s] Level 1:colcon.colcon_core.shell:create_environment_hook('serial', 'cmake_prefix_path')
[24.352s] INFO:colcon.colcon_core.shell:Creating environment hook '/home/mohamed/ws/install/serial/share/serial/hook/cmake_prefix_path.ps1'
[24.353s] INFO:colcon.colcon_core.shell:Creating environment descriptor '/home/mohamed/ws/install/serial/share/serial/hook/cmake_prefix_path.dsv'
[24.354s] INFO:colcon.colcon_core.shell:Creating environment hook '/home/mohamed/ws/install/serial/share/serial/hook/cmake_prefix_path.sh'
[24.355s] Level 1:colcon.colcon_core.environment:checking '/home/mohamed/ws/install/serial/lib'
[24.355s] Level 1:colcon.colcon_core.environment:checking '/home/mohamed/ws/install/serial/bin'
[24.355s] Level 1:colcon.colcon_core.environment:checking '/home/mohamed/ws/install/serial/lib/pkgconfig/serial.pc'
[24.356s] Level 1:colcon.colcon_core.environment:checking '/home/mohamed/ws/install/serial/lib/python3.10/site-packages'
[24.356s] Level 1:colcon.colcon_core.environment:checking '/home/mohamed/ws/install/serial/bin'
[24.357s] INFO:colcon.colcon_core.shell:Creating package script '/home/mohamed/ws/install/serial/share/serial/package.ps1'
[24.359s] INFO:colcon.colcon_core.shell:Creating package descriptor '/home/mohamed/ws/install/serial/share/serial/package.dsv'
[24.360s] INFO:colcon.colcon_core.shell:Creating package script '/home/mohamed/ws/install/serial/share/serial/package.sh'
[24.360s] INFO:colcon.colcon_core.shell:Creating package script '/home/mohamed/ws/install/serial/share/serial/package.bash'
[24.361s] INFO:colcon.colcon_core.shell:Creating package script '/home/mohamed/ws/install/serial/share/serial/package.zsh'
[24.362s] Level 1:colcon.colcon_core.environment:create_file_with_runtime_dependencies(/home/mohamed/ws/install/serial/share/colcon-core/packages/serial)
[24.362s] INFO:colcon.colcon_ros.task.ament_cmake.build:Building ROS package in '/home/mohamed/ws/src/diffdrive_arduino' with build type 'ament_cmake'
[24.363s] INFO:colcon.colcon_cmake.task.cmake.build:Building CMake package in '/home/mohamed/ws/src/diffdrive_arduino'
[24.363s] INFO:colcon.colcon_core.shell:Skip shell extension 'powershell' for command environment: Not usable outside of PowerShell
[24.363s] DEBUG:colcon.colcon_core.shell:Skip shell extension 'dsv' for command environment
[24.386s] DEBUG:colcon.colcon_core.event_handler.log_command:Invoking command in '/home/mohamed/ws/build/diffdrive_arduino': AMENT_PREFIX_PATH=/home/mohamed/ws/install/serial:${AMENT_PREFIX_PATH} CMAKE_PREFIX_PATH=/home/mohamed/ws/install/serial:/home/mohamed/ws/install/articubot_one:/home/mohamed/ros2_ws/install/serial_motor_demo_msgs:/home/mohamed/ros2_ws/install/diffdrive_arduino:/home/mohamed/ros2_ws/install/serial:/home/mohamed/ros2_ws/install/diff_bot:/home/mohamed/ros2_ws/install/articubot_one:/home/mohamed/ros2_ws/install/serial_motor_demo:/opt/ros/humble LD_LIBRARY_PATH=/home/mohamed/ws/install/serial/lib:${LD_LIBRARY_PATH} /usr/bin/cmake /home/mohamed/ws/src/diffdrive_arduino -DAMENT_CMAKE_SYMLINK_INSTALL=1 -DCMAKE_INSTALL_PREFIX=/home/mohamed/ws/install/diffdrive_arduino
[52.509s] DEBUG:colcon.colcon_core.event_handler.log_command:Invoked command in '/home/mohamed/ws/build/diffdrive_arduino' returned '0': AMENT_PREFIX_PATH=/home/mohamed/ws/install/serial:${AMENT_PREFIX_PATH} CMAKE_PREFIX_PATH=/home/mohamed/ws/install/serial:/home/mohamed/ws/install/articubot_one:/home/mohamed/ros2_ws/install/serial_motor_demo_msgs:/home/mohamed/ros2_ws/install/diffdrive_arduino:/home/mohamed/ros2_ws/install/serial:/home/mohamed/ros2_ws/install/diff_bot:/home/mohamed/ros2_ws/install/articubot_one:/home/mohamed/ros2_ws/install/serial_motor_demo:/opt/ros/humble LD_LIBRARY_PATH=/home/mohamed/ws/install/serial/lib:${LD_LIBRARY_PATH} /usr/bin/cmake /home/mohamed/ws/src/diffdrive_arduino -DAMENT_CMAKE_SYMLINK_INSTALL=1 -DCMAKE_INSTALL_PREFIX=/home/mohamed/ws/install/diffdrive_arduino
[52.512s] DEBUG:colcon.colcon_core.event_handler.log_command:Invoking command in '/home/mohamed/ws/build/diffdrive_arduino': AMENT_PREFIX_PATH=/home/mohamed/ws/install/serial:${AMENT_PREFIX_PATH} CMAKE_PREFIX_PATH=/home/mohamed/ws/install/serial:/home/mohamed/ws/install/articubot_one:/home/mohamed/ros2_ws/install/serial_motor_demo_msgs:/home/mohamed/ros2_ws/install/diffdrive_arduino:/home/mohamed/ros2_ws/install/serial:/home/mohamed/ros2_ws/install/diff_bot:/home/mohamed/ros2_ws/install/articubot_one:/home/mohamed/ros2_ws/install/serial_motor_demo:/opt/ros/humble LD_LIBRARY_PATH=/home/mohamed/ws/install/serial/lib:${LD_LIBRARY_PATH} /usr/bin/cmake --build /home/mohamed/ws/build/diffdrive_arduino -- -j4 -l4
[65.784s] DEBUG:colcon.colcon_core.event_handler.log_command:Invoked command in '/home/mohamed/ws/build/diffdrive_arduino' returned '0': AMENT_PREFIX_PATH=/home/mohamed/ws/install/serial:${AMENT_PREFIX_PATH} CMAKE_PREFIX_PATH=/home/mohamed/ws/install/serial:/home/mohamed/ws/install/articubot_one:/home/mohamed/ros2_ws/install/serial_motor_demo_msgs:/home/mohamed/ros2_ws/install/diffdrive_arduino:/home/mohamed/ros2_ws/install/serial:/home/mohamed/ros2_ws/install/diff_bot:/home/mohamed/ros2_ws/install/articubot_one:/home/mohamed/ros2_ws/install/serial_motor_demo:/opt/ros/humble LD_LIBRARY_PATH=/home/mohamed/ws/install/serial/lib:${LD_LIBRARY_PATH} /usr/bin/cmake --build /home/mohamed/ws/build/diffdrive_arduino -- -j4 -l4
[65.903s] DEBUG:colcon.colcon_core.event_handler.log_command:Invoking command in '/home/mohamed/ws/build/diffdrive_arduino': AMENT_PREFIX_PATH=/home/mohamed/ws/install/serial:${AMENT_PREFIX_PATH} CMAKE_PREFIX_PATH=/home/mohamed/ws/install/serial:/home/mohamed/ws/install/articubot_one:/home/mohamed/ros2_ws/install/serial_motor_demo_msgs:/home/mohamed/ros2_ws/install/diffdrive_arduino:/home/mohamed/ros2_ws/install/serial:/home/mohamed/ros2_ws/install/diff_bot:/home/mohamed/ros2_ws/install/articubot_one:/home/mohamed/ros2_ws/install/serial_motor_demo:/opt/ros/humble LD_LIBRARY_PATH=/home/mohamed/ws/install/serial/lib:${LD_LIBRARY_PATH} /usr/bin/cmake --install /home/mohamed/ws/build/diffdrive_arduino
[66.640s] Level 1:colcon.colcon_core.environment:create_environment_scripts_only(diffdrive_arduino)
[66.641s] Level 1:colcon.colcon_core.environment:checking '/home/mohamed/ws/install/diffdrive_arduino' for CMake module files
[66.642s] DEBUG:colcon.colcon_core.event_handler.log_command:Invoked command in '/home/mohamed/ws/build/diffdrive_arduino' returned '0': AMENT_PREFIX_PATH=/home/mohamed/ws/install/serial:${AMENT_PREFIX_PATH} CMAKE_PREFIX_PATH=/home/mohamed/ws/install/serial:/home/mohamed/ws/install/articubot_one:/home/mohamed/ros2_ws/install/serial_motor_demo_msgs:/home/mohamed/ros2_ws/install/diffdrive_arduino:/home/mohamed/ros2_ws/install/serial:/home/mohamed/ros2_ws/install/diff_bot:/home/mohamed/ros2_ws/install/articubot_one:/home/mohamed/ros2_ws/install/serial_motor_demo:/opt/ros/humble LD_LIBRARY_PATH=/home/mohamed/ws/install/serial/lib:${LD_LIBRARY_PATH} /usr/bin/cmake --install /home/mohamed/ws/build/diffdrive_arduino
[66.643s] Level 1:colcon.colcon_core.environment:checking '/home/mohamed/ws/install/diffdrive_arduino' for CMake config files
[66.643s] Level 1:colcon.colcon_core.shell:create_environment_hook('diffdrive_arduino', 'cmake_prefix_path')
[66.644s] INFO:colcon.colcon_core.shell:Creating environment hook '/home/mohamed/ws/install/diffdrive_arduino/share/diffdrive_arduino/hook/cmake_prefix_path.ps1'
[66.644s] INFO:colcon.colcon_core.shell:Creating environment descriptor '/home/mohamed/ws/install/diffdrive_arduino/share/diffdrive_arduino/hook/cmake_prefix_path.dsv'
[66.645s] INFO:colcon.colcon_core.shell:Creating environment hook '/home/mohamed/ws/install/diffdrive_arduino/share/diffdrive_arduino/hook/cmake_prefix_path.sh'
[66.646s] Level 1:colcon.colcon_core.environment:checking '/home/mohamed/ws/install/diffdrive_arduino/lib'
[66.647s] Level 1:colcon.colcon_core.shell:create_environment_hook('diffdrive_arduino', 'ld_library_path_lib')
[66.647s] INFO:colcon.colcon_core.shell:Creating environment hook '/home/mohamed/ws/install/diffdrive_arduino/share/diffdrive_arduino/hook/ld_library_path_lib.ps1'
[66.648s] INFO:colcon.colcon_core.shell:Creating environment descriptor '/home/mohamed/ws/install/diffdrive_arduino/share/diffdrive_arduino/hook/ld_library_path_lib.dsv'
[66.648s] INFO:colcon.colcon_core.shell:Creating environment hook '/home/mohamed/ws/install/diffdrive_arduino/share/diffdrive_arduino/hook/ld_library_path_lib.sh'
[66.649s] Level 1:colcon.colcon_core.environment:checking '/home/mohamed/ws/install/diffdrive_arduino/bin'
[66.649s] Level 1:colcon.colcon_core.environment:checking '/home/mohamed/ws/install/diffdrive_arduino/lib/pkgconfig/diffdrive_arduino.pc'
[66.649s] Level 1:colcon.colcon_core.environment:checking '/home/mohamed/ws/install/diffdrive_arduino/lib/python3.10/site-packages'
[66.650s] Level 1:colcon.colcon_core.environment:checking '/home/mohamed/ws/install/diffdrive_arduino/bin'
[66.651s] INFO:colcon.colcon_core.shell:Creating package script '/home/mohamed/ws/install/diffdrive_arduino/share/diffdrive_arduino/package.ps1'
[66.652s] INFO:colcon.colcon_core.shell:Creating package descriptor '/home/mohamed/ws/install/diffdrive_arduino/share/diffdrive_arduino/package.dsv'
[66.652s] INFO:colcon.colcon_core.shell:Creating package script '/home/mohamed/ws/install/diffdrive_arduino/share/diffdrive_arduino/package.sh'
[66.653s] INFO:colcon.colcon_core.shell:Creating package script '/home/mohamed/ws/install/diffdrive_arduino/share/diffdrive_arduino/package.bash'
[66.653s] INFO:colcon.colcon_core.shell:Creating package script '/home/mohamed/ws/install/diffdrive_arduino/share/diffdrive_arduino/package.zsh'
[66.654s] Level 1:colcon.colcon_core.environment:create_file_with_runtime_dependencies(/home/mohamed/ws/install/diffdrive_arduino/share/colcon-core/packages/diffdrive_arduino)
[66.732s] Level 1:colcon.colcon_core.environment:create_environment_scripts_only(diffdrive_arduino)
[66.733s] Level 1:colcon.colcon_core.environment:checking '/home/mohamed/ws/install/diffdrive_arduino' for CMake module files
[66.735s] Level 1:colcon.colcon_core.environment:checking '/home/mohamed/ws/install/diffdrive_arduino' for CMake config files
[66.736s] Level 1:colcon.colcon_core.shell:create_environment_hook('diffdrive_arduino', 'cmake_prefix_path')
[66.737s] INFO:colcon.colcon_core.shell:Creating environment hook '/home/mohamed/ws/install/diffdrive_arduino/share/diffdrive_arduino/hook/cmake_prefix_path.ps1'
[66.738s] INFO:colcon.colcon_core.shell:Creating environment descriptor '/home/mohamed/ws/install/diffdrive_arduino/share/diffdrive_arduino/hook/cmake_prefix_path.dsv'
[66.739s] INFO:colcon.colcon_core.shell:Creating environment hook '/home/mohamed/ws/install/diffdrive_arduino/share/diffdrive_arduino/hook/cmake_prefix_path.sh'
[66.740s] Level 1:colcon.colcon_core.environment:checking '/home/mohamed/ws/install/diffdrive_arduino/lib'
[66.740s] Level 1:colcon.colcon_core.shell:create_environment_hook('diffdrive_arduino', 'ld_library_path_lib')
[66.741s] INFO:colcon.colcon_core.shell:Creating environment hook '/home/mohamed/ws/install/diffdrive_arduino/share/diffdrive_arduino/hook/ld_library_path_lib.ps1'
[66.742s] INFO:colcon.colcon_core.shell:Creating environment descriptor '/home/mohamed/ws/install/diffdrive_arduino/share/diffdrive_arduino/hook/ld_library_path_lib.dsv'
[66.744s] INFO:colcon.colcon_core.shell:Creating environment hook '/home/mohamed/ws/install/diffdrive_arduino/share/diffdrive_arduino/hook/ld_library_path_lib.sh'
[66.745s] Level 1:colcon.colcon_core.environment:checking '/home/mohamed/ws/install/diffdrive_arduino/bin'
[66.746s] Level 1:colcon.colcon_core.environment:checking '/home/mohamed/ws/install/diffdrive_arduino/lib/pkgconfig/diffdrive_arduino.pc'
[66.746s] Level 1:colcon.colcon_core.environment:checking '/home/mohamed/ws/install/diffdrive_arduino/lib/python3.10/site-packages'
[66.747s] Level 1:colcon.colcon_core.environment:checking '/home/mohamed/ws/install/diffdrive_arduino/bin'
[66.748s] INFO:colcon.colcon_core.shell:Creating package script '/home/mohamed/ws/install/diffdrive_arduino/share/diffdrive_arduino/package.ps1'
[66.750s] INFO:colcon.colcon_core.shell:Creating package descriptor '/home/mohamed/ws/install/diffdrive_arduino/share/diffdrive_arduino/package.dsv'
[66.751s] INFO:colcon.colcon_core.shell:Creating package script '/home/mohamed/ws/install/diffdrive_arduino/share/diffdrive_arduino/package.sh'
[66.752s] INFO:colcon.colcon_core.shell:Creating package script '/home/mohamed/ws/install/diffdrive_arduino/share/diffdrive_arduino/package.bash'
[66.753s] INFO:colcon.colcon_core.shell:Creating package script '/home/mohamed/ws/install/diffdrive_arduino/share/diffdrive_arduino/package.zsh'
[66.754s] Level 1:colcon.colcon_core.environment:create_file_with_runtime_dependencies(/home/mohamed/ws/install/diffdrive_arduino/share/colcon-core/packages/diffdrive_arduino)
[66.755s] DEBUG:colcon.colcon_parallel_executor.executor.parallel:closing loop
[66.756s] DEBUG:colcon.colcon_parallel_executor.executor.parallel:loop closed
[66.757s] DEBUG:colcon.colcon_parallel_executor.executor.parallel:run_until_complete finished with '0'
[66.757s] DEBUG:colcon.colcon_core.event_reactor:joining thread
[66.790s] INFO:colcon.colcon_core.plugin_system:Skipping extension 'colcon_notification.desktop_notification.terminal_notifier': Not used on non-Darwin systems
[66.790s] INFO:colcon.colcon_core.plugin_system:Skipping extension 'colcon_notification.desktop_notification.win32': Not used on non-Windows systems
[66.790s] INFO:colcon.colcon_notification.desktop_notification:Sending desktop notification using 'notify2'
[66.818s] DEBUG:colcon.colcon_core.event_reactor:joined thread
[66.819s] INFO:colcon.colcon_core.shell:Creating prefix script '/home/mohamed/ws/install/local_setup.ps1'
[66.832s] INFO:colcon.colcon_core.shell:Creating prefix util module '/home/mohamed/ws/install/_local_setup_util_ps1.py'
[66.836s] INFO:colcon.colcon_core.shell:Creating prefix chain script '/home/mohamed/ws/install/setup.ps1'
[66.936s] INFO:colcon.colcon_core.shell:Creating prefix script '/home/mohamed/ws/install/local_setup.sh'
[66.938s] INFO:colcon.colcon_core.shell:Creating prefix util module '/home/mohamed/ws/install/_local_setup_util_sh.py'
[66.939s] INFO:colcon.colcon_core.shell:Creating prefix chain script '/home/mohamed/ws/install/setup.sh'
[66.942s] INFO:colcon.colcon_core.shell:Creating prefix script '/home/mohamed/ws/install/local_setup.bash'
[66.942s] INFO:colcon.colcon_core.shell:Creating prefix chain script '/home/mohamed/ws/install/setup.bash'
[66.945s] INFO:colcon.colcon_core.shell:Creating prefix script '/home/mohamed/ws/install/local_setup.zsh'
[66.946s] INFO:colcon.colcon_core.shell:Creating prefix chain script '/home/mohamed/ws/install/setup.zsh'
