[0.066s] Invoking command in '/home/mohamed/ws/build/serial': CMAKE_PREFIX_PATH=${CMAKE_PREFIX_PATH}:/home/mohamed/ros2_ws/install/serial_motor_demo:/opt/ros/humble /usr/bin/cmake --build /home/mohamed/ws/build/serial -- -j4 -l4
[1.018s] [ 14%] Built target gtest_main
[1.025s] [ 28%] Built target gtest
[1.026s] [ 57%] Built target serial
[1.087s] [ 71%] Built target serial_example
[1.097s] [ 85%] Built target serial-test
[1.119s] [100%] Built target serial-test-timer
[1.170s] Invoked command in '/home/mohamed/ws/build/serial' returned '0': CMAKE_PREFIX_PATH=${CMAKE_PREFIX_PATH}:/home/mohamed/ros2_ws/install/serial_motor_demo:/opt/ros/humble /usr/bin/cmake --build /home/mohamed/ws/build/serial -- -j4 -l4
[1.281s] Invoking command in '/home/mohamed/ws/build/serial': CMAKE_PREFIX_PATH=${CMAKE_PREFIX_PATH}:/home/mohamed/ros2_ws/install/serial_motor_demo:/opt/ros/humble /usr/bin/cmake --install /home/mohamed/ws/build/serial
[1.306s] -- Install configuration: ""
[1.307s] -- Execute custom install script
[1.308s] -- Up-to-date symlink: /home/mohamed/ws/install/serial/lib/libserial.a
[1.308s] -- Up-to-date symlink: /home/mohamed/ws/install/serial/include/serial/serial.h
[1.309s] -- Up-to-date symlink: /home/mohamed/ws/install/serial/include/serial/v8stdint.h
[1.309s] -- Up-to-date symlink: /home/mohamed/ws/install/serial/share/serial/environment/library_path.sh
[1.310s] -- Up-to-date symlink: /home/mohamed/ws/install/serial/share/serial/environment/library_path.dsv
[1.310s] -- Up-to-date symlink: /home/mohamed/ws/install/serial/share/ament_index/resource_index/package_run_dependencies/serial
[1.311s] -- Up-to-date symlink: /home/mohamed/ws/install/serial/share/ament_index/resource_index/parent_prefix_path/serial
[1.311s] -- Up-to-date symlink: /home/mohamed/ws/install/serial/share/serial/environment/ament_prefix_path.sh
[1.312s] -- Up-to-date symlink: /home/mohamed/ws/install/serial/share/serial/environment/ament_prefix_path.dsv
[1.312s] -- Up-to-date symlink: /home/mohamed/ws/install/serial/share/serial/environment/path.sh
[1.313s] -- Up-to-date symlink: /home/mohamed/ws/install/serial/share/serial/environment/path.dsv
[1.313s] -- Up-to-date symlink: /home/mohamed/ws/install/serial/share/serial/local_setup.bash
[1.314s] -- Up-to-date symlink: /home/mohamed/ws/install/serial/share/serial/local_setup.sh
[1.314s] -- Up-to-date symlink: /home/mohamed/ws/install/serial/share/serial/local_setup.zsh
[1.315s] -- Up-to-date symlink: /home/mohamed/ws/install/serial/share/serial/local_setup.dsv
[1.315s] -- Symlinking: /home/mohamed/ws/install/serial/share/serial/package.dsv
[1.339s] -- Up-to-date symlink: /home/mohamed/ws/install/serial/share/ament_index/resource_index/packages/serial
[1.339s] -- Up-to-date symlink: /home/mohamed/ws/install/serial/share/serial/cmake/ament_cmake_export_include_directories-extras.cmake
[1.339s] -- Up-to-date symlink: /home/mohamed/ws/install/serial/share/serial/cmake/ament_cmake_export_libraries-extras.cmake
[1.340s] -- Up-to-date symlink: /home/mohamed/ws/install/serial/share/serial/cmake/serialConfig.cmake
[1.340s] -- Up-to-date symlink: /home/mohamed/ws/install/serial/share/serial/cmake/serialConfig-version.cmake
[1.341s] -- Up-to-date symlink: /home/mohamed/ws/install/serial/share/serial/package.xml
[1.353s] Invoked command in '/home/mohamed/ws/build/serial' returned '0': CMAKE_PREFIX_PATH=${CMAKE_PREFIX_PATH}:/home/mohamed/ros2_ws/install/serial_motor_demo:/opt/ros/humble /usr/bin/cmake --install /home/mohamed/ws/build/serial
