[0.086s] Invoking command in '/home/mohamed/ws/build/articubot_one': CMAKE_PREFIX_PATH=${CMAKE_PREFIX_PATH}:/home/mohamed/ros2_ws/install/serial_motor_demo:/opt/ros/humble /usr/bin/cmake --build /home/mohamed/ws/build/articubot_one -- -j4 -l4
[0.144s] -- Found ament_cmake: 1.3.8 (/opt/ros/humble/share/ament_cmake/cmake)
[0.517s] -- Override CMake install command with custom implementation using symlinks instead of copying resources
[0.539s] -- Found ament_lint_auto: 0.12.10 (/opt/ros/humble/share/ament_lint_auto/cmake)
[0.769s] -- Added test 'copyright' to check source files copyright and LICENSE
[0.786s] -- Added test 'flake8' to check Python code syntax and style conventions
[0.788s] -- Added test 'lint_cmake' to check CMake code style
[0.790s] -- Added test 'pep257' to check Python code against some of the docstring style conventions in PEP 257
[0.797s] -- Added test 'xmllint' to check XML markup files
[0.800s] -- Configuring done
[0.815s] -- Generating done
[0.817s] -- Build files have been written to: /home/mohamed/ws/build/articubot_one
[0.885s] Invoked command in '/home/mohamed/ws/build/articubot_one' returned '0': CMAKE_PREFIX_PATH=${CMAKE_PREFIX_PATH}:/home/mohamed/ros2_ws/install/serial_motor_demo:/opt/ros/humble /usr/bin/cmake --build /home/mohamed/ws/build/articubot_one -- -j4 -l4
[0.932s] Invoking command in '/home/mohamed/ws/build/articubot_one': CMAKE_PREFIX_PATH=${CMAKE_PREFIX_PATH}:/home/mohamed/ros2_ws/install/serial_motor_demo:/opt/ros/humble /usr/bin/cmake --install /home/mohamed/ws/build/articubot_one
[0.951s] -- Install configuration: ""
[0.953s] -- Execute custom install script
[0.954s] -- Up-to-date symlink: /home/mohamed/ws/install/articubot_one/share/articubot_one/description/camera.xacro
[0.954s] -- Up-to-date symlink: /home/mohamed/ws/install/articubot_one/share/articubot_one/description/face.xacro
[0.955s] -- Up-to-date symlink: /home/mohamed/ws/install/articubot_one/share/articubot_one/description/gazebo_control.xacro
[0.955s] -- Up-to-date symlink: /home/mohamed/ws/install/articubot_one/share/articubot_one/description/inertial_macros.xacro
[0.955s] -- Up-to-date symlink: /home/mohamed/ws/install/articubot_one/share/articubot_one/description/lidar.xacro
[0.956s] -- Up-to-date symlink: /home/mohamed/ws/install/articubot_one/share/articubot_one/description/robot.urdf.xacro
[0.956s] -- Up-to-date symlink: /home/mohamed/ws/install/articubot_one/share/articubot_one/description/robot_core.xacro
[0.976s] -- Up-to-date symlink: /home/mohamed/ws/install/articubot_one/share/articubot_one/description/ros2_control.xacro
[0.977s] -- Symlinking: /home/mohamed/ws/install/articubot_one/share/articubot_one/config/main.rviz
[0.998s] -- Symlinking: /home/mohamed/ws/install/articubot_one/share/articubot_one/config/my_controllers.yaml
[1.032s] -- Symlinking: /home/mohamed/ws/install/articubot_one/share/articubot_one/config/twist_mux.yaml
[1.047s] -- Up-to-date symlink: /home/mohamed/ws/install/articubot_one/share/articubot_one/launch/launch_robot.launch.py
[1.048s] -- Up-to-date symlink: /home/mohamed/ws/install/articubot_one/share/articubot_one/launch/launch_sim.launch.py
[1.048s] -- Up-to-date symlink: /home/mohamed/ws/install/articubot_one/share/articubot_one/launch/rsp.launch.py
[1.049s] -- Up-to-date symlink: /home/mohamed/ws/install/articubot_one/share/articubot_one/worlds/empty.world
[1.049s] -- Up-to-date symlink: /home/mohamed/ws/install/articubot_one/share/articubot_one/worlds/obstacles.world
[1.050s] -- Up-to-date symlink: /home/mohamed/ws/install/articubot_one/share/ament_index/resource_index/package_run_dependencies/articubot_one
[1.051s] -- Up-to-date symlink: /home/mohamed/ws/install/articubot_one/share/ament_index/resource_index/parent_prefix_path/articubot_one
[1.051s] -- Up-to-date symlink: /home/mohamed/ws/install/articubot_one/share/articubot_one/environment/ament_prefix_path.sh
[1.052s] -- Up-to-date symlink: /home/mohamed/ws/install/articubot_one/share/articubot_one/environment/ament_prefix_path.dsv
[1.053s] -- Up-to-date symlink: /home/mohamed/ws/install/articubot_one/share/articubot_one/environment/path.sh
[1.054s] -- Up-to-date symlink: /home/mohamed/ws/install/articubot_one/share/articubot_one/environment/path.dsv
[1.054s] -- Up-to-date symlink: /home/mohamed/ws/install/articubot_one/share/articubot_one/local_setup.bash
[1.055s] -- Up-to-date symlink: /home/mohamed/ws/install/articubot_one/share/articubot_one/local_setup.sh
[1.056s] -- Up-to-date symlink: /home/mohamed/ws/install/articubot_one/share/articubot_one/local_setup.zsh
[1.057s] -- Up-to-date symlink: /home/mohamed/ws/install/articubot_one/share/articubot_one/local_setup.dsv
[1.057s] -- Symlinking: /home/mohamed/ws/install/articubot_one/share/articubot_one/package.dsv
[1.085s] -- Up-to-date symlink: /home/mohamed/ws/install/articubot_one/share/ament_index/resource_index/packages/articubot_one
[1.085s] -- Up-to-date symlink: /home/mohamed/ws/install/articubot_one/share/articubot_one/cmake/articubot_oneConfig.cmake
[1.086s] -- Up-to-date symlink: /home/mohamed/ws/install/articubot_one/share/articubot_one/cmake/articubot_oneConfig-version.cmake
[1.086s] -- Up-to-date symlink: /home/mohamed/ws/install/articubot_one/share/articubot_one/package.xml
[1.103s] Invoked command in '/home/mohamed/ws/build/articubot_one' returned '0': CMAKE_PREFIX_PATH=${CMAKE_PREFIX_PATH}:/home/mohamed/ros2_ws/install/serial_motor_demo:/opt/ros/humble /usr/bin/cmake --install /home/mohamed/ws/build/articubot_one
