[0.710s] DEBUG:colcon:Command line arguments: ['/usr/bin/colcon', 'list', '-p', '--base-paths', '/home/mohamed/ws']
[0.710s] DEBUG:colcon:Parsed command line arguments: Namespace(log_base=None, log_level=None, verb_name='list', build_base='build', ignore_user_meta=False, metas=['./colcon.meta'], base_paths=['/home/mohamed/ws'], packages_ignore=None, packages_ignore_regex=None, paths=None, packages_up_to=None, packages_up_to_regex=None, packages_above=None, packages_above_and_dependencies=None, packages_above_depth=None, packages_select_by_dep=None, packages_skip_by_dep=None, packages_skip_up_to=None, packages_select_build_failed=False, packages_skip_build_finished=False, packages_select_test_failures=False, packages_skip_test_passed=False, packages_select=None, packages_skip=None, packages_select_regex=None, packages_skip_regex=None, packages_start=None, packages_end=None, allow_overriding=[], topological_order=False, names_only=False, paths_only=True, topological_graph=False, topological_graph_dot=False, topological_graph_density=False, topological_graph_legend=False, topological_graph_dot_cluster=False, topological_graph_dot_include_skipped=False, mixin_files=None, mixin=None, verb_parser=<colcon_mixin.mixin.mixin_argument.MixinArgumentDecorator object at 0x7541dbb3f220>, verb_extension=<colcon_package_information.verb.list.ListVerb object at 0x7541dbb3e230>, main=<bound method ListVerb.main of <colcon_package_information.verb.list.ListVerb object at 0x7541dbb3e230>>, mixin_verb=('list',))
[2.272s] Level 1:colcon.colcon_core.package_discovery:discover_packages(colcon_meta) check parameters
[2.272s] Level 1:colcon.colcon_core.package_discovery:discover_packages(recursive) check parameters
[2.273s] Level 1:colcon.colcon_core.package_discovery:discover_packages(ignore) check parameters
[2.273s] Level 1:colcon.colcon_core.package_discovery:discover_packages(path) check parameters
[2.273s] Level 1:colcon.colcon_core.package_discovery:discover_packages(recursive) discover
[2.273s] INFO:colcon.colcon_core.package_discovery:Crawling recursively for packages in '/home/mohamed/ws'
[2.273s] Level 1:colcon.colcon_core.package_identification:_identify(/home/mohamed/ws) by extensions ['ignore', 'ignore_ament_install']
[2.273s] Level 1:colcon.colcon_core.package_identification:_identify(/home/mohamed/ws) by extension 'ignore'
[2.273s] Level 1:colcon.colcon_core.package_identification:_identify(/home/mohamed/ws) by extension 'ignore_ament_install'
[2.274s] Level 1:colcon.colcon_core.package_identification:_identify(/home/mohamed/ws) by extensions ['colcon_pkg']
[2.274s] Level 1:colcon.colcon_core.package_identification:_identify(/home/mohamed/ws) by extension 'colcon_pkg'
[2.274s] Level 1:colcon.colcon_core.package_identification:_identify(/home/mohamed/ws) by extensions ['colcon_meta']
[2.274s] Level 1:colcon.colcon_core.package_identification:_identify(/home/mohamed/ws) by extension 'colcon_meta'
[2.274s] Level 1:colcon.colcon_core.package_identification:_identify(/home/mohamed/ws) by extensions ['ros']
[2.274s] Level 1:colcon.colcon_core.package_identification:_identify(/home/mohamed/ws) by extension 'ros'
[2.355s] Level 1:colcon.colcon_core.package_identification:_identify(/home/mohamed/ws) by extensions ['cmake', 'python']
[2.356s] Level 1:colcon.colcon_core.package_identification:_identify(/home/mohamed/ws) by extension 'cmake'
[2.365s] Level 1:colcon.colcon_core.package_identification:_identify(/home/mohamed/ws) by extension 'python'
[2.365s] Level 1:colcon.colcon_core.package_identification:_identify(/home/mohamed/ws) by extensions ['python_setup_py']
[2.366s] Level 1:colcon.colcon_core.package_identification:_identify(/home/mohamed/ws) by extension 'python_setup_py'
[2.367s] Level 1:colcon.colcon_core.package_identification:_identify(/home/mohamed/ws/build) by extensions ['ignore', 'ignore_ament_install']
[2.367s] Level 1:colcon.colcon_core.package_identification:_identify(/home/mohamed/ws/build) by extension 'ignore'
[2.368s] Level 1:colcon.colcon_core.package_identification:_identify(/home/mohamed/ws/build) ignored
[2.369s] Level 1:colcon.colcon_core.package_identification:_identify(/home/mohamed/ws/install) by extensions ['ignore', 'ignore_ament_install']
[2.370s] Level 1:colcon.colcon_core.package_identification:_identify(/home/mohamed/ws/install) by extension 'ignore'
[2.370s] Level 1:colcon.colcon_core.package_identification:_identify(/home/mohamed/ws/install) ignored
[2.371s] Level 1:colcon.colcon_core.package_identification:_identify(/home/mohamed/ws/log) by extensions ['ignore', 'ignore_ament_install']
[2.372s] Level 1:colcon.colcon_core.package_identification:_identify(/home/mohamed/ws/log) by extension 'ignore'
[2.373s] Level 1:colcon.colcon_core.package_identification:_identify(/home/mohamed/ws/log) ignored
[2.374s] Level 1:colcon.colcon_core.package_identification:_identify(/home/mohamed/ws/src) by extensions ['ignore', 'ignore_ament_install']
[2.374s] Level 1:colcon.colcon_core.package_identification:_identify(/home/mohamed/ws/src) by extension 'ignore'
[2.375s] Level 1:colcon.colcon_core.package_identification:_identify(/home/mohamed/ws/src) by extension 'ignore_ament_install'
[2.375s] Level 1:colcon.colcon_core.package_identification:_identify(/home/mohamed/ws/src) by extensions ['colcon_pkg']
[2.376s] Level 1:colcon.colcon_core.package_identification:_identify(/home/mohamed/ws/src) by extension 'colcon_pkg'
[2.377s] Level 1:colcon.colcon_core.package_identification:_identify(/home/mohamed/ws/src) by extensions ['colcon_meta']
[2.377s] Level 1:colcon.colcon_core.package_identification:_identify(/home/mohamed/ws/src) by extension 'colcon_meta'
[2.378s] Level 1:colcon.colcon_core.package_identification:_identify(/home/mohamed/ws/src) by extensions ['ros']
[2.379s] Level 1:colcon.colcon_core.package_identification:_identify(/home/mohamed/ws/src) by extension 'ros'
[2.380s] Level 1:colcon.colcon_core.package_identification:_identify(/home/mohamed/ws/src) by extensions ['cmake', 'python']
[2.381s] Level 1:colcon.colcon_core.package_identification:_identify(/home/mohamed/ws/src) by extension 'cmake'
[2.382s] Level 1:colcon.colcon_core.package_identification:_identify(/home/mohamed/ws/src) by extension 'python'
[2.382s] Level 1:colcon.colcon_core.package_identification:_identify(/home/mohamed/ws/src) by extensions ['python_setup_py']
[2.383s] Level 1:colcon.colcon_core.package_identification:_identify(/home/mohamed/ws/src) by extension 'python_setup_py'
[2.383s] Level 1:colcon.colcon_core.package_identification:_identify(/home/mohamed/ws/src/articubot_one) by extensions ['ignore', 'ignore_ament_install']
[2.384s] Level 1:colcon.colcon_core.package_identification:_identify(/home/mohamed/ws/src/articubot_one) by extension 'ignore'
[2.385s] Level 1:colcon.colcon_core.package_identification:_identify(/home/mohamed/ws/src/articubot_one) by extension 'ignore_ament_install'
[2.385s] Level 1:colcon.colcon_core.package_identification:_identify(/home/mohamed/ws/src/articubot_one) by extensions ['colcon_pkg']
[2.386s] Level 1:colcon.colcon_core.package_identification:_identify(/home/mohamed/ws/src/articubot_one) by extension 'colcon_pkg'
[2.386s] Level 1:colcon.colcon_core.package_identification:_identify(/home/mohamed/ws/src/articubot_one) by extensions ['colcon_meta']
[2.387s] Level 1:colcon.colcon_core.package_identification:_identify(/home/mohamed/ws/src/articubot_one) by extension 'colcon_meta'
[2.387s] Level 1:colcon.colcon_core.package_identification:_identify(/home/mohamed/ws/src/articubot_one) by extensions ['ros']
[2.388s] Level 1:colcon.colcon_core.package_identification:_identify(/home/mohamed/ws/src/articubot_one) by extension 'ros'
[2.399s] DEBUG:colcon.colcon_core.package_identification:Package '/home/mohamed/ws/src/articubot_one' with type 'ros.ament_cmake' and name 'articubot_one'
[2.399s] Level 1:colcon.colcon_core.package_discovery:discover_packages(recursive) using defaults
