[0.043s] Invoking command in '/home/mohamed/ws/build/serial': CMAKE_PREFIX_PATH=${CMAKE_PREFIX_PATH}:/home/mohamed/ros2_ws/install/serial_motor_demo:/opt/ros/humble /usr/bin/cmake --build /home/mohamed/ws/build/serial -- -j4 -l4
[0.199s] [ 28%] Built target serial
[0.199s] [ 42%] Built target gtest
[0.200s] [ 57%] Built target gtest_main
[0.272s] [ 71%] Built target serial_example
[0.274s] [ 85%] Built target serial-test
[0.287s] [100%] Built target serial-test-timer
[0.313s] Invoked command in '/home/mohamed/ws/build/serial' returned '0': CMAKE_PREFIX_PATH=${CMAKE_PREFIX_PATH}:/home/mohamed/ros2_ws/install/serial_motor_demo:/opt/ros/humble /usr/bin/cmake --build /home/mohamed/ws/build/serial -- -j4 -l4
[0.411s] Invoking command in '/home/mohamed/ws/build/serial': CMAKE_PREFIX_PATH=${CMAKE_PREFIX_PATH}:/home/mohamed/ros2_ws/install/serial_motor_demo:/opt/ros/humble /usr/bin/cmake --install /home/mohamed/ws/build/serial
[0.430s] -- Install configuration: ""
[0.441s] -- Execute custom install script
[0.444s] -- Up-to-date symlink: /home/mohamed/ws/install/serial/lib/libserial.a
[0.446s] -- Up-to-date symlink: /home/mohamed/ws/install/serial/include/serial/serial.h
[0.447s] -- Up-to-date symlink: /home/mohamed/ws/install/serial/include/serial/v8stdint.h
[0.449s] -- Up-to-date symlink: /home/mohamed/ws/install/serial/share/serial/environment/library_path.sh
[0.449s] -- Up-to-date symlink: /home/mohamed/ws/install/serial/share/serial/environment/library_path.dsv
[0.449s] -- Up-to-date symlink: /home/mohamed/ws/install/serial/share/ament_index/resource_index/package_run_dependencies/serial
[0.450s] -- Up-to-date symlink: /home/mohamed/ws/install/serial/share/ament_index/resource_index/parent_prefix_path/serial
[0.450s] -- Up-to-date symlink: /home/mohamed/ws/install/serial/share/serial/environment/ament_prefix_path.sh
[0.450s] -- Up-to-date symlink: /home/mohamed/ws/install/serial/share/serial/environment/ament_prefix_path.dsv
[0.450s] -- Up-to-date symlink: /home/mohamed/ws/install/serial/share/serial/environment/path.sh
[0.450s] -- Up-to-date symlink: /home/mohamed/ws/install/serial/share/serial/environment/path.dsv
[0.450s] -- Up-to-date symlink: /home/mohamed/ws/install/serial/share/serial/local_setup.bash
[0.450s] -- Up-to-date symlink: /home/mohamed/ws/install/serial/share/serial/local_setup.sh
[0.451s] -- Up-to-date symlink: /home/mohamed/ws/install/serial/share/serial/local_setup.zsh
[0.451s] -- Up-to-date symlink: /home/mohamed/ws/install/serial/share/serial/local_setup.dsv
[0.451s] -- Symlinking: /home/mohamed/ws/install/serial/share/serial/package.dsv
[0.465s] -- Up-to-date symlink: /home/mohamed/ws/install/serial/share/ament_index/resource_index/packages/serial
[0.466s] -- Up-to-date symlink: /home/mohamed/ws/install/serial/share/serial/cmake/ament_cmake_export_include_directories-extras.cmake
[0.467s] -- Up-to-date symlink: /home/mohamed/ws/install/serial/share/serial/cmake/ament_cmake_export_libraries-extras.cmake
[0.468s] -- Up-to-date symlink: /home/mohamed/ws/install/serial/share/serial/cmake/serialConfig.cmake
[0.468s] -- Up-to-date symlink: /home/mohamed/ws/install/serial/share/serial/cmake/serialConfig-version.cmake
[0.469s] -- Up-to-date symlink: /home/mohamed/ws/install/serial/share/serial/package.xml
[0.475s] Invoked command in '/home/mohamed/ws/build/serial' returned '0': CMAKE_PREFIX_PATH=${CMAKE_PREFIX_PATH}:/home/mohamed/ros2_ws/install/serial_motor_demo:/opt/ros/humble /usr/bin/cmake --install /home/mohamed/ws/build/serial
