[0.074s] Invoking command in '/home/mohamed/ws/build/serial': CMAKE_PREFIX_PATH=${CMAKE_PREFIX_PATH}:/home/mohamed/ros2_ws/install/serial_motor_demo:/opt/ros/humble /usr/bin/cmake --build /home/mohamed/ws/build/serial -- -j4 -l4
[0.265s] [35m[1mConsolidate compiler generated dependencies of target gtest[0m
[0.279s] [35m[1mConsolidate compiler generated dependencies of target serial[0m
[0.303s] [35m[1mConsolidate compiler generated dependencies of target gtest_main[0m
[0.334s] [ 14%] Built target gtest
[0.344s] [ 28%] Built target gtest_main
[0.353s] [ 57%] Built target serial
[0.379s] [35m[1mConsolidate compiler generated dependencies of target serial_example[0m
[0.389s] [35m[1mConsolidate compiler generated dependencies of target serial-test[0m
[0.396s] [35m[1mConsolidate compiler generated dependencies of target serial-test-timer[0m
[0.429s] [ 71%] Built target serial_example
[0.443s] [ 85%] Built target serial-test
[0.451s] [100%] Built target serial-test-timer
[0.477s] Invoked command in '/home/mohamed/ws/build/serial' returned '0': CMAKE_PREFIX_PATH=${CMAKE_PREFIX_PATH}:/home/mohamed/ros2_ws/install/serial_motor_demo:/opt/ros/humble /usr/bin/cmake --build /home/mohamed/ws/build/serial -- -j4 -l4
[0.603s] Invoking command in '/home/mohamed/ws/build/serial': CMAKE_PREFIX_PATH=${CMAKE_PREFIX_PATH}:/home/mohamed/ros2_ws/install/serial_motor_demo:/opt/ros/humble /usr/bin/cmake --install /home/mohamed/ws/build/serial
[0.630s] -- Install configuration: ""
[0.633s] -- Execute custom install script
[0.634s] -- Up-to-date symlink: /home/mohamed/ws/install/serial/lib/libserial.a
[0.638s] -- Up-to-date symlink: /home/mohamed/ws/install/serial/include/serial/serial.h
[0.640s] -- Up-to-date symlink: /home/mohamed/ws/install/serial/include/serial/v8stdint.h
[0.642s] -- Up-to-date symlink: /home/mohamed/ws/install/serial/share/serial/environment/library_path.sh
[0.642s] -- Up-to-date symlink: /home/mohamed/ws/install/serial/share/serial/environment/library_path.dsv
[0.643s] -- Up-to-date symlink: /home/mohamed/ws/install/serial/share/ament_index/resource_index/package_run_dependencies/serial
[0.655s] -- Up-to-date symlink: /home/mohamed/ws/install/serial/share/ament_index/resource_index/parent_prefix_path/serial
[0.657s] -- Up-to-date symlink: /home/mohamed/ws/install/serial/share/serial/environment/ament_prefix_path.sh
[0.658s] -- Up-to-date symlink: /home/mohamed/ws/install/serial/share/serial/environment/ament_prefix_path.dsv
[0.659s] -- Up-to-date symlink: /home/mohamed/ws/install/serial/share/serial/environment/path.sh
[0.660s] -- Up-to-date symlink: /home/mohamed/ws/install/serial/share/serial/environment/path.dsv
[0.661s] -- Up-to-date symlink: /home/mohamed/ws/install/serial/share/serial/local_setup.bash
[0.662s] -- Up-to-date symlink: /home/mohamed/ws/install/serial/share/serial/local_setup.sh
[0.663s] -- Up-to-date symlink: /home/mohamed/ws/install/serial/share/serial/local_setup.zsh
[0.664s] -- Up-to-date symlink: /home/mohamed/ws/install/serial/share/serial/local_setup.dsv
[0.665s] -- Symlinking: /home/mohamed/ws/install/serial/share/serial/package.dsv
[0.689s] -- Up-to-date symlink: /home/mohamed/ws/install/serial/share/ament_index/resource_index/packages/serial
[0.690s] -- Up-to-date symlink: /home/mohamed/ws/install/serial/share/serial/cmake/ament_cmake_export_include_directories-extras.cmake
[0.691s] -- Up-to-date symlink: /home/mohamed/ws/install/serial/share/serial/cmake/ament_cmake_export_libraries-extras.cmake
[0.693s] -- Up-to-date symlink: /home/mohamed/ws/install/serial/share/serial/cmake/serialConfig.cmake
[0.694s] -- Up-to-date symlink: /home/mohamed/ws/install/serial/share/serial/cmake/serialConfig-version.cmake
[0.695s] -- Up-to-date symlink: /home/mohamed/ws/install/serial/share/serial/package.xml
[0.701s] Invoked command in '/home/mohamed/ws/build/serial' returned '0': CMAKE_PREFIX_PATH=${CMAKE_PREFIX_PATH}:/home/mohamed/ros2_ws/install/serial_motor_demo:/opt/ros/humble /usr/bin/cmake --install /home/mohamed/ws/build/serial
